2024-09-11 15:51:25,159:WARNING:
'cuml' is a soft dependency and not included in the pycaret installation. Please run: `pip install cuml` to install.
2024-09-11 15:51:25,159:WARNING:
'cuml' is a soft dependency and not included in the pycaret installation. Please run: `pip install cuml` to install.
2024-09-11 15:51:25,159:WARNING:
'cuml' is a soft dependency and not included in the pycaret installation. Please run: `pip install cuml` to install.
2024-09-11 15:51:25,159:WARNING:
'cuml' is a soft dependency and not included in the pycaret installation. Please run: `pip install cuml` to install.
2024-09-11 15:51:26,323:INFO:PyCaret RegressionExperiment
2024-09-11 15:51:26,323:INFO:Logging name: reg-default-name
2024-09-11 15:51:26,323:INFO:ML Usecase: MLUsecase.REGRESSION
2024-09-11 15:51:26,323:INFO:version 3.3.2
2024-09-11 15:51:26,323:INFO:Initializing setup()
2024-09-11 15:51:26,323:INFO:self.USI: 320f
2024-09-11 15:51:26,324:INFO:self._variable_keys: {'seed', 'log_plots_param', 'n_jobs_param', 'idx', 'y', 'pipeline', 'data', 'X', 'fold_generator', 'gpu_n_jobs_param', 'X_train', 'y_test', 'X_test', '_available_plots', 'y_train', 'USI', 'transform_target_param', 'exp_id', 'fold_shuffle_param', 'fold_groups_param', '_ml_usecase', 'gpu_param', 'exp_name_log', 'html_param', 'memory', 'target_param', 'logging_param'}
2024-09-11 15:51:26,324:INFO:Checking environment
2024-09-11 15:51:26,324:INFO:python_version: 3.10.13
2024-09-11 15:51:26,324:INFO:python_build: ('main', 'Jan 10 2024 19:45:45')
2024-09-11 15:51:26,324:INFO:machine: x86_64
2024-09-11 15:51:26,324:INFO:platform: Linux-6.5.0-1025-azure-x86_64-with-glibc2.31
2024-09-11 15:51:26,325:INFO:Memory: svmem(total=8314740736, available=3538001920, percent=57.4, used=4383330304, free=229212160, active=4428079104, inactive=3031740416, buffers=207609856, cached=3494588416, shared=63152128, slab=446504960)
2024-09-11 15:51:26,325:INFO:Physical Core: 1
2024-09-11 15:51:26,325:INFO:Logical Core: 2
2024-09-11 15:51:26,326:INFO:Checking libraries
2024-09-11 15:51:26,326:INFO:System:
2024-09-11 15:51:26,326:INFO:    python: 3.10.13 (main, Jan 10 2024, 19:45:45) [GCC 9.4.0]
2024-09-11 15:51:26,328:INFO:executable: /home/codespace/.python/current/bin/python
2024-09-11 15:51:26,328:INFO:   machine: Linux-6.5.0-1025-azure-x86_64-with-glibc2.31
2024-09-11 15:51:26,329:INFO:PyCaret required dependencies:
2024-09-11 15:51:27,078:INFO:                 pip: 24.0
2024-09-11 15:51:27,078:INFO:          setuptools: 68.2.2
2024-09-11 15:51:27,078:INFO:             pycaret: 3.3.2
2024-09-11 15:51:27,078:INFO:             IPython: 8.20.0
2024-09-11 15:51:27,079:INFO:          ipywidgets: 8.1.5
2024-09-11 15:51:27,079:INFO:                tqdm: 4.66.5
2024-09-11 15:51:27,079:INFO:               numpy: 1.26.3
2024-09-11 15:51:27,079:INFO:              pandas: 2.1.4
2024-09-11 15:51:27,079:INFO:              jinja2: 3.1.2
2024-09-11 15:51:27,079:INFO:               scipy: 1.11.4
2024-09-11 15:51:27,080:INFO:              joblib: 1.3.2
2024-09-11 15:51:27,080:INFO:             sklearn: 1.4.2
2024-09-11 15:51:27,080:INFO:                pyod: 2.0.2
2024-09-11 15:51:27,080:INFO:            imblearn: 0.12.3
2024-09-11 15:51:27,080:INFO:   category_encoders: 2.6.3
2024-09-11 15:51:27,080:INFO:            lightgbm: 4.5.0
2024-09-11 15:51:27,080:INFO:               numba: 0.60.0
2024-09-11 15:51:27,080:INFO:            requests: 2.31.0
2024-09-11 15:51:27,081:INFO:          matplotlib: 3.7.5
2024-09-11 15:51:27,081:INFO:          scikitplot: 0.3.7
2024-09-11 15:51:27,090:INFO:         yellowbrick: 1.5
2024-09-11 15:51:27,090:INFO:              plotly: 5.18.0
2024-09-11 15:51:27,090:INFO:    plotly-resampler: Not installed
2024-09-11 15:51:27,090:INFO:             kaleido: 0.2.1
2024-09-11 15:51:27,091:INFO:           schemdraw: 0.15
2024-09-11 15:51:27,091:INFO:         statsmodels: 0.14.1
2024-09-11 15:51:27,091:INFO:              sktime: 0.26.0
2024-09-11 15:51:27,092:INFO:               tbats: 1.1.3
2024-09-11 15:51:27,092:INFO:            pmdarima: 2.0.4
2024-09-11 15:51:27,092:INFO:              psutil: 5.9.7
2024-09-11 15:51:27,092:INFO:          markupsafe: 2.1.3
2024-09-11 15:51:27,092:INFO:             pickle5: Not installed
2024-09-11 15:51:27,098:INFO:         cloudpickle: 3.0.0
2024-09-11 15:51:27,098:INFO:         deprecation: 2.1.0
2024-09-11 15:51:27,098:INFO:              xxhash: 3.5.0
2024-09-11 15:51:27,098:INFO:           wurlitzer: 3.1.1
2024-09-11 15:51:27,098:INFO:PyCaret optional dependencies:
2024-09-11 15:51:27,606:INFO:                shap: Not installed
2024-09-11 15:51:27,606:INFO:           interpret: Not installed
2024-09-11 15:51:27,607:INFO:                umap: Not installed
2024-09-11 15:51:27,607:INFO:     ydata_profiling: Not installed
2024-09-11 15:51:27,607:INFO:  explainerdashboard: Not installed
2024-09-11 15:51:27,607:INFO:             autoviz: Not installed
2024-09-11 15:51:27,607:INFO:           fairlearn: Not installed
2024-09-11 15:51:27,607:INFO:          deepchecks: Not installed
2024-09-11 15:51:27,607:INFO:             xgboost: Not installed
2024-09-11 15:51:27,608:INFO:            catboost: Not installed
2024-09-11 15:51:27,608:INFO:              kmodes: Not installed
2024-09-11 15:51:27,608:INFO:             mlxtend: Not installed
2024-09-11 15:51:27,608:INFO:       statsforecast: Not installed
2024-09-11 15:51:27,608:INFO:        tune_sklearn: Not installed
2024-09-11 15:51:27,608:INFO:                 ray: Not installed
2024-09-11 15:51:27,608:INFO:            hyperopt: Not installed
2024-09-11 15:51:27,609:INFO:              optuna: Not installed
2024-09-11 15:51:27,609:INFO:               skopt: Not installed
2024-09-11 15:51:27,609:INFO:              mlflow: Not installed
2024-09-11 15:51:27,609:INFO:              gradio: Not installed
2024-09-11 15:51:27,609:INFO:             fastapi: Not installed
2024-09-11 15:51:27,609:INFO:             uvicorn: Not installed
2024-09-11 15:51:27,609:INFO:              m2cgen: Not installed
2024-09-11 15:51:27,610:INFO:           evidently: Not installed
2024-09-11 15:51:27,610:INFO:               fugue: Not installed
2024-09-11 15:51:27,610:INFO:           streamlit: 1.35.0
2024-09-11 15:51:27,610:INFO:             prophet: Not installed
2024-09-11 15:51:27,610:INFO:None
2024-09-11 15:51:27,610:INFO:Set up data.
2024-09-11 15:51:27,714:INFO:Set up folding strategy.
2024-09-11 15:51:27,714:INFO:Set up train/test split.
2024-09-11 15:51:27,747:INFO:Set up index.
2024-09-11 15:51:27,754:INFO:Assigning column types.
2024-09-11 15:51:27,757:INFO:Engine successfully changes for model 'lr' to 'sklearn'.
2024-09-11 15:51:27,775:INFO:Engine for model 'lasso' has not been set explicitly, hence returning None.
2024-09-11 15:51:27,795:INFO:Engine for model 'ridge' has not been set explicitly, hence returning None.
2024-09-11 15:51:27,810:INFO:Engine for model 'en' has not been set explicitly, hence returning None.
2024-09-11 15:51:27,998:INFO:Engine for model 'svm' has not been set explicitly, hence returning None.
2024-09-11 15:51:28,194:INFO:Engine for model 'knn' has not been set explicitly, hence returning None.
2024-09-11 15:51:28,195:WARNING:
'xgboost' is a soft dependency and not included in the pycaret installation. Please run: `pip install xgboost` to install.
Alternately, you can install this by running `pip install pycaret[models]`
2024-09-11 15:51:28,196:WARNING:
'catboost' is a soft dependency and not included in the pycaret installation. Please run: `pip install catboost` to install.
Alternately, you can install this by running `pip install pycaret[models]`
2024-09-11 15:51:28,196:INFO:Engine for model 'lasso' has not been set explicitly, hence returning None.
2024-09-11 15:51:28,230:INFO:Engine for model 'ridge' has not been set explicitly, hence returning None.
2024-09-11 15:51:28,242:INFO:Engine for model 'en' has not been set explicitly, hence returning None.
2024-09-11 15:51:28,561:INFO:Engine for model 'svm' has not been set explicitly, hence returning None.
2024-09-11 15:51:28,610:INFO:Engine for model 'knn' has not been set explicitly, hence returning None.
2024-09-11 15:51:28,611:WARNING:
'xgboost' is a soft dependency and not included in the pycaret installation. Please run: `pip install xgboost` to install.
Alternately, you can install this by running `pip install pycaret[models]`
2024-09-11 15:51:28,611:WARNING:
'catboost' is a soft dependency and not included in the pycaret installation. Please run: `pip install catboost` to install.
Alternately, you can install this by running `pip install pycaret[models]`
2024-09-11 15:51:28,611:INFO:Engine successfully changes for model 'lasso' to 'sklearn'.
2024-09-11 15:51:28,617:INFO:Engine for model 'ridge' has not been set explicitly, hence returning None.
2024-09-11 15:51:28,623:INFO:Engine for model 'en' has not been set explicitly, hence returning None.
2024-09-11 15:51:28,793:INFO:Engine for model 'svm' has not been set explicitly, hence returning None.
2024-09-11 15:51:28,923:INFO:Engine for model 'knn' has not been set explicitly, hence returning None.
2024-09-11 15:51:28,934:WARNING:
'xgboost' is a soft dependency and not included in the pycaret installation. Please run: `pip install xgboost` to install.
Alternately, you can install this by running `pip install pycaret[models]`
2024-09-11 15:51:28,937:WARNING:
'catboost' is a soft dependency and not included in the pycaret installation. Please run: `pip install catboost` to install.
Alternately, you can install this by running `pip install pycaret[models]`
2024-09-11 15:51:28,960:INFO:Engine for model 'ridge' has not been set explicitly, hence returning None.
2024-09-11 15:51:28,977:INFO:Engine for model 'en' has not been set explicitly, hence returning None.
2024-09-11 15:51:29,186:INFO:Engine for model 'svm' has not been set explicitly, hence returning None.
2024-09-11 15:51:29,228:INFO:Engine for model 'knn' has not been set explicitly, hence returning None.
2024-09-11 15:51:29,228:WARNING:
'xgboost' is a soft dependency and not included in the pycaret installation. Please run: `pip install xgboost` to install.
Alternately, you can install this by running `pip install pycaret[models]`
2024-09-11 15:51:29,229:WARNING:
'catboost' is a soft dependency and not included in the pycaret installation. Please run: `pip install catboost` to install.
Alternately, you can install this by running `pip install pycaret[models]`
2024-09-11 15:51:29,229:INFO:Engine successfully changes for model 'ridge' to 'sklearn'.
2024-09-11 15:51:29,237:INFO:Engine for model 'en' has not been set explicitly, hence returning None.
2024-09-11 15:51:29,311:INFO:Engine for model 'svm' has not been set explicitly, hence returning None.
2024-09-11 15:51:29,393:INFO:Engine for model 'knn' has not been set explicitly, hence returning None.
2024-09-11 15:51:29,395:WARNING:
'xgboost' is a soft dependency and not included in the pycaret installation. Please run: `pip install xgboost` to install.
Alternately, you can install this by running `pip install pycaret[models]`
2024-09-11 15:51:29,397:WARNING:
'catboost' is a soft dependency and not included in the pycaret installation. Please run: `pip install catboost` to install.
Alternately, you can install this by running `pip install pycaret[models]`
2024-09-11 15:51:29,421:INFO:Engine for model 'en' has not been set explicitly, hence returning None.
2024-09-11 15:51:29,595:INFO:Engine for model 'svm' has not been set explicitly, hence returning None.
2024-09-11 15:51:29,729:INFO:Engine for model 'knn' has not been set explicitly, hence returning None.
2024-09-11 15:51:29,732:WARNING:
'xgboost' is a soft dependency and not included in the pycaret installation. Please run: `pip install xgboost` to install.
Alternately, you can install this by running `pip install pycaret[models]`
2024-09-11 15:51:29,732:WARNING:
'catboost' is a soft dependency and not included in the pycaret installation. Please run: `pip install catboost` to install.
Alternately, you can install this by running `pip install pycaret[models]`
2024-09-11 15:51:29,733:INFO:Engine successfully changes for model 'en' to 'sklearn'.
2024-09-11 15:51:29,804:INFO:Engine for model 'svm' has not been set explicitly, hence returning None.
2024-09-11 15:51:29,860:INFO:Engine for model 'knn' has not been set explicitly, hence returning None.
2024-09-11 15:51:29,861:WARNING:
'xgboost' is a soft dependency and not included in the pycaret installation. Please run: `pip install xgboost` to install.
Alternately, you can install this by running `pip install pycaret[models]`
2024-09-11 15:51:29,861:WARNING:
'catboost' is a soft dependency and not included in the pycaret installation. Please run: `pip install catboost` to install.
Alternately, you can install this by running `pip install pycaret[models]`
2024-09-11 15:51:29,929:INFO:Engine for model 'svm' has not been set explicitly, hence returning None.
2024-09-11 15:51:29,971:INFO:Engine for model 'knn' has not been set explicitly, hence returning None.
2024-09-11 15:51:29,972:WARNING:
'xgboost' is a soft dependency and not included in the pycaret installation. Please run: `pip install xgboost` to install.
Alternately, you can install this by running `pip install pycaret[models]`
2024-09-11 15:51:29,972:WARNING:
'catboost' is a soft dependency and not included in the pycaret installation. Please run: `pip install catboost` to install.
Alternately, you can install this by running `pip install pycaret[models]`
2024-09-11 15:51:29,972:INFO:Engine successfully changes for model 'knn' to 'sklearn'.
2024-09-11 15:51:30,074:INFO:Engine for model 'svm' has not been set explicitly, hence returning None.
2024-09-11 15:51:30,154:WARNING:
'xgboost' is a soft dependency and not included in the pycaret installation. Please run: `pip install xgboost` to install.
Alternately, you can install this by running `pip install pycaret[models]`
2024-09-11 15:51:30,154:WARNING:
'catboost' is a soft dependency and not included in the pycaret installation. Please run: `pip install catboost` to install.
Alternately, you can install this by running `pip install pycaret[models]`
2024-09-11 15:51:30,239:INFO:Engine for model 'svm' has not been set explicitly, hence returning None.
2024-09-11 15:51:30,381:WARNING:
'xgboost' is a soft dependency and not included in the pycaret installation. Please run: `pip install xgboost` to install.
Alternately, you can install this by running `pip install pycaret[models]`
2024-09-11 15:51:30,381:WARNING:
'catboost' is a soft dependency and not included in the pycaret installation. Please run: `pip install catboost` to install.
Alternately, you can install this by running `pip install pycaret[models]`
2024-09-11 15:51:30,382:INFO:Engine successfully changes for model 'svm' to 'sklearn'.
2024-09-11 15:51:30,572:WARNING:
'xgboost' is a soft dependency and not included in the pycaret installation. Please run: `pip install xgboost` to install.
Alternately, you can install this by running `pip install pycaret[models]`
2024-09-11 15:51:30,573:WARNING:
'catboost' is a soft dependency and not included in the pycaret installation. Please run: `pip install catboost` to install.
Alternately, you can install this by running `pip install pycaret[models]`
2024-09-11 15:51:30,696:WARNING:
'xgboost' is a soft dependency and not included in the pycaret installation. Please run: `pip install xgboost` to install.
Alternately, you can install this by running `pip install pycaret[models]`
2024-09-11 15:51:30,696:WARNING:
'catboost' is a soft dependency and not included in the pycaret installation. Please run: `pip install catboost` to install.
Alternately, you can install this by running `pip install pycaret[models]`
2024-09-11 15:51:30,698:INFO:Preparing preprocessing pipeline...
2024-09-11 15:51:30,698:INFO:Set up date feature engineering.
2024-09-11 15:51:30,699:INFO:Set up simple imputation.
2024-09-11 15:51:30,699:INFO:Set up column name cleaning.
2024-09-11 15:51:30,721:INFO:Finished creating preprocessing pipeline.
2024-09-11 15:51:30,767:INFO:Pipeline: Pipeline(memory=FastMemory(location=/tmp/joblib),
         steps=[('date_feature_extractor',
                 TransformerWrapper(include=['Period'],
                                    transformer=ExtractDateTimeFeatures())),
                ('numerical_imputer',
                 TransformerWrapper(include=[], transformer=SimpleImputer())),
                ('categorical_imputer',
                 TransformerWrapper(include=[],
                                    transformer=SimpleImputer(strategy='most_frequent'))),
                ('clean_column_names',
                 TransformerWrapper(transformer=CleanColumnNames()))])
2024-09-11 15:51:30,767:INFO:Creating final display dataframe.
2024-09-11 15:51:30,854:INFO:Setup _display_container:                     Description                             Value
0                    Session id                               123
1                        Target  Average price All property types
2                   Target type                        Regression
3           Original data shape                           (72, 2)
4        Transformed data shape                           (72, 4)
5   Transformed train set shape                           (50, 4)
6    Transformed test set shape                           (22, 4)
7                 Date features                                 1
8                    Preprocess                              True
9               Imputation type                            simple
10           Numeric imputation                              mean
11       Categorical imputation                              mode
12               Fold Generator                   TimeSeriesSplit
13                  Fold Number                                 2
14                     CPU Jobs                                -1
15                      Use GPU                             False
16               Log Experiment                             False
17              Experiment Name                  reg-default-name
18                          USI                              320f
2024-09-11 15:51:31,114:WARNING:
'xgboost' is a soft dependency and not included in the pycaret installation. Please run: `pip install xgboost` to install.
Alternately, you can install this by running `pip install pycaret[models]`
2024-09-11 15:51:31,114:WARNING:
'catboost' is a soft dependency and not included in the pycaret installation. Please run: `pip install catboost` to install.
Alternately, you can install this by running `pip install pycaret[models]`
2024-09-11 15:51:31,514:WARNING:
'xgboost' is a soft dependency and not included in the pycaret installation. Please run: `pip install xgboost` to install.
Alternately, you can install this by running `pip install pycaret[models]`
2024-09-11 15:51:31,514:WARNING:
'catboost' is a soft dependency and not included in the pycaret installation. Please run: `pip install catboost` to install.
Alternately, you can install this by running `pip install pycaret[models]`
2024-09-11 15:51:31,515:INFO:setup() successfully completed in 5.19s...............
2024-09-11 15:51:31,516:INFO:Initializing compare_models()
2024-09-11 15:51:31,516:INFO:compare_models(self=<pycaret.regression.oop.RegressionExperiment object at 0x7ba28c3b8520>, include=None, fold=None, round=4, cross_validation=True, sort=MAE, n_select=1, budget_time=None, turbo=True, errors=ignore, fit_kwargs=None, groups=None, experiment_custom_tags=None, probability_threshold=None, verbose=True, parallel=None, caller_params={'self': <pycaret.regression.oop.RegressionExperiment object at 0x7ba28c3b8520>, 'include': None, 'exclude': None, 'fold': None, 'round': 4, 'cross_validation': True, 'sort': 'MAE', 'n_select': 1, 'budget_time': None, 'turbo': True, 'errors': 'ignore', 'fit_kwargs': None, 'groups': None, 'experiment_custom_tags': None, 'engine': None, 'verbose': True, 'parallel': None, '__class__': <class 'pycaret.regression.oop.RegressionExperiment'>}, exclude=None)
2024-09-11 15:51:31,516:INFO:Checking exceptions
2024-09-11 15:51:31,518:INFO:Preparing display monitor
2024-09-11 15:51:31,578:INFO:Initializing Linear Regression
2024-09-11 15:51:31,578:INFO:Total runtime is 5.5034955342610674e-06 minutes
2024-09-11 15:51:31,594:INFO:SubProcess create_model() called ==================================
2024-09-11 15:51:31,595:INFO:Initializing create_model()
2024-09-11 15:51:31,595:INFO:create_model(self=<pycaret.regression.oop.RegressionExperiment object at 0x7ba28c3b8520>, estimator=lr, fold=TimeSeriesSplit(gap=0, max_train_size=None, n_splits=2, test_size=None), round=4, cross_validation=True, predict=True, fit_kwargs={}, groups=None, refit=False, probability_threshold=None, experiment_custom_tags=None, verbose=False, system=False, add_to_model_list=True, metrics=None, display=<pycaret.internal.display.display.CommonDisplay object at 0x7ba286d7a560>, model_only=True, return_train_score=False, error_score=0.0, kwargs={})
2024-09-11 15:51:31,595:INFO:Checking exceptions
2024-09-11 15:51:31,595:INFO:Importing libraries
2024-09-11 15:51:31,596:INFO:Copying training dataset
2024-09-11 15:51:31,600:INFO:Defining folds
2024-09-11 15:51:31,600:INFO:Declaring metric variables
2024-09-11 15:51:31,620:INFO:Importing untrained model
2024-09-11 15:51:31,628:INFO:Linear Regression Imported successfully
2024-09-11 15:51:31,641:INFO:Starting cross validation
2024-09-11 15:51:31,649:INFO:Cross validating with TimeSeriesSplit(gap=0, max_train_size=None, n_splits=2, test_size=None), n_jobs=-1
2024-09-11 15:51:39,994:INFO:Calculating mean and std
2024-09-11 15:51:39,997:INFO:Creating metrics dataframe
2024-09-11 15:51:40,000:INFO:Uploading results into container
2024-09-11 15:51:40,002:INFO:Uploading model into container now
2024-09-11 15:51:40,003:INFO:_master_model_container: 1
2024-09-11 15:51:40,003:INFO:_display_container: 2
2024-09-11 15:51:40,016:INFO:LinearRegression(n_jobs=-1)
2024-09-11 15:51:40,016:INFO:create_model() successfully completed......................................
2024-09-11 15:51:40,215:INFO:SubProcess create_model() end ==================================
2024-09-11 15:51:40,216:INFO:Creating metrics dataframe
2024-09-11 15:51:40,261:INFO:Initializing Lasso Regression
2024-09-11 15:51:40,261:INFO:Total runtime is 0.1447148601214091 minutes
2024-09-11 15:51:40,266:INFO:SubProcess create_model() called ==================================
2024-09-11 15:51:40,267:INFO:Initializing create_model()
2024-09-11 15:51:40,267:INFO:create_model(self=<pycaret.regression.oop.RegressionExperiment object at 0x7ba28c3b8520>, estimator=lasso, fold=TimeSeriesSplit(gap=0, max_train_size=None, n_splits=2, test_size=None), round=4, cross_validation=True, predict=True, fit_kwargs={}, groups=None, refit=False, probability_threshold=None, experiment_custom_tags=None, verbose=False, system=False, add_to_model_list=True, metrics=None, display=<pycaret.internal.display.display.CommonDisplay object at 0x7ba286d7a560>, model_only=True, return_train_score=False, error_score=0.0, kwargs={})
2024-09-11 15:51:40,267:INFO:Checking exceptions
2024-09-11 15:51:40,267:INFO:Importing libraries
2024-09-11 15:51:40,268:INFO:Copying training dataset
2024-09-11 15:51:40,276:INFO:Defining folds
2024-09-11 15:51:40,277:INFO:Declaring metric variables
2024-09-11 15:51:40,291:INFO:Importing untrained model
2024-09-11 15:51:40,294:INFO:Lasso Regression Imported successfully
2024-09-11 15:51:40,305:INFO:Starting cross validation
2024-09-11 15:51:40,307:INFO:Cross validating with TimeSeriesSplit(gap=0, max_train_size=None, n_splits=2, test_size=None), n_jobs=-1
2024-09-11 15:51:40,388:INFO:Calculating mean and std
2024-09-11 15:51:40,390:INFO:Creating metrics dataframe
2024-09-11 15:51:40,394:INFO:Uploading results into container
2024-09-11 15:51:40,395:INFO:Uploading model into container now
2024-09-11 15:51:40,396:INFO:_master_model_container: 2
2024-09-11 15:51:40,396:INFO:_display_container: 2
2024-09-11 15:51:40,397:INFO:Lasso(random_state=123)
2024-09-11 15:51:40,397:INFO:create_model() successfully completed......................................
2024-09-11 15:51:40,520:INFO:SubProcess create_model() end ==================================
2024-09-11 15:51:40,521:INFO:Creating metrics dataframe
2024-09-11 15:51:40,531:INFO:Initializing Ridge Regression
2024-09-11 15:51:40,532:INFO:Total runtime is 0.14922959407170613 minutes
2024-09-11 15:51:40,537:INFO:SubProcess create_model() called ==================================
2024-09-11 15:51:40,537:INFO:Initializing create_model()
2024-09-11 15:51:40,537:INFO:create_model(self=<pycaret.regression.oop.RegressionExperiment object at 0x7ba28c3b8520>, estimator=ridge, fold=TimeSeriesSplit(gap=0, max_train_size=None, n_splits=2, test_size=None), round=4, cross_validation=True, predict=True, fit_kwargs={}, groups=None, refit=False, probability_threshold=None, experiment_custom_tags=None, verbose=False, system=False, add_to_model_list=True, metrics=None, display=<pycaret.internal.display.display.CommonDisplay object at 0x7ba286d7a560>, model_only=True, return_train_score=False, error_score=0.0, kwargs={})
2024-09-11 15:51:40,538:INFO:Checking exceptions
2024-09-11 15:51:40,538:INFO:Importing libraries
2024-09-11 15:51:40,538:INFO:Copying training dataset
2024-09-11 15:51:40,544:INFO:Defining folds
2024-09-11 15:51:40,544:INFO:Declaring metric variables
2024-09-11 15:51:40,549:INFO:Importing untrained model
2024-09-11 15:51:40,553:INFO:Ridge Regression Imported successfully
2024-09-11 15:51:40,563:INFO:Starting cross validation
2024-09-11 15:51:40,564:INFO:Cross validating with TimeSeriesSplit(gap=0, max_train_size=None, n_splits=2, test_size=None), n_jobs=-1
2024-09-11 15:51:40,745:INFO:Calculating mean and std
2024-09-11 15:51:40,746:INFO:Creating metrics dataframe
2024-09-11 15:51:40,749:INFO:Uploading results into container
2024-09-11 15:51:40,750:INFO:Uploading model into container now
2024-09-11 15:51:40,751:INFO:_master_model_container: 3
2024-09-11 15:51:40,751:INFO:_display_container: 2
2024-09-11 15:51:40,752:INFO:Ridge(random_state=123)
2024-09-11 15:51:40,752:INFO:create_model() successfully completed......................................
2024-09-11 15:51:40,906:INFO:SubProcess create_model() end ==================================
2024-09-11 15:51:40,907:INFO:Creating metrics dataframe
2024-09-11 15:51:40,920:INFO:Initializing Elastic Net
2024-09-11 15:51:40,920:INFO:Total runtime is 0.15570082267125449 minutes
2024-09-11 15:51:40,925:INFO:SubProcess create_model() called ==================================
2024-09-11 15:51:40,925:INFO:Initializing create_model()
2024-09-11 15:51:40,926:INFO:create_model(self=<pycaret.regression.oop.RegressionExperiment object at 0x7ba28c3b8520>, estimator=en, fold=TimeSeriesSplit(gap=0, max_train_size=None, n_splits=2, test_size=None), round=4, cross_validation=True, predict=True, fit_kwargs={}, groups=None, refit=False, probability_threshold=None, experiment_custom_tags=None, verbose=False, system=False, add_to_model_list=True, metrics=None, display=<pycaret.internal.display.display.CommonDisplay object at 0x7ba286d7a560>, model_only=True, return_train_score=False, error_score=0.0, kwargs={})
2024-09-11 15:51:40,926:INFO:Checking exceptions
2024-09-11 15:51:40,926:INFO:Importing libraries
2024-09-11 15:51:40,926:INFO:Copying training dataset
2024-09-11 15:51:40,938:INFO:Defining folds
2024-09-11 15:51:40,938:INFO:Declaring metric variables
2024-09-11 15:51:40,945:INFO:Importing untrained model
2024-09-11 15:51:40,951:INFO:Elastic Net Imported successfully
2024-09-11 15:51:40,962:INFO:Starting cross validation
2024-09-11 15:51:40,970:INFO:Cross validating with TimeSeriesSplit(gap=0, max_train_size=None, n_splits=2, test_size=None), n_jobs=-1
2024-09-11 15:51:41,047:INFO:Calculating mean and std
2024-09-11 15:51:41,049:INFO:Creating metrics dataframe
2024-09-11 15:51:41,055:INFO:Uploading results into container
2024-09-11 15:51:41,057:INFO:Uploading model into container now
2024-09-11 15:51:41,057:INFO:_master_model_container: 4
2024-09-11 15:51:41,058:INFO:_display_container: 2
2024-09-11 15:51:41,058:INFO:ElasticNet(random_state=123)
2024-09-11 15:51:41,058:INFO:create_model() successfully completed......................................
2024-09-11 15:51:41,173:INFO:SubProcess create_model() end ==================================
2024-09-11 15:51:41,173:INFO:Creating metrics dataframe
2024-09-11 15:51:41,186:INFO:Initializing Least Angle Regression
2024-09-11 15:51:41,186:INFO:Total runtime is 0.16014247735341391 minutes
2024-09-11 15:51:41,192:INFO:SubProcess create_model() called ==================================
2024-09-11 15:51:41,193:INFO:Initializing create_model()
2024-09-11 15:51:41,193:INFO:create_model(self=<pycaret.regression.oop.RegressionExperiment object at 0x7ba28c3b8520>, estimator=lar, fold=TimeSeriesSplit(gap=0, max_train_size=None, n_splits=2, test_size=None), round=4, cross_validation=True, predict=True, fit_kwargs={}, groups=None, refit=False, probability_threshold=None, experiment_custom_tags=None, verbose=False, system=False, add_to_model_list=True, metrics=None, display=<pycaret.internal.display.display.CommonDisplay object at 0x7ba286d7a560>, model_only=True, return_train_score=False, error_score=0.0, kwargs={})
2024-09-11 15:51:41,193:INFO:Checking exceptions
2024-09-11 15:51:41,193:INFO:Importing libraries
2024-09-11 15:51:41,193:INFO:Copying training dataset
2024-09-11 15:51:41,197:INFO:Defining folds
2024-09-11 15:51:41,198:INFO:Declaring metric variables
2024-09-11 15:51:41,202:INFO:Importing untrained model
2024-09-11 15:51:41,206:INFO:Least Angle Regression Imported successfully
2024-09-11 15:51:41,213:INFO:Starting cross validation
2024-09-11 15:51:41,213:INFO:Cross validating with TimeSeriesSplit(gap=0, max_train_size=None, n_splits=2, test_size=None), n_jobs=-1
2024-09-11 15:51:41,260:INFO:Calculating mean and std
2024-09-11 15:51:41,261:INFO:Creating metrics dataframe
2024-09-11 15:51:41,264:INFO:Uploading results into container
2024-09-11 15:51:41,264:INFO:Uploading model into container now
2024-09-11 15:51:41,265:INFO:_master_model_container: 5
2024-09-11 15:51:41,265:INFO:_display_container: 2
2024-09-11 15:51:41,266:INFO:Lars(random_state=123)
2024-09-11 15:51:41,266:INFO:create_model() successfully completed......................................
2024-09-11 15:51:41,348:INFO:SubProcess create_model() end ==================================
2024-09-11 15:51:41,349:INFO:Creating metrics dataframe
2024-09-11 15:51:41,356:INFO:Initializing Lasso Least Angle Regression
2024-09-11 15:51:41,357:INFO:Total runtime is 0.16297851006189984 minutes
2024-09-11 15:51:41,362:INFO:SubProcess create_model() called ==================================
2024-09-11 15:51:41,363:INFO:Initializing create_model()
2024-09-11 15:51:41,363:INFO:create_model(self=<pycaret.regression.oop.RegressionExperiment object at 0x7ba28c3b8520>, estimator=llar, fold=TimeSeriesSplit(gap=0, max_train_size=None, n_splits=2, test_size=None), round=4, cross_validation=True, predict=True, fit_kwargs={}, groups=None, refit=False, probability_threshold=None, experiment_custom_tags=None, verbose=False, system=False, add_to_model_list=True, metrics=None, display=<pycaret.internal.display.display.CommonDisplay object at 0x7ba286d7a560>, model_only=True, return_train_score=False, error_score=0.0, kwargs={})
2024-09-11 15:51:41,363:INFO:Checking exceptions
2024-09-11 15:51:41,363:INFO:Importing libraries
2024-09-11 15:51:41,363:INFO:Copying training dataset
2024-09-11 15:51:41,366:INFO:Defining folds
2024-09-11 15:51:41,367:INFO:Declaring metric variables
2024-09-11 15:51:41,371:INFO:Importing untrained model
2024-09-11 15:51:41,374:INFO:Lasso Least Angle Regression Imported successfully
2024-09-11 15:51:41,381:INFO:Starting cross validation
2024-09-11 15:51:41,382:INFO:Cross validating with TimeSeriesSplit(gap=0, max_train_size=None, n_splits=2, test_size=None), n_jobs=-1
2024-09-11 15:51:41,421:INFO:Calculating mean and std
2024-09-11 15:51:41,421:INFO:Creating metrics dataframe
2024-09-11 15:51:41,423:INFO:Uploading results into container
2024-09-11 15:51:41,424:INFO:Uploading model into container now
2024-09-11 15:51:41,424:INFO:_master_model_container: 6
2024-09-11 15:51:41,424:INFO:_display_container: 2
2024-09-11 15:51:41,425:INFO:LassoLars(random_state=123)
2024-09-11 15:51:41,425:INFO:create_model() successfully completed......................................
2024-09-11 15:51:41,509:INFO:SubProcess create_model() end ==================================
2024-09-11 15:51:41,509:INFO:Creating metrics dataframe
2024-09-11 15:51:41,517:INFO:Initializing Orthogonal Matching Pursuit
2024-09-11 15:51:41,518:INFO:Total runtime is 0.16566421588261923 minutes
2024-09-11 15:51:41,522:INFO:SubProcess create_model() called ==================================
2024-09-11 15:51:41,522:INFO:Initializing create_model()
2024-09-11 15:51:41,522:INFO:create_model(self=<pycaret.regression.oop.RegressionExperiment object at 0x7ba28c3b8520>, estimator=omp, fold=TimeSeriesSplit(gap=0, max_train_size=None, n_splits=2, test_size=None), round=4, cross_validation=True, predict=True, fit_kwargs={}, groups=None, refit=False, probability_threshold=None, experiment_custom_tags=None, verbose=False, system=False, add_to_model_list=True, metrics=None, display=<pycaret.internal.display.display.CommonDisplay object at 0x7ba286d7a560>, model_only=True, return_train_score=False, error_score=0.0, kwargs={})
2024-09-11 15:51:41,523:INFO:Checking exceptions
2024-09-11 15:51:41,523:INFO:Importing libraries
2024-09-11 15:51:41,523:INFO:Copying training dataset
2024-09-11 15:51:41,527:INFO:Defining folds
2024-09-11 15:51:41,527:INFO:Declaring metric variables
2024-09-11 15:51:41,531:INFO:Importing untrained model
2024-09-11 15:51:41,535:INFO:Orthogonal Matching Pursuit Imported successfully
2024-09-11 15:51:41,542:INFO:Starting cross validation
2024-09-11 15:51:41,543:INFO:Cross validating with TimeSeriesSplit(gap=0, max_train_size=None, n_splits=2, test_size=None), n_jobs=-1
2024-09-11 15:51:41,582:INFO:Calculating mean and std
2024-09-11 15:51:41,583:INFO:Creating metrics dataframe
2024-09-11 15:51:41,584:INFO:Uploading results into container
2024-09-11 15:51:41,585:INFO:Uploading model into container now
2024-09-11 15:51:41,585:INFO:_master_model_container: 7
2024-09-11 15:51:41,585:INFO:_display_container: 2
2024-09-11 15:51:41,586:INFO:OrthogonalMatchingPursuit()
2024-09-11 15:51:41,586:INFO:create_model() successfully completed......................................
2024-09-11 15:51:41,669:INFO:SubProcess create_model() end ==================================
2024-09-11 15:51:41,669:INFO:Creating metrics dataframe
2024-09-11 15:51:41,677:INFO:Initializing Bayesian Ridge
2024-09-11 15:51:41,677:INFO:Total runtime is 0.16832035779953003 minutes
2024-09-11 15:51:41,681:INFO:SubProcess create_model() called ==================================
2024-09-11 15:51:41,682:INFO:Initializing create_model()
2024-09-11 15:51:41,682:INFO:create_model(self=<pycaret.regression.oop.RegressionExperiment object at 0x7ba28c3b8520>, estimator=br, fold=TimeSeriesSplit(gap=0, max_train_size=None, n_splits=2, test_size=None), round=4, cross_validation=True, predict=True, fit_kwargs={}, groups=None, refit=False, probability_threshold=None, experiment_custom_tags=None, verbose=False, system=False, add_to_model_list=True, metrics=None, display=<pycaret.internal.display.display.CommonDisplay object at 0x7ba286d7a560>, model_only=True, return_train_score=False, error_score=0.0, kwargs={})
2024-09-11 15:51:41,682:INFO:Checking exceptions
2024-09-11 15:51:41,682:INFO:Importing libraries
2024-09-11 15:51:41,682:INFO:Copying training dataset
2024-09-11 15:51:41,686:INFO:Defining folds
2024-09-11 15:51:41,686:INFO:Declaring metric variables
2024-09-11 15:51:41,690:INFO:Importing untrained model
2024-09-11 15:51:41,694:INFO:Bayesian Ridge Imported successfully
2024-09-11 15:51:41,701:INFO:Starting cross validation
2024-09-11 15:51:41,702:INFO:Cross validating with TimeSeriesSplit(gap=0, max_train_size=None, n_splits=2, test_size=None), n_jobs=-1
2024-09-11 15:51:41,749:INFO:Calculating mean and std
2024-09-11 15:51:41,750:INFO:Creating metrics dataframe
2024-09-11 15:51:41,752:INFO:Uploading results into container
2024-09-11 15:51:41,753:INFO:Uploading model into container now
2024-09-11 15:51:41,753:INFO:_master_model_container: 8
2024-09-11 15:51:41,753:INFO:_display_container: 2
2024-09-11 15:51:41,754:INFO:BayesianRidge()
2024-09-11 15:51:41,754:INFO:create_model() successfully completed......................................
2024-09-11 15:51:41,851:INFO:SubProcess create_model() end ==================================
2024-09-11 15:51:41,852:INFO:Creating metrics dataframe
2024-09-11 15:51:41,871:INFO:Initializing Passive Aggressive Regressor
2024-09-11 15:51:41,871:INFO:Total runtime is 0.17155706882476807 minutes
2024-09-11 15:51:41,877:INFO:SubProcess create_model() called ==================================
2024-09-11 15:51:41,878:INFO:Initializing create_model()
2024-09-11 15:51:41,879:INFO:create_model(self=<pycaret.regression.oop.RegressionExperiment object at 0x7ba28c3b8520>, estimator=par, fold=TimeSeriesSplit(gap=0, max_train_size=None, n_splits=2, test_size=None), round=4, cross_validation=True, predict=True, fit_kwargs={}, groups=None, refit=False, probability_threshold=None, experiment_custom_tags=None, verbose=False, system=False, add_to_model_list=True, metrics=None, display=<pycaret.internal.display.display.CommonDisplay object at 0x7ba286d7a560>, model_only=True, return_train_score=False, error_score=0.0, kwargs={})
2024-09-11 15:51:41,880:INFO:Checking exceptions
2024-09-11 15:51:41,880:INFO:Importing libraries
2024-09-11 15:51:41,880:INFO:Copying training dataset
2024-09-11 15:51:41,885:INFO:Defining folds
2024-09-11 15:51:41,885:INFO:Declaring metric variables
2024-09-11 15:51:41,890:INFO:Importing untrained model
2024-09-11 15:51:41,893:INFO:Passive Aggressive Regressor Imported successfully
2024-09-11 15:51:41,900:INFO:Starting cross validation
2024-09-11 15:51:41,902:INFO:Cross validating with TimeSeriesSplit(gap=0, max_train_size=None, n_splits=2, test_size=None), n_jobs=-1
2024-09-11 15:51:41,962:INFO:Calculating mean and std
2024-09-11 15:51:41,962:INFO:Creating metrics dataframe
2024-09-11 15:51:41,964:INFO:Uploading results into container
2024-09-11 15:51:41,965:INFO:Uploading model into container now
2024-09-11 15:51:41,965:INFO:_master_model_container: 9
2024-09-11 15:51:41,966:INFO:_display_container: 2
2024-09-11 15:51:41,966:INFO:PassiveAggressiveRegressor(random_state=123)
2024-09-11 15:51:41,966:INFO:create_model() successfully completed......................................
2024-09-11 15:51:42,056:INFO:SubProcess create_model() end ==================================
2024-09-11 15:51:42,056:INFO:Creating metrics dataframe
2024-09-11 15:51:42,066:INFO:Initializing Huber Regressor
2024-09-11 15:51:42,066:INFO:Total runtime is 0.17480496962865194 minutes
2024-09-11 15:51:42,070:INFO:SubProcess create_model() called ==================================
2024-09-11 15:51:42,070:INFO:Initializing create_model()
2024-09-11 15:51:42,070:INFO:create_model(self=<pycaret.regression.oop.RegressionExperiment object at 0x7ba28c3b8520>, estimator=huber, fold=TimeSeriesSplit(gap=0, max_train_size=None, n_splits=2, test_size=None), round=4, cross_validation=True, predict=True, fit_kwargs={}, groups=None, refit=False, probability_threshold=None, experiment_custom_tags=None, verbose=False, system=False, add_to_model_list=True, metrics=None, display=<pycaret.internal.display.display.CommonDisplay object at 0x7ba286d7a560>, model_only=True, return_train_score=False, error_score=0.0, kwargs={})
2024-09-11 15:51:42,070:INFO:Checking exceptions
2024-09-11 15:51:42,071:INFO:Importing libraries
2024-09-11 15:51:42,071:INFO:Copying training dataset
2024-09-11 15:51:42,075:INFO:Defining folds
2024-09-11 15:51:42,076:INFO:Declaring metric variables
2024-09-11 15:51:42,080:INFO:Importing untrained model
2024-09-11 15:51:42,084:INFO:Huber Regressor Imported successfully
2024-09-11 15:51:42,093:INFO:Starting cross validation
2024-09-11 15:51:42,094:INFO:Cross validating with TimeSeriesSplit(gap=0, max_train_size=None, n_splits=2, test_size=None), n_jobs=-1
2024-09-11 15:51:42,151:WARNING:/usr/local/python/3.10.13/lib/python3.10/site-packages/sklearn/model_selection/_validation.py:547: FitFailedWarning: 
1 fits failed out of a total of 2.
The score on these train-test partitions for these parameters will be set to 0.0.
If these failures are not expected, you can try to debug them by setting error_score='raise'.

Below are more details about the failures:
--------------------------------------------------------------------------------
1 fits failed with the following error:
Traceback (most recent call last):
  File "/usr/local/python/3.10.13/lib/python3.10/site-packages/sklearn/model_selection/_validation.py", line 895, in _fit_and_score
    estimator.fit(X_train, y_train, **fit_params)
  File "/usr/local/python/3.10.13/lib/python3.10/site-packages/pycaret/internal/pipeline.py", line 278, in fit
    fitted_estimator = self._memory_fit(
  File "/home/codespace/.local/lib/python3.10/site-packages/joblib/memory.py", line 353, in __call__
    return self.func(*args, **kwargs)
  File "/usr/local/python/3.10.13/lib/python3.10/site-packages/pycaret/internal/pipeline.py", line 69, in _fit_one
    transformer.fit(*args)
  File "/usr/local/python/3.10.13/lib/python3.10/site-packages/sklearn/base.py", line 1474, in wrapper
    return fit_method(estimator, *args, **kwargs)
  File "/usr/local/python/3.10.13/lib/python3.10/site-packages/sklearn/linear_model/_huber.py", line 338, in fit
    raise ValueError(
ValueError: HuberRegressor convergence failed: l-BFGS-b solver terminated with ABNORMAL_TERMINATION_IN_LNSRCH

  warnings.warn(some_fits_failed_message, FitFailedWarning)

2024-09-11 15:51:42,153:INFO:Calculating mean and std
2024-09-11 15:51:42,154:INFO:Creating metrics dataframe
2024-09-11 15:51:42,157:INFO:Uploading results into container
2024-09-11 15:51:42,157:INFO:Uploading model into container now
2024-09-11 15:51:42,158:INFO:_master_model_container: 10
2024-09-11 15:51:42,158:INFO:_display_container: 2
2024-09-11 15:51:42,158:INFO:HuberRegressor()
2024-09-11 15:51:42,158:INFO:create_model() successfully completed......................................
2024-09-11 15:51:42,245:WARNING:create_model() for HuberRegressor() raised an exception or returned all 0.0, trying without fit_kwargs:
2024-09-11 15:51:42,246:WARNING:Traceback (most recent call last):
  File "/usr/local/python/3.10.13/lib/python3.10/site-packages/pycaret/internal/pycaret_experiment/supervised_experiment.py", line 797, in compare_models
    np.sum(
AssertionError

2024-09-11 15:51:42,247:INFO:Initializing create_model()
2024-09-11 15:51:42,247:INFO:create_model(self=<pycaret.regression.oop.RegressionExperiment object at 0x7ba28c3b8520>, estimator=huber, fold=TimeSeriesSplit(gap=0, max_train_size=None, n_splits=2, test_size=None), round=4, cross_validation=True, predict=True, fit_kwargs={}, groups=None, refit=False, probability_threshold=None, experiment_custom_tags=None, verbose=False, system=False, add_to_model_list=True, metrics=None, display=<pycaret.internal.display.display.CommonDisplay object at 0x7ba286d7a560>, model_only=True, return_train_score=False, error_score=0.0, kwargs={})
2024-09-11 15:51:42,247:INFO:Checking exceptions
2024-09-11 15:51:42,247:INFO:Importing libraries
2024-09-11 15:51:42,247:INFO:Copying training dataset
2024-09-11 15:51:42,251:INFO:Defining folds
2024-09-11 15:51:42,251:INFO:Declaring metric variables
2024-09-11 15:51:42,256:INFO:Importing untrained model
2024-09-11 15:51:42,260:INFO:Huber Regressor Imported successfully
2024-09-11 15:51:42,267:INFO:Starting cross validation
2024-09-11 15:51:42,268:INFO:Cross validating with TimeSeriesSplit(gap=0, max_train_size=None, n_splits=2, test_size=None), n_jobs=-1
2024-09-11 15:51:42,320:WARNING:/usr/local/python/3.10.13/lib/python3.10/site-packages/sklearn/model_selection/_validation.py:547: FitFailedWarning: 
1 fits failed out of a total of 2.
The score on these train-test partitions for these parameters will be set to 0.0.
If these failures are not expected, you can try to debug them by setting error_score='raise'.

Below are more details about the failures:
--------------------------------------------------------------------------------
1 fits failed with the following error:
Traceback (most recent call last):
  File "/usr/local/python/3.10.13/lib/python3.10/site-packages/sklearn/model_selection/_validation.py", line 895, in _fit_and_score
    estimator.fit(X_train, y_train, **fit_params)
  File "/usr/local/python/3.10.13/lib/python3.10/site-packages/pycaret/internal/pipeline.py", line 278, in fit
    fitted_estimator = self._memory_fit(
  File "/home/codespace/.local/lib/python3.10/site-packages/joblib/memory.py", line 353, in __call__
    return self.func(*args, **kwargs)
  File "/usr/local/python/3.10.13/lib/python3.10/site-packages/pycaret/internal/pipeline.py", line 69, in _fit_one
    transformer.fit(*args)
  File "/usr/local/python/3.10.13/lib/python3.10/site-packages/sklearn/base.py", line 1474, in wrapper
    return fit_method(estimator, *args, **kwargs)
  File "/usr/local/python/3.10.13/lib/python3.10/site-packages/sklearn/linear_model/_huber.py", line 338, in fit
    raise ValueError(
ValueError: HuberRegressor convergence failed: l-BFGS-b solver terminated with ABNORMAL_TERMINATION_IN_LNSRCH

  warnings.warn(some_fits_failed_message, FitFailedWarning)

2024-09-11 15:51:42,321:INFO:Calculating mean and std
2024-09-11 15:51:42,321:INFO:Creating metrics dataframe
2024-09-11 15:51:42,323:INFO:Uploading results into container
2024-09-11 15:51:42,324:INFO:Uploading model into container now
2024-09-11 15:51:42,324:INFO:_master_model_container: 11
2024-09-11 15:51:42,324:INFO:_display_container: 2
2024-09-11 15:51:42,325:INFO:HuberRegressor()
2024-09-11 15:51:42,325:INFO:create_model() successfully completed......................................
2024-09-11 15:51:42,406:ERROR:create_model() for HuberRegressor() raised an exception or returned all 0.0:
2024-09-11 15:51:42,407:ERROR:Traceback (most recent call last):
  File "/usr/local/python/3.10.13/lib/python3.10/site-packages/pycaret/internal/pycaret_experiment/supervised_experiment.py", line 797, in compare_models
    np.sum(
AssertionError

During handling of the above exception, another exception occurred:

Traceback (most recent call last):
  File "/usr/local/python/3.10.13/lib/python3.10/site-packages/pycaret/internal/pycaret_experiment/supervised_experiment.py", line 818, in compare_models
    np.sum(
AssertionError

2024-09-11 15:51:42,407:INFO:Initializing K Neighbors Regressor
2024-09-11 15:51:42,407:INFO:Total runtime is 0.180485995610555 minutes
2024-09-11 15:51:42,410:INFO:SubProcess create_model() called ==================================
2024-09-11 15:51:42,411:INFO:Initializing create_model()
2024-09-11 15:51:42,411:INFO:create_model(self=<pycaret.regression.oop.RegressionExperiment object at 0x7ba28c3b8520>, estimator=knn, fold=TimeSeriesSplit(gap=0, max_train_size=None, n_splits=2, test_size=None), round=4, cross_validation=True, predict=True, fit_kwargs={}, groups=None, refit=False, probability_threshold=None, experiment_custom_tags=None, verbose=False, system=False, add_to_model_list=True, metrics=None, display=<pycaret.internal.display.display.CommonDisplay object at 0x7ba286d7a560>, model_only=True, return_train_score=False, error_score=0.0, kwargs={})
2024-09-11 15:51:42,411:INFO:Checking exceptions
2024-09-11 15:51:42,411:INFO:Importing libraries
2024-09-11 15:51:42,412:INFO:Copying training dataset
2024-09-11 15:51:42,415:INFO:Defining folds
2024-09-11 15:51:42,416:INFO:Declaring metric variables
2024-09-11 15:51:42,420:INFO:Importing untrained model
2024-09-11 15:51:42,424:INFO:K Neighbors Regressor Imported successfully
2024-09-11 15:51:42,431:INFO:Starting cross validation
2024-09-11 15:51:42,432:INFO:Cross validating with TimeSeriesSplit(gap=0, max_train_size=None, n_splits=2, test_size=None), n_jobs=-1
2024-09-11 15:51:42,529:INFO:Calculating mean and std
2024-09-11 15:51:42,529:INFO:Creating metrics dataframe
2024-09-11 15:51:42,532:INFO:Uploading results into container
2024-09-11 15:51:42,533:INFO:Uploading model into container now
2024-09-11 15:51:42,534:INFO:_master_model_container: 12
2024-09-11 15:51:42,534:INFO:_display_container: 2
2024-09-11 15:51:42,534:INFO:KNeighborsRegressor(n_jobs=-1)
2024-09-11 15:51:42,534:INFO:create_model() successfully completed......................................
2024-09-11 15:51:42,625:INFO:SubProcess create_model() end ==================================
2024-09-11 15:51:42,625:INFO:Creating metrics dataframe
2024-09-11 15:51:42,634:INFO:Initializing Decision Tree Regressor
2024-09-11 15:51:42,634:INFO:Total runtime is 0.18426987330118813 minutes
2024-09-11 15:51:42,638:INFO:SubProcess create_model() called ==================================
2024-09-11 15:51:42,639:INFO:Initializing create_model()
2024-09-11 15:51:42,639:INFO:create_model(self=<pycaret.regression.oop.RegressionExperiment object at 0x7ba28c3b8520>, estimator=dt, fold=TimeSeriesSplit(gap=0, max_train_size=None, n_splits=2, test_size=None), round=4, cross_validation=True, predict=True, fit_kwargs={}, groups=None, refit=False, probability_threshold=None, experiment_custom_tags=None, verbose=False, system=False, add_to_model_list=True, metrics=None, display=<pycaret.internal.display.display.CommonDisplay object at 0x7ba286d7a560>, model_only=True, return_train_score=False, error_score=0.0, kwargs={})
2024-09-11 15:51:42,639:INFO:Checking exceptions
2024-09-11 15:51:42,639:INFO:Importing libraries
2024-09-11 15:51:42,640:INFO:Copying training dataset
2024-09-11 15:51:42,642:INFO:Defining folds
2024-09-11 15:51:42,643:INFO:Declaring metric variables
2024-09-11 15:51:42,646:INFO:Importing untrained model
2024-09-11 15:51:42,650:INFO:Decision Tree Regressor Imported successfully
2024-09-11 15:51:42,657:INFO:Starting cross validation
2024-09-11 15:51:42,658:INFO:Cross validating with TimeSeriesSplit(gap=0, max_train_size=None, n_splits=2, test_size=None), n_jobs=-1
2024-09-11 15:51:42,749:INFO:Calculating mean and std
2024-09-11 15:51:42,750:INFO:Creating metrics dataframe
2024-09-11 15:51:42,753:INFO:Uploading results into container
2024-09-11 15:51:42,754:INFO:Uploading model into container now
2024-09-11 15:51:42,754:INFO:_master_model_container: 13
2024-09-11 15:51:42,755:INFO:_display_container: 2
2024-09-11 15:51:42,755:INFO:DecisionTreeRegressor(random_state=123)
2024-09-11 15:51:42,755:INFO:create_model() successfully completed......................................
2024-09-11 15:51:42,842:INFO:SubProcess create_model() end ==================================
2024-09-11 15:51:42,842:INFO:Creating metrics dataframe
2024-09-11 15:51:42,851:INFO:Initializing Random Forest Regressor
2024-09-11 15:51:42,852:INFO:Total runtime is 0.18789407809575398 minutes
2024-09-11 15:51:42,856:INFO:SubProcess create_model() called ==================================
2024-09-11 15:51:42,857:INFO:Initializing create_model()
2024-09-11 15:51:42,857:INFO:create_model(self=<pycaret.regression.oop.RegressionExperiment object at 0x7ba28c3b8520>, estimator=rf, fold=TimeSeriesSplit(gap=0, max_train_size=None, n_splits=2, test_size=None), round=4, cross_validation=True, predict=True, fit_kwargs={}, groups=None, refit=False, probability_threshold=None, experiment_custom_tags=None, verbose=False, system=False, add_to_model_list=True, metrics=None, display=<pycaret.internal.display.display.CommonDisplay object at 0x7ba286d7a560>, model_only=True, return_train_score=False, error_score=0.0, kwargs={})
2024-09-11 15:51:42,857:INFO:Checking exceptions
2024-09-11 15:51:42,857:INFO:Importing libraries
2024-09-11 15:51:42,857:INFO:Copying training dataset
2024-09-11 15:51:42,861:INFO:Defining folds
2024-09-11 15:51:42,861:INFO:Declaring metric variables
2024-09-11 15:51:42,865:INFO:Importing untrained model
2024-09-11 15:51:42,870:INFO:Random Forest Regressor Imported successfully
2024-09-11 15:51:42,879:INFO:Starting cross validation
2024-09-11 15:51:42,881:INFO:Cross validating with TimeSeriesSplit(gap=0, max_train_size=None, n_splits=2, test_size=None), n_jobs=-1
2024-09-11 15:51:43,156:INFO:Calculating mean and std
2024-09-11 15:51:43,157:INFO:Creating metrics dataframe
2024-09-11 15:51:43,159:INFO:Uploading results into container
2024-09-11 15:51:43,160:INFO:Uploading model into container now
2024-09-11 15:51:43,160:INFO:_master_model_container: 14
2024-09-11 15:51:43,160:INFO:_display_container: 2
2024-09-11 15:51:43,160:INFO:RandomForestRegressor(n_jobs=-1, random_state=123)
2024-09-11 15:51:43,160:INFO:create_model() successfully completed......................................
2024-09-11 15:51:43,245:INFO:SubProcess create_model() end ==================================
2024-09-11 15:51:43,245:INFO:Creating metrics dataframe
2024-09-11 15:51:43,255:INFO:Initializing Extra Trees Regressor
2024-09-11 15:51:43,255:INFO:Total runtime is 0.19462032318115233 minutes
2024-09-11 15:51:43,259:INFO:SubProcess create_model() called ==================================
2024-09-11 15:51:43,260:INFO:Initializing create_model()
2024-09-11 15:51:43,260:INFO:create_model(self=<pycaret.regression.oop.RegressionExperiment object at 0x7ba28c3b8520>, estimator=et, fold=TimeSeriesSplit(gap=0, max_train_size=None, n_splits=2, test_size=None), round=4, cross_validation=True, predict=True, fit_kwargs={}, groups=None, refit=False, probability_threshold=None, experiment_custom_tags=None, verbose=False, system=False, add_to_model_list=True, metrics=None, display=<pycaret.internal.display.display.CommonDisplay object at 0x7ba286d7a560>, model_only=True, return_train_score=False, error_score=0.0, kwargs={})
2024-09-11 15:51:43,260:INFO:Checking exceptions
2024-09-11 15:51:43,260:INFO:Importing libraries
2024-09-11 15:51:43,261:INFO:Copying training dataset
2024-09-11 15:51:43,264:INFO:Defining folds
2024-09-11 15:51:43,264:INFO:Declaring metric variables
2024-09-11 15:51:43,268:INFO:Importing untrained model
2024-09-11 15:51:43,272:INFO:Extra Trees Regressor Imported successfully
2024-09-11 15:51:43,279:INFO:Starting cross validation
2024-09-11 15:51:43,280:INFO:Cross validating with TimeSeriesSplit(gap=0, max_train_size=None, n_splits=2, test_size=None), n_jobs=-1
2024-09-11 15:51:43,478:INFO:Calculating mean and std
2024-09-11 15:51:43,480:INFO:Creating metrics dataframe
2024-09-11 15:51:43,482:INFO:Uploading results into container
2024-09-11 15:51:43,483:INFO:Uploading model into container now
2024-09-11 15:51:43,484:INFO:_master_model_container: 15
2024-09-11 15:51:43,484:INFO:_display_container: 2
2024-09-11 15:51:43,484:INFO:ExtraTreesRegressor(n_jobs=-1, random_state=123)
2024-09-11 15:51:43,484:INFO:create_model() successfully completed......................................
2024-09-11 15:51:43,569:INFO:SubProcess create_model() end ==================================
2024-09-11 15:51:43,569:INFO:Creating metrics dataframe
2024-09-11 15:51:43,579:INFO:Initializing AdaBoost Regressor
2024-09-11 15:51:43,579:INFO:Total runtime is 0.2000222365061442 minutes
2024-09-11 15:51:43,583:INFO:SubProcess create_model() called ==================================
2024-09-11 15:51:43,584:INFO:Initializing create_model()
2024-09-11 15:51:43,584:INFO:create_model(self=<pycaret.regression.oop.RegressionExperiment object at 0x7ba28c3b8520>, estimator=ada, fold=TimeSeriesSplit(gap=0, max_train_size=None, n_splits=2, test_size=None), round=4, cross_validation=True, predict=True, fit_kwargs={}, groups=None, refit=False, probability_threshold=None, experiment_custom_tags=None, verbose=False, system=False, add_to_model_list=True, metrics=None, display=<pycaret.internal.display.display.CommonDisplay object at 0x7ba286d7a560>, model_only=True, return_train_score=False, error_score=0.0, kwargs={})
2024-09-11 15:51:43,584:INFO:Checking exceptions
2024-09-11 15:51:43,585:INFO:Importing libraries
2024-09-11 15:51:43,585:INFO:Copying training dataset
2024-09-11 15:51:43,588:INFO:Defining folds
2024-09-11 15:51:43,589:INFO:Declaring metric variables
2024-09-11 15:51:43,593:INFO:Importing untrained model
2024-09-11 15:51:43,597:INFO:AdaBoost Regressor Imported successfully
2024-09-11 15:51:43,603:INFO:Starting cross validation
2024-09-11 15:51:43,604:INFO:Cross validating with TimeSeriesSplit(gap=0, max_train_size=None, n_splits=2, test_size=None), n_jobs=-1
2024-09-11 15:51:43,788:INFO:Calculating mean and std
2024-09-11 15:51:43,789:INFO:Creating metrics dataframe
2024-09-11 15:51:43,793:INFO:Uploading results into container
2024-09-11 15:51:43,794:INFO:Uploading model into container now
2024-09-11 15:51:43,794:INFO:_master_model_container: 16
2024-09-11 15:51:43,794:INFO:_display_container: 2
2024-09-11 15:51:43,795:INFO:AdaBoostRegressor(random_state=123)
2024-09-11 15:51:43,795:INFO:create_model() successfully completed......................................
2024-09-11 15:51:43,878:INFO:SubProcess create_model() end ==================================
2024-09-11 15:51:43,878:INFO:Creating metrics dataframe
2024-09-11 15:51:43,888:INFO:Initializing Gradient Boosting Regressor
2024-09-11 15:51:43,888:INFO:Total runtime is 0.2051728884379069 minutes
2024-09-11 15:51:43,892:INFO:SubProcess create_model() called ==================================
2024-09-11 15:51:43,893:INFO:Initializing create_model()
2024-09-11 15:51:43,893:INFO:create_model(self=<pycaret.regression.oop.RegressionExperiment object at 0x7ba28c3b8520>, estimator=gbr, fold=TimeSeriesSplit(gap=0, max_train_size=None, n_splits=2, test_size=None), round=4, cross_validation=True, predict=True, fit_kwargs={}, groups=None, refit=False, probability_threshold=None, experiment_custom_tags=None, verbose=False, system=False, add_to_model_list=True, metrics=None, display=<pycaret.internal.display.display.CommonDisplay object at 0x7ba286d7a560>, model_only=True, return_train_score=False, error_score=0.0, kwargs={})
2024-09-11 15:51:43,893:INFO:Checking exceptions
2024-09-11 15:51:43,894:INFO:Importing libraries
2024-09-11 15:51:43,894:INFO:Copying training dataset
2024-09-11 15:51:43,897:INFO:Defining folds
2024-09-11 15:51:43,898:INFO:Declaring metric variables
2024-09-11 15:51:43,902:INFO:Importing untrained model
2024-09-11 15:51:43,906:INFO:Gradient Boosting Regressor Imported successfully
2024-09-11 15:51:43,912:INFO:Starting cross validation
2024-09-11 15:51:43,914:INFO:Cross validating with TimeSeriesSplit(gap=0, max_train_size=None, n_splits=2, test_size=None), n_jobs=-1
2024-09-11 15:51:44,086:INFO:Calculating mean and std
2024-09-11 15:51:44,088:INFO:Creating metrics dataframe
2024-09-11 15:51:44,090:INFO:Uploading results into container
2024-09-11 15:51:44,091:INFO:Uploading model into container now
2024-09-11 15:51:44,092:INFO:_master_model_container: 17
2024-09-11 15:51:44,092:INFO:_display_container: 2
2024-09-11 15:51:44,092:INFO:GradientBoostingRegressor(random_state=123)
2024-09-11 15:51:44,092:INFO:create_model() successfully completed......................................
2024-09-11 15:51:44,178:INFO:SubProcess create_model() end ==================================
2024-09-11 15:51:44,178:INFO:Creating metrics dataframe
2024-09-11 15:51:44,188:INFO:Initializing Light Gradient Boosting Machine
2024-09-11 15:51:44,188:INFO:Total runtime is 0.21016722520192466 minutes
2024-09-11 15:51:44,192:INFO:SubProcess create_model() called ==================================
2024-09-11 15:51:44,193:INFO:Initializing create_model()
2024-09-11 15:51:44,193:INFO:create_model(self=<pycaret.regression.oop.RegressionExperiment object at 0x7ba28c3b8520>, estimator=lightgbm, fold=TimeSeriesSplit(gap=0, max_train_size=None, n_splits=2, test_size=None), round=4, cross_validation=True, predict=True, fit_kwargs={}, groups=None, refit=False, probability_threshold=None, experiment_custom_tags=None, verbose=False, system=False, add_to_model_list=True, metrics=None, display=<pycaret.internal.display.display.CommonDisplay object at 0x7ba286d7a560>, model_only=True, return_train_score=False, error_score=0.0, kwargs={})
2024-09-11 15:51:44,193:INFO:Checking exceptions
2024-09-11 15:51:44,193:INFO:Importing libraries
2024-09-11 15:51:44,193:INFO:Copying training dataset
2024-09-11 15:51:44,197:INFO:Defining folds
2024-09-11 15:51:44,197:INFO:Declaring metric variables
2024-09-11 15:51:44,201:INFO:Importing untrained model
2024-09-11 15:51:44,205:INFO:Light Gradient Boosting Machine Imported successfully
2024-09-11 15:51:44,212:INFO:Starting cross validation
2024-09-11 15:51:44,217:INFO:Cross validating with TimeSeriesSplit(gap=0, max_train_size=None, n_splits=2, test_size=None), n_jobs=-1
2024-09-11 15:51:44,469:INFO:Calculating mean and std
2024-09-11 15:51:44,471:INFO:Creating metrics dataframe
2024-09-11 15:51:44,473:INFO:Uploading results into container
2024-09-11 15:51:44,474:INFO:Uploading model into container now
2024-09-11 15:51:44,475:INFO:_master_model_container: 18
2024-09-11 15:51:44,475:INFO:_display_container: 2
2024-09-11 15:51:44,475:INFO:LGBMRegressor(n_jobs=-1, random_state=123)
2024-09-11 15:51:44,476:INFO:create_model() successfully completed......................................
2024-09-11 15:51:44,598:INFO:SubProcess create_model() end ==================================
2024-09-11 15:51:44,598:INFO:Creating metrics dataframe
2024-09-11 15:51:44,610:INFO:Initializing Dummy Regressor
2024-09-11 15:51:44,610:INFO:Total runtime is 0.2172015428543091 minutes
2024-09-11 15:51:44,616:INFO:SubProcess create_model() called ==================================
2024-09-11 15:51:44,616:INFO:Initializing create_model()
2024-09-11 15:51:44,616:INFO:create_model(self=<pycaret.regression.oop.RegressionExperiment object at 0x7ba28c3b8520>, estimator=dummy, fold=TimeSeriesSplit(gap=0, max_train_size=None, n_splits=2, test_size=None), round=4, cross_validation=True, predict=True, fit_kwargs={}, groups=None, refit=False, probability_threshold=None, experiment_custom_tags=None, verbose=False, system=False, add_to_model_list=True, metrics=None, display=<pycaret.internal.display.display.CommonDisplay object at 0x7ba286d7a560>, model_only=True, return_train_score=False, error_score=0.0, kwargs={})
2024-09-11 15:51:44,617:INFO:Checking exceptions
2024-09-11 15:51:44,617:INFO:Importing libraries
2024-09-11 15:51:44,617:INFO:Copying training dataset
2024-09-11 15:51:44,626:INFO:Defining folds
2024-09-11 15:51:44,626:INFO:Declaring metric variables
2024-09-11 15:51:44,638:INFO:Importing untrained model
2024-09-11 15:51:44,647:INFO:Dummy Regressor Imported successfully
2024-09-11 15:51:44,658:INFO:Starting cross validation
2024-09-11 15:51:44,660:INFO:Cross validating with TimeSeriesSplit(gap=0, max_train_size=None, n_splits=2, test_size=None), n_jobs=-1
2024-09-11 15:51:44,726:INFO:Calculating mean and std
2024-09-11 15:51:44,733:INFO:Creating metrics dataframe
2024-09-11 15:51:44,736:INFO:Uploading results into container
2024-09-11 15:51:44,737:INFO:Uploading model into container now
2024-09-11 15:51:44,738:INFO:_master_model_container: 19
2024-09-11 15:51:44,738:INFO:_display_container: 2
2024-09-11 15:51:44,738:INFO:DummyRegressor()
2024-09-11 15:51:44,739:INFO:create_model() successfully completed......................................
2024-09-11 15:51:44,830:INFO:SubProcess create_model() end ==================================
2024-09-11 15:51:44,831:INFO:Creating metrics dataframe
2024-09-11 15:51:44,841:WARNING:/usr/local/python/3.10.13/lib/python3.10/site-packages/pycaret/internal/pycaret_experiment/supervised_experiment.py:323: FutureWarning: Styler.applymap has been deprecated. Use Styler.map instead.
  master_display_.apply(

2024-09-11 15:51:44,850:INFO:Initializing create_model()
2024-09-11 15:51:44,851:INFO:create_model(self=<pycaret.regression.oop.RegressionExperiment object at 0x7ba28c3b8520>, estimator=Ridge(random_state=123), fold=TimeSeriesSplit(gap=0, max_train_size=None, n_splits=2, test_size=None), round=4, cross_validation=False, predict=False, fit_kwargs={}, groups=None, refit=True, probability_threshold=None, experiment_custom_tags=None, verbose=False, system=False, add_to_model_list=True, metrics=None, display=None, model_only=True, return_train_score=False, error_score=0.0, kwargs={})
2024-09-11 15:51:44,851:INFO:Checking exceptions
2024-09-11 15:51:44,853:INFO:Importing libraries
2024-09-11 15:51:44,853:INFO:Copying training dataset
2024-09-11 15:51:44,857:INFO:Defining folds
2024-09-11 15:51:44,857:INFO:Declaring metric variables
2024-09-11 15:51:44,857:INFO:Importing untrained model
2024-09-11 15:51:44,858:INFO:Declaring custom model
2024-09-11 15:51:44,858:INFO:Ridge Regression Imported successfully
2024-09-11 15:51:44,859:INFO:Cross validation set to False
2024-09-11 15:51:44,859:INFO:Fitting Model
2024-09-11 15:51:44,869:INFO:Ridge(random_state=123)
2024-09-11 15:51:44,869:INFO:create_model() successfully completed......................................
2024-09-11 15:51:44,977:INFO:_master_model_container: 19
2024-09-11 15:51:44,978:INFO:_display_container: 2
2024-09-11 15:51:44,978:INFO:Ridge(random_state=123)
2024-09-11 15:51:44,978:INFO:compare_models() successfully completed......................................
2024-09-11 15:51:44,979:INFO:Initializing plot_model()
2024-09-11 15:51:44,979:INFO:plot_model(plot=error, fold=None, verbose=True, display=None, display_format=None, estimator=Ridge(random_state=123), feature_name=None, fit_kwargs=None, groups=None, label=False, plot_kwargs=None, save=False, scale=1, self=<pycaret.regression.oop.RegressionExperiment object at 0x7ba28c3b8520>, system=True)
2024-09-11 15:51:44,980:INFO:Checking exceptions
2024-09-11 15:51:44,983:INFO:Preloading libraries
2024-09-11 15:51:44,983:INFO:Copying training dataset
2024-09-11 15:51:44,983:INFO:Plot type: error
2024-09-11 15:51:45,089:INFO:Fitting Model
2024-09-11 15:51:45,089:WARNING:/usr/local/python/3.10.13/lib/python3.10/site-packages/sklearn/base.py:493: UserWarning: X does not have valid feature names, but Ridge was fitted with feature names
  warnings.warn(

2024-09-11 15:51:45,090:INFO:Scoring test/hold-out set
2024-09-11 15:51:45,125:WARNING:findfont: Generic family 'sans-serif' not found because none of the following families were found: Arial, Liberation Sans, Bitstream Vera Sans, sans-serif
2024-09-11 15:51:45,179:WARNING:findfont: Generic family 'sans-serif' not found because none of the following families were found: Arial, Liberation Sans, Bitstream Vera Sans, sans-serif
2024-09-11 15:51:45,180:WARNING:findfont: Generic family 'sans-serif' not found because none of the following families were found: Arial, Liberation Sans, Bitstream Vera Sans, sans-serif
2024-09-11 15:51:45,181:WARNING:findfont: Generic family 'sans-serif' not found because none of the following families were found: Arial, Liberation Sans, Bitstream Vera Sans, sans-serif
2024-09-11 15:51:45,182:WARNING:findfont: Generic family 'sans-serif' not found because none of the following families were found: Arial, Liberation Sans, Bitstream Vera Sans, sans-serif
2024-09-11 15:51:45,182:WARNING:findfont: Generic family 'sans-serif' not found because none of the following families were found: Arial, Liberation Sans, Bitstream Vera Sans, sans-serif
2024-09-11 15:51:45,187:WARNING:findfont: Generic family 'sans-serif' not found because none of the following families were found: Arial, Liberation Sans, Bitstream Vera Sans, sans-serif
2024-09-11 15:51:45,189:WARNING:findfont: Font family ['sans-serif'] not found. Falling back to DejaVu Sans.
2024-09-11 15:51:45,189:WARNING:findfont: Generic family 'sans-serif' not found because none of the following families were found: Arial, Liberation Sans, Bitstream Vera Sans, sans-serif
2024-09-11 15:51:45,313:WARNING:findfont: Generic family 'sans-serif' not found because none of the following families were found: Arial, Liberation Sans, Bitstream Vera Sans, sans-serif
2024-09-11 15:51:45,314:WARNING:findfont: Generic family 'sans-serif' not found because none of the following families were found: Arial, Liberation Sans, Bitstream Vera Sans, sans-serif
2024-09-11 15:51:45,336:WARNING:findfont: Generic family 'sans-serif' not found because none of the following families were found: Arial, Liberation Sans, Bitstream Vera Sans, sans-serif
2024-09-11 15:51:45,337:WARNING:findfont: Font family ['sans-serif'] not found. Falling back to DejaVu Sans.
2024-09-11 15:51:45,337:WARNING:findfont: Generic family 'sans-serif' not found because none of the following families were found: Arial, Liberation Sans, Bitstream Vera Sans, sans-serif
2024-09-11 15:51:45,341:WARNING:findfont: Generic family 'sans-serif' not found because none of the following families were found: Arial, Liberation Sans, Bitstream Vera Sans, sans-serif
2024-09-11 15:51:45,342:WARNING:findfont: Generic family 'sans-serif' not found because none of the following families were found: Arial, Liberation Sans, Bitstream Vera Sans, sans-serif
2024-09-11 15:51:45,342:WARNING:findfont: Generic family 'sans-serif' not found because none of the following families were found: Arial, Liberation Sans, Bitstream Vera Sans, sans-serif
2024-09-11 15:51:45,343:WARNING:findfont: Generic family 'sans-serif' not found because none of the following families were found: Arial, Liberation Sans, Bitstream Vera Sans, sans-serif
2024-09-11 15:51:45,344:WARNING:findfont: Generic family 'sans-serif' not found because none of the following families were found: Arial, Liberation Sans, Bitstream Vera Sans, sans-serif
2024-09-11 15:51:45,345:WARNING:findfont: Generic family 'sans-serif' not found because none of the following families were found: Arial, Liberation Sans, Bitstream Vera Sans, sans-serif
2024-09-11 15:51:45,345:WARNING:findfont: Generic family 'sans-serif' not found because none of the following families were found: Arial, Liberation Sans, Bitstream Vera Sans, sans-serif
2024-09-11 15:51:45,346:WARNING:findfont: Generic family 'sans-serif' not found because none of the following families were found: Arial, Liberation Sans, Bitstream Vera Sans, sans-serif
2024-09-11 15:51:45,347:WARNING:findfont: Generic family 'sans-serif' not found because none of the following families were found: Arial, Liberation Sans, Bitstream Vera Sans, sans-serif
2024-09-11 15:51:45,347:WARNING:findfont: Generic family 'sans-serif' not found because none of the following families were found: Arial, Liberation Sans, Bitstream Vera Sans, sans-serif
2024-09-11 15:51:45,348:WARNING:findfont: Generic family 'sans-serif' not found because none of the following families were found: Arial, Liberation Sans, Bitstream Vera Sans, sans-serif
2024-09-11 15:51:45,348:WARNING:findfont: Generic family 'sans-serif' not found because none of the following families were found: Arial, Liberation Sans, Bitstream Vera Sans, sans-serif
2024-09-11 15:51:45,349:WARNING:findfont: Generic family 'sans-serif' not found because none of the following families were found: Arial, Liberation Sans, Bitstream Vera Sans, sans-serif
2024-09-11 15:51:45,349:WARNING:findfont: Generic family 'sans-serif' not found because none of the following families were found: Arial, Liberation Sans, Bitstream Vera Sans, sans-serif
2024-09-11 15:51:45,353:WARNING:findfont: Generic family 'sans-serif' not found because none of the following families were found: Arial, Liberation Sans, Bitstream Vera Sans, sans-serif
2024-09-11 15:51:45,355:WARNING:findfont: Generic family 'sans-serif' not found because none of the following families were found: Arial, Liberation Sans, Bitstream Vera Sans, sans-serif
2024-09-11 15:51:45,374:WARNING:findfont: Generic family 'sans-serif' not found because none of the following families were found: Arial, Liberation Sans, Bitstream Vera Sans, sans-serif
2024-09-11 15:51:45,375:WARNING:findfont: Generic family 'sans-serif' not found because none of the following families were found: Arial, Liberation Sans, Bitstream Vera Sans, sans-serif
2024-09-11 15:51:45,376:WARNING:findfont: Generic family 'sans-serif' not found because none of the following families were found: Arial, Liberation Sans, Bitstream Vera Sans, sans-serif
2024-09-11 15:51:45,384:WARNING:findfont: Generic family 'sans-serif' not found because none of the following families were found: Arial, Liberation Sans, Bitstream Vera Sans, sans-serif
2024-09-11 15:51:45,384:WARNING:findfont: Generic family 'sans-serif' not found because none of the following families were found: Arial, Liberation Sans, Bitstream Vera Sans, sans-serif
2024-09-11 15:51:45,385:WARNING:findfont: Generic family 'sans-serif' not found because none of the following families were found: Arial, Liberation Sans, Bitstream Vera Sans, sans-serif
2024-09-11 15:51:45,412:WARNING:findfont: Generic family 'sans-serif' not found because none of the following families were found: Arial, Liberation Sans, Bitstream Vera Sans, sans-serif
2024-09-11 15:51:45,413:WARNING:findfont: Generic family 'sans-serif' not found because none of the following families were found: Arial, Liberation Sans, Bitstream Vera Sans, sans-serif
2024-09-11 15:51:45,414:WARNING:findfont: Generic family 'sans-serif' not found because none of the following families were found: Arial, Liberation Sans, Bitstream Vera Sans, sans-serif
2024-09-11 15:51:45,442:WARNING:findfont: Generic family 'sans-serif' not found because none of the following families were found: Arial, Liberation Sans, Bitstream Vera Sans, sans-serif
2024-09-11 15:51:45,443:WARNING:findfont: Generic family 'sans-serif' not found because none of the following families were found: Arial, Liberation Sans, Bitstream Vera Sans, sans-serif
2024-09-11 15:51:45,443:WARNING:findfont: Generic family 'sans-serif' not found because none of the following families were found: Arial, Liberation Sans, Bitstream Vera Sans, sans-serif
2024-09-11 15:51:45,444:WARNING:findfont: Generic family 'sans-serif' not found because none of the following families were found: Arial, Liberation Sans, Bitstream Vera Sans, sans-serif
2024-09-11 15:51:45,444:WARNING:findfont: Generic family 'sans-serif' not found because none of the following families were found: Arial, Liberation Sans, Bitstream Vera Sans, sans-serif
2024-09-11 15:51:45,445:WARNING:findfont: Generic family 'sans-serif' not found because none of the following families were found: Arial, Liberation Sans, Bitstream Vera Sans, sans-serif
2024-09-11 15:51:45,447:WARNING:findfont: Generic family 'sans-serif' not found because none of the following families were found: Arial, Liberation Sans, Bitstream Vera Sans, sans-serif
2024-09-11 15:51:45,456:WARNING:findfont: Generic family 'sans-serif' not found because none of the following families were found: Arial, Liberation Sans, Bitstream Vera Sans, sans-serif
2024-09-11 15:51:45,456:WARNING:findfont: Generic family 'sans-serif' not found because none of the following families were found: Arial, Liberation Sans, Bitstream Vera Sans, sans-serif
2024-09-11 15:51:45,461:WARNING:findfont: Generic family 'sans-serif' not found because none of the following families were found: Arial, Liberation Sans, Bitstream Vera Sans, sans-serif
2024-09-11 15:51:45,462:WARNING:findfont: Generic family 'sans-serif' not found because none of the following families were found: Arial, Liberation Sans, Bitstream Vera Sans, sans-serif
2024-09-11 15:51:45,463:WARNING:findfont: Generic family 'sans-serif' not found because none of the following families were found: Arial, Liberation Sans, Bitstream Vera Sans, sans-serif
2024-09-11 15:51:45,464:WARNING:findfont: Generic family 'sans-serif' not found because none of the following families were found: Arial, Liberation Sans, Bitstream Vera Sans, sans-serif
2024-09-11 15:51:45,465:WARNING:findfont: Generic family 'sans-serif' not found because none of the following families were found: Arial, Liberation Sans, Bitstream Vera Sans, sans-serif
2024-09-11 15:51:45,476:WARNING:findfont: Generic family 'sans-serif' not found because none of the following families were found: Arial, Liberation Sans, Bitstream Vera Sans, sans-serif
2024-09-11 15:51:45,477:WARNING:findfont: Generic family 'sans-serif' not found because none of the following families were found: Arial, Liberation Sans, Bitstream Vera Sans, sans-serif
2024-09-11 15:51:45,478:WARNING:findfont: Generic family 'sans-serif' not found because none of the following families were found: Arial, Liberation Sans, Bitstream Vera Sans, sans-serif
2024-09-11 15:51:45,479:WARNING:findfont: Generic family 'sans-serif' not found because none of the following families were found: Arial, Liberation Sans, Bitstream Vera Sans, sans-serif
2024-09-11 15:51:45,479:WARNING:findfont: Generic family 'sans-serif' not found because none of the following families were found: Arial, Liberation Sans, Bitstream Vera Sans, sans-serif
2024-09-11 15:51:45,487:WARNING:findfont: Generic family 'sans-serif' not found because none of the following families were found: Arial, Liberation Sans, Bitstream Vera Sans, sans-serif
2024-09-11 15:51:45,488:WARNING:findfont: Generic family 'sans-serif' not found because none of the following families were found: Arial, Liberation Sans, Bitstream Vera Sans, sans-serif
2024-09-11 15:51:45,491:WARNING:findfont: Generic family 'sans-serif' not found because none of the following families were found: Arial, Liberation Sans, Bitstream Vera Sans, sans-serif
2024-09-11 15:51:45,492:WARNING:findfont: Generic family 'sans-serif' not found because none of the following families were found: Arial, Liberation Sans, Bitstream Vera Sans, sans-serif
2024-09-11 15:51:45,492:WARNING:findfont: Generic family 'sans-serif' not found because none of the following families were found: Arial, Liberation Sans, Bitstream Vera Sans, sans-serif
2024-09-11 15:51:45,493:WARNING:findfont: Generic family 'sans-serif' not found because none of the following families were found: Arial, Liberation Sans, Bitstream Vera Sans, sans-serif
2024-09-11 15:51:45,494:WARNING:findfont: Generic family 'sans-serif' not found because none of the following families were found: Arial, Liberation Sans, Bitstream Vera Sans, sans-serif
2024-09-11 15:51:45,495:WARNING:findfont: Generic family 'sans-serif' not found because none of the following families were found: Arial, Liberation Sans, Bitstream Vera Sans, sans-serif
2024-09-11 15:51:45,495:WARNING:findfont: Generic family 'sans-serif' not found because none of the following families were found: Arial, Liberation Sans, Bitstream Vera Sans, sans-serif
2024-09-11 15:51:45,496:WARNING:findfont: Generic family 'sans-serif' not found because none of the following families were found: Arial, Liberation Sans, Bitstream Vera Sans, sans-serif
2024-09-11 15:51:45,497:WARNING:findfont: Generic family 'sans-serif' not found because none of the following families were found: Arial, Liberation Sans, Bitstream Vera Sans, sans-serif
2024-09-11 15:51:45,497:WARNING:findfont: Generic family 'sans-serif' not found because none of the following families were found: Arial, Liberation Sans, Bitstream Vera Sans, sans-serif
2024-09-11 15:51:45,498:WARNING:findfont: Generic family 'sans-serif' not found because none of the following families were found: Arial, Liberation Sans, Bitstream Vera Sans, sans-serif
2024-09-11 15:51:45,498:WARNING:findfont: Generic family 'sans-serif' not found because none of the following families were found: Arial, Liberation Sans, Bitstream Vera Sans, sans-serif
2024-09-11 15:51:45,499:WARNING:findfont: Generic family 'sans-serif' not found because none of the following families were found: Arial, Liberation Sans, Bitstream Vera Sans, sans-serif
2024-09-11 15:51:45,499:WARNING:findfont: Generic family 'sans-serif' not found because none of the following families were found: Arial, Liberation Sans, Bitstream Vera Sans, sans-serif
2024-09-11 15:51:45,503:WARNING:findfont: Generic family 'sans-serif' not found because none of the following families were found: Arial, Liberation Sans, Bitstream Vera Sans, sans-serif
2024-09-11 15:51:45,503:WARNING:findfont: Generic family 'sans-serif' not found because none of the following families were found: Arial, Liberation Sans, Bitstream Vera Sans, sans-serif
2024-09-11 15:51:45,504:WARNING:findfont: Generic family 'sans-serif' not found because none of the following families were found: Arial, Liberation Sans, Bitstream Vera Sans, sans-serif
2024-09-11 15:51:45,505:WARNING:findfont: Generic family 'sans-serif' not found because none of the following families were found: Arial, Liberation Sans, Bitstream Vera Sans, sans-serif
2024-09-11 15:51:45,585:INFO:Visual Rendered Successfully
2024-09-11 15:51:45,706:INFO:plot_model() successfully completed......................................
2024-09-11 15:51:45,743:INFO:Initializing predict_model()
2024-09-11 15:51:45,743:INFO:predict_model(self=<pycaret.regression.oop.RegressionExperiment object at 0x7ba28c3b8520>, estimator=Ridge(random_state=123), probability_threshold=None, encoded_labels=False, raw_score=False, round=4, verbose=True, ml_usecase=None, preprocess=True, encode_labels=<function _SupervisedExperiment.predict_model.<locals>.encode_labels at 0x7ba286ec8820>)
2024-09-11 15:51:45,743:INFO:Checking exceptions
2024-09-11 15:51:45,743:INFO:Preloading libraries
2024-09-11 15:51:45,745:INFO:Set up data.
2024-09-11 15:51:45,747:INFO:Set up index.
2024-09-12 09:52:23,042:WARNING:
'cuml' is a soft dependency and not included in the pycaret installation. Please run: `pip install cuml` to install.
2024-09-12 09:52:23,044:WARNING:
'cuml' is a soft dependency and not included in the pycaret installation. Please run: `pip install cuml` to install.
2024-09-12 09:52:23,044:WARNING:
'cuml' is a soft dependency and not included in the pycaret installation. Please run: `pip install cuml` to install.
2024-09-12 09:52:23,044:WARNING:
'cuml' is a soft dependency and not included in the pycaret installation. Please run: `pip install cuml` to install.
2024-09-12 09:52:23,578:INFO:PyCaret RegressionExperiment
2024-09-12 09:52:23,578:INFO:Logging name: reg-default-name
2024-09-12 09:52:23,578:INFO:ML Usecase: MLUsecase.REGRESSION
2024-09-12 09:52:23,579:INFO:version 3.3.2
2024-09-12 09:52:23,579:INFO:Initializing setup()
2024-09-12 09:52:23,579:INFO:self.USI: 243f
2024-09-12 09:52:23,579:INFO:self._variable_keys: {'memory', 'gpu_param', 'X_train', 'target_param', 'y_test', 'X', 'idx', 'exp_name_log', 'n_jobs_param', 'data', 'fold_shuffle_param', 'fold_groups_param', 'log_plots_param', 'exp_id', 'USI', 'X_test', 'html_param', 'seed', 'y_train', 'logging_param', 'fold_generator', 'transform_target_param', 'gpu_n_jobs_param', '_ml_usecase', 'y', '_available_plots', 'pipeline'}
2024-09-12 09:52:23,580:INFO:Checking environment
2024-09-12 09:52:23,580:INFO:python_version: 3.10.13
2024-09-12 09:52:23,580:INFO:python_build: ('main', 'Jan 10 2024 19:45:45')
2024-09-12 09:52:23,580:INFO:machine: x86_64
2024-09-12 09:52:23,580:INFO:platform: Linux-6.5.0-1025-azure-x86_64-with-glibc2.31
2024-09-12 09:52:23,580:INFO:Memory: svmem(total=8314740736, available=5862821888, percent=29.5, used=2064519168, free=263180288, active=4133470208, inactive=3199299584, buffers=255000576, cached=5732040704, shared=57253888, slab=583233536)
2024-09-12 09:52:23,581:INFO:Physical Core: 1
2024-09-12 09:52:23,581:INFO:Logical Core: 2
2024-09-12 09:52:23,581:INFO:Checking libraries
2024-09-12 09:52:23,581:INFO:System:
2024-09-12 09:52:23,581:INFO:    python: 3.10.13 (main, Jan 10 2024, 19:45:45) [GCC 9.4.0]
2024-09-12 09:52:23,581:INFO:executable: /home/codespace/.python/current/bin/python
2024-09-12 09:52:23,581:INFO:   machine: Linux-6.5.0-1025-azure-x86_64-with-glibc2.31
2024-09-12 09:52:23,581:INFO:PyCaret required dependencies:
2024-09-12 09:52:23,817:INFO:                 pip: 24.0
2024-09-12 09:52:23,818:INFO:          setuptools: 68.2.2
2024-09-12 09:52:23,818:INFO:             pycaret: 3.3.2
2024-09-12 09:52:23,818:INFO:             IPython: 8.20.0
2024-09-12 09:52:23,818:INFO:          ipywidgets: 8.1.5
2024-09-12 09:52:23,818:INFO:                tqdm: 4.66.5
2024-09-12 09:52:23,818:INFO:               numpy: 1.26.3
2024-09-12 09:52:23,818:INFO:              pandas: 2.1.4
2024-09-12 09:52:23,818:INFO:              jinja2: 3.1.2
2024-09-12 09:52:23,818:INFO:               scipy: 1.11.4
2024-09-12 09:52:23,818:INFO:              joblib: 1.3.2
2024-09-12 09:52:23,818:INFO:             sklearn: 1.4.2
2024-09-12 09:52:23,818:INFO:                pyod: 2.0.2
2024-09-12 09:52:23,818:INFO:            imblearn: 0.12.3
2024-09-12 09:52:23,818:INFO:   category_encoders: 2.6.3
2024-09-12 09:52:23,818:INFO:            lightgbm: 4.5.0
2024-09-12 09:52:23,819:INFO:               numba: 0.60.0
2024-09-12 09:52:23,819:INFO:            requests: 2.31.0
2024-09-12 09:52:23,819:INFO:          matplotlib: 3.7.5
2024-09-12 09:52:23,819:INFO:          scikitplot: 0.3.7
2024-09-12 09:52:23,819:INFO:         yellowbrick: 1.5
2024-09-12 09:52:23,819:INFO:              plotly: 5.18.0
2024-09-12 09:52:23,819:INFO:    plotly-resampler: Not installed
2024-09-12 09:52:23,819:INFO:             kaleido: 0.2.1
2024-09-12 09:52:23,819:INFO:           schemdraw: 0.15
2024-09-12 09:52:23,819:INFO:         statsmodels: 0.14.1
2024-09-12 09:52:23,819:INFO:              sktime: 0.26.0
2024-09-12 09:52:23,819:INFO:               tbats: 1.1.3
2024-09-12 09:52:23,819:INFO:            pmdarima: 2.0.4
2024-09-12 09:52:23,819:INFO:              psutil: 5.9.7
2024-09-12 09:52:23,819:INFO:          markupsafe: 2.1.3
2024-09-12 09:52:23,819:INFO:             pickle5: Not installed
2024-09-12 09:52:23,819:INFO:         cloudpickle: 3.0.0
2024-09-12 09:52:23,820:INFO:         deprecation: 2.1.0
2024-09-12 09:52:23,820:INFO:              xxhash: 3.5.0
2024-09-12 09:52:23,820:INFO:           wurlitzer: 3.1.1
2024-09-12 09:52:23,820:INFO:PyCaret optional dependencies:
2024-09-12 09:52:23,838:INFO:                shap: Not installed
2024-09-12 09:52:23,838:INFO:           interpret: Not installed
2024-09-12 09:52:23,838:INFO:                umap: Not installed
2024-09-12 09:52:23,838:INFO:     ydata_profiling: Not installed
2024-09-12 09:52:23,838:INFO:  explainerdashboard: Not installed
2024-09-12 09:52:23,838:INFO:             autoviz: Not installed
2024-09-12 09:52:23,838:INFO:           fairlearn: Not installed
2024-09-12 09:52:23,838:INFO:          deepchecks: Not installed
2024-09-12 09:52:23,838:INFO:             xgboost: Not installed
2024-09-12 09:52:23,838:INFO:            catboost: Not installed
2024-09-12 09:52:23,838:INFO:              kmodes: Not installed
2024-09-12 09:52:23,839:INFO:             mlxtend: Not installed
2024-09-12 09:52:23,839:INFO:       statsforecast: Not installed
2024-09-12 09:52:23,839:INFO:        tune_sklearn: Not installed
2024-09-12 09:52:23,839:INFO:                 ray: Not installed
2024-09-12 09:52:23,839:INFO:            hyperopt: Not installed
2024-09-12 09:52:23,839:INFO:              optuna: Not installed
2024-09-12 09:52:23,839:INFO:               skopt: Not installed
2024-09-12 09:52:23,839:INFO:              mlflow: Not installed
2024-09-12 09:52:23,839:INFO:              gradio: Not installed
2024-09-12 09:52:23,839:INFO:             fastapi: Not installed
2024-09-12 09:52:23,839:INFO:             uvicorn: Not installed
2024-09-12 09:52:23,839:INFO:              m2cgen: Not installed
2024-09-12 09:52:23,839:INFO:           evidently: Not installed
2024-09-12 09:52:23,839:INFO:               fugue: Not installed
2024-09-12 09:52:23,839:INFO:           streamlit: 1.35.0
2024-09-12 09:52:23,839:INFO:             prophet: Not installed
2024-09-12 09:52:23,839:INFO:None
2024-09-12 09:52:23,840:INFO:Set up data.
2024-09-12 09:52:23,867:INFO:Set up folding strategy.
2024-09-12 09:52:23,867:INFO:Set up train/test split.
2024-09-12 09:52:23,870:INFO:Set up index.
2024-09-12 09:52:23,870:INFO:Assigning column types.
2024-09-12 09:52:23,872:INFO:Engine successfully changes for model 'lr' to 'sklearn'.
2024-09-12 09:52:23,872:INFO:Engine for model 'lasso' has not been set explicitly, hence returning None.
2024-09-12 09:52:23,877:INFO:Engine for model 'ridge' has not been set explicitly, hence returning None.
2024-09-12 09:52:23,882:INFO:Engine for model 'en' has not been set explicitly, hence returning None.
2024-09-12 09:52:23,933:INFO:Engine for model 'svm' has not been set explicitly, hence returning None.
2024-09-12 09:52:23,973:INFO:Engine for model 'knn' has not been set explicitly, hence returning None.
2024-09-12 09:52:23,973:WARNING:
'xgboost' is a soft dependency and not included in the pycaret installation. Please run: `pip install xgboost` to install.
Alternately, you can install this by running `pip install pycaret[models]`
2024-09-12 09:52:23,974:WARNING:
'catboost' is a soft dependency and not included in the pycaret installation. Please run: `pip install catboost` to install.
Alternately, you can install this by running `pip install pycaret[models]`
2024-09-12 09:52:23,974:INFO:Engine for model 'lasso' has not been set explicitly, hence returning None.
2024-09-12 09:52:23,978:INFO:Engine for model 'ridge' has not been set explicitly, hence returning None.
2024-09-12 09:52:23,982:INFO:Engine for model 'en' has not been set explicitly, hence returning None.
2024-09-12 09:52:24,035:INFO:Engine for model 'svm' has not been set explicitly, hence returning None.
2024-09-12 09:52:24,075:INFO:Engine for model 'knn' has not been set explicitly, hence returning None.
2024-09-12 09:52:24,076:WARNING:
'xgboost' is a soft dependency and not included in the pycaret installation. Please run: `pip install xgboost` to install.
Alternately, you can install this by running `pip install pycaret[models]`
2024-09-12 09:52:24,076:WARNING:
'catboost' is a soft dependency and not included in the pycaret installation. Please run: `pip install catboost` to install.
Alternately, you can install this by running `pip install pycaret[models]`
2024-09-12 09:52:24,077:INFO:Engine successfully changes for model 'lasso' to 'sklearn'.
2024-09-12 09:52:24,081:INFO:Engine for model 'ridge' has not been set explicitly, hence returning None.
2024-09-12 09:52:24,085:INFO:Engine for model 'en' has not been set explicitly, hence returning None.
2024-09-12 09:52:24,136:INFO:Engine for model 'svm' has not been set explicitly, hence returning None.
2024-09-12 09:52:24,180:INFO:Engine for model 'knn' has not been set explicitly, hence returning None.
2024-09-12 09:52:24,180:WARNING:
'xgboost' is a soft dependency and not included in the pycaret installation. Please run: `pip install xgboost` to install.
Alternately, you can install this by running `pip install pycaret[models]`
2024-09-12 09:52:24,181:WARNING:
'catboost' is a soft dependency and not included in the pycaret installation. Please run: `pip install catboost` to install.
Alternately, you can install this by running `pip install pycaret[models]`
2024-09-12 09:52:24,185:INFO:Engine for model 'ridge' has not been set explicitly, hence returning None.
2024-09-12 09:52:24,189:INFO:Engine for model 'en' has not been set explicitly, hence returning None.
2024-09-12 09:52:24,241:INFO:Engine for model 'svm' has not been set explicitly, hence returning None.
2024-09-12 09:52:24,283:INFO:Engine for model 'knn' has not been set explicitly, hence returning None.
2024-09-12 09:52:24,284:WARNING:
'xgboost' is a soft dependency and not included in the pycaret installation. Please run: `pip install xgboost` to install.
Alternately, you can install this by running `pip install pycaret[models]`
2024-09-12 09:52:24,284:WARNING:
'catboost' is a soft dependency and not included in the pycaret installation. Please run: `pip install catboost` to install.
Alternately, you can install this by running `pip install pycaret[models]`
2024-09-12 09:52:24,284:INFO:Engine successfully changes for model 'ridge' to 'sklearn'.
2024-09-12 09:52:24,293:INFO:Engine for model 'en' has not been set explicitly, hence returning None.
2024-09-12 09:52:24,345:INFO:Engine for model 'svm' has not been set explicitly, hence returning None.
2024-09-12 09:52:24,386:INFO:Engine for model 'knn' has not been set explicitly, hence returning None.
2024-09-12 09:52:24,386:WARNING:
'xgboost' is a soft dependency and not included in the pycaret installation. Please run: `pip install xgboost` to install.
Alternately, you can install this by running `pip install pycaret[models]`
2024-09-12 09:52:24,386:WARNING:
'catboost' is a soft dependency and not included in the pycaret installation. Please run: `pip install catboost` to install.
Alternately, you can install this by running `pip install pycaret[models]`
2024-09-12 09:52:24,395:INFO:Engine for model 'en' has not been set explicitly, hence returning None.
2024-09-12 09:52:24,447:INFO:Engine for model 'svm' has not been set explicitly, hence returning None.
2024-09-12 09:52:24,487:INFO:Engine for model 'knn' has not been set explicitly, hence returning None.
2024-09-12 09:52:24,490:WARNING:
'xgboost' is a soft dependency and not included in the pycaret installation. Please run: `pip install xgboost` to install.
Alternately, you can install this by running `pip install pycaret[models]`
2024-09-12 09:52:24,491:WARNING:
'catboost' is a soft dependency and not included in the pycaret installation. Please run: `pip install catboost` to install.
Alternately, you can install this by running `pip install pycaret[models]`
2024-09-12 09:52:24,491:INFO:Engine successfully changes for model 'en' to 'sklearn'.
2024-09-12 09:52:24,550:INFO:Engine for model 'svm' has not been set explicitly, hence returning None.
2024-09-12 09:52:24,590:INFO:Engine for model 'knn' has not been set explicitly, hence returning None.
2024-09-12 09:52:24,590:WARNING:
'xgboost' is a soft dependency and not included in the pycaret installation. Please run: `pip install xgboost` to install.
Alternately, you can install this by running `pip install pycaret[models]`
2024-09-12 09:52:24,591:WARNING:
'catboost' is a soft dependency and not included in the pycaret installation. Please run: `pip install catboost` to install.
Alternately, you can install this by running `pip install pycaret[models]`
2024-09-12 09:52:24,651:INFO:Engine for model 'svm' has not been set explicitly, hence returning None.
2024-09-12 09:52:24,691:INFO:Engine for model 'knn' has not been set explicitly, hence returning None.
2024-09-12 09:52:24,692:WARNING:
'xgboost' is a soft dependency and not included in the pycaret installation. Please run: `pip install xgboost` to install.
Alternately, you can install this by running `pip install pycaret[models]`
2024-09-12 09:52:24,692:WARNING:
'catboost' is a soft dependency and not included in the pycaret installation. Please run: `pip install catboost` to install.
Alternately, you can install this by running `pip install pycaret[models]`
2024-09-12 09:52:24,692:INFO:Engine successfully changes for model 'knn' to 'sklearn'.
2024-09-12 09:52:24,812:INFO:Engine for model 'svm' has not been set explicitly, hence returning None.
2024-09-12 09:52:24,961:WARNING:
'xgboost' is a soft dependency and not included in the pycaret installation. Please run: `pip install xgboost` to install.
Alternately, you can install this by running `pip install pycaret[models]`
2024-09-12 09:52:24,966:WARNING:
'catboost' is a soft dependency and not included in the pycaret installation. Please run: `pip install catboost` to install.
Alternately, you can install this by running `pip install pycaret[models]`
2024-09-12 09:52:25,060:INFO:Engine for model 'svm' has not been set explicitly, hence returning None.
2024-09-12 09:52:25,103:WARNING:
'xgboost' is a soft dependency and not included in the pycaret installation. Please run: `pip install xgboost` to install.
Alternately, you can install this by running `pip install pycaret[models]`
2024-09-12 09:52:25,104:WARNING:
'catboost' is a soft dependency and not included in the pycaret installation. Please run: `pip install catboost` to install.
Alternately, you can install this by running `pip install pycaret[models]`
2024-09-12 09:52:25,104:INFO:Engine successfully changes for model 'svm' to 'sklearn'.
2024-09-12 09:52:25,211:WARNING:
'xgboost' is a soft dependency and not included in the pycaret installation. Please run: `pip install xgboost` to install.
Alternately, you can install this by running `pip install pycaret[models]`
2024-09-12 09:52:25,211:WARNING:
'catboost' is a soft dependency and not included in the pycaret installation. Please run: `pip install catboost` to install.
Alternately, you can install this by running `pip install pycaret[models]`
2024-09-12 09:52:25,314:WARNING:
'xgboost' is a soft dependency and not included in the pycaret installation. Please run: `pip install xgboost` to install.
Alternately, you can install this by running `pip install pycaret[models]`
2024-09-12 09:52:25,314:WARNING:
'catboost' is a soft dependency and not included in the pycaret installation. Please run: `pip install catboost` to install.
Alternately, you can install this by running `pip install pycaret[models]`
2024-09-12 09:52:25,316:INFO:Preparing preprocessing pipeline...
2024-09-12 09:52:25,316:INFO:Set up date feature engineering.
2024-09-12 09:52:25,316:INFO:Set up simple imputation.
2024-09-12 09:52:25,317:INFO:Set up column name cleaning.
2024-09-12 09:52:25,339:INFO:Finished creating preprocessing pipeline.
2024-09-12 09:52:25,345:INFO:Pipeline: Pipeline(memory=FastMemory(location=/tmp/joblib),
         steps=[('date_feature_extractor',
                 TransformerWrapper(include=['Period'],
                                    transformer=ExtractDateTimeFeatures())),
                ('numerical_imputer',
                 TransformerWrapper(include=[], transformer=SimpleImputer())),
                ('categorical_imputer',
                 TransformerWrapper(include=[],
                                    transformer=SimpleImputer(strategy='most_frequent'))),
                ('clean_column_names',
                 TransformerWrapper(transformer=CleanColumnNames()))])
2024-09-12 09:52:25,345:INFO:Creating final display dataframe.
2024-09-12 09:52:25,407:INFO:Setup _display_container:                     Description                             Value
0                    Session id                               123
1                        Target  Average price All property types
2                   Target type                        Regression
3           Original data shape                           (72, 2)
4        Transformed data shape                           (72, 4)
5   Transformed train set shape                           (50, 4)
6    Transformed test set shape                           (22, 4)
7                 Date features                                 1
8                    Preprocess                              True
9               Imputation type                            simple
10           Numeric imputation                              mean
11       Categorical imputation                              mode
12               Fold Generator                   TimeSeriesSplit
13                  Fold Number                                 2
14                     CPU Jobs                                -1
15                      Use GPU                             False
16               Log Experiment                             False
17              Experiment Name                  reg-default-name
18                          USI                              243f
2024-09-12 09:52:25,532:WARNING:
'xgboost' is a soft dependency and not included in the pycaret installation. Please run: `pip install xgboost` to install.
Alternately, you can install this by running `pip install pycaret[models]`
2024-09-12 09:52:25,532:WARNING:
'catboost' is a soft dependency and not included in the pycaret installation. Please run: `pip install catboost` to install.
Alternately, you can install this by running `pip install pycaret[models]`
2024-09-12 09:52:25,632:WARNING:
'xgboost' is a soft dependency and not included in the pycaret installation. Please run: `pip install xgboost` to install.
Alternately, you can install this by running `pip install pycaret[models]`
2024-09-12 09:52:25,632:WARNING:
'catboost' is a soft dependency and not included in the pycaret installation. Please run: `pip install catboost` to install.
Alternately, you can install this by running `pip install pycaret[models]`
2024-09-12 09:52:25,633:INFO:setup() successfully completed in 2.06s...............
2024-09-12 09:52:25,633:INFO:Initializing compare_models()
2024-09-12 09:52:25,633:INFO:compare_models(self=<pycaret.regression.oop.RegressionExperiment object at 0x783bac3c86a0>, include=None, fold=None, round=4, cross_validation=True, sort=MAE, n_select=1, budget_time=None, turbo=True, errors=ignore, fit_kwargs=None, groups=None, experiment_custom_tags=None, probability_threshold=None, verbose=True, parallel=None, caller_params={'self': <pycaret.regression.oop.RegressionExperiment object at 0x783bac3c86a0>, 'include': None, 'exclude': None, 'fold': None, 'round': 4, 'cross_validation': True, 'sort': 'MAE', 'n_select': 1, 'budget_time': None, 'turbo': True, 'errors': 'ignore', 'fit_kwargs': None, 'groups': None, 'experiment_custom_tags': None, 'engine': None, 'verbose': True, 'parallel': None, '__class__': <class 'pycaret.regression.oop.RegressionExperiment'>}, exclude=None)
2024-09-12 09:52:25,634:INFO:Checking exceptions
2024-09-12 09:52:25,635:INFO:Preparing display monitor
2024-09-12 09:52:25,663:INFO:Initializing Linear Regression
2024-09-12 09:52:25,663:INFO:Total runtime is 4.796187082926432e-06 minutes
2024-09-12 09:52:25,667:INFO:SubProcess create_model() called ==================================
2024-09-12 09:52:25,667:INFO:Initializing create_model()
2024-09-12 09:52:25,668:INFO:create_model(self=<pycaret.regression.oop.RegressionExperiment object at 0x783bac3c86a0>, estimator=lr, fold=TimeSeriesSplit(gap=0, max_train_size=None, n_splits=2, test_size=None), round=4, cross_validation=True, predict=True, fit_kwargs={}, groups=None, refit=False, probability_threshold=None, experiment_custom_tags=None, verbose=False, system=False, add_to_model_list=True, metrics=None, display=<pycaret.internal.display.display.CommonDisplay object at 0x783ba776a590>, model_only=True, return_train_score=False, error_score=0.0, kwargs={})
2024-09-12 09:52:25,668:INFO:Checking exceptions
2024-09-12 09:52:25,668:INFO:Importing libraries
2024-09-12 09:52:25,668:INFO:Copying training dataset
2024-09-12 09:52:25,671:INFO:Defining folds
2024-09-12 09:52:25,671:INFO:Declaring metric variables
2024-09-12 09:52:25,674:INFO:Importing untrained model
2024-09-12 09:52:25,678:INFO:Linear Regression Imported successfully
2024-09-12 09:52:25,687:INFO:Starting cross validation
2024-09-12 09:52:25,691:INFO:Cross validating with TimeSeriesSplit(gap=0, max_train_size=None, n_splits=2, test_size=None), n_jobs=-1
2024-09-12 09:52:28,392:INFO:Calculating mean and std
2024-09-12 09:52:28,399:INFO:Creating metrics dataframe
2024-09-12 09:52:28,402:INFO:Uploading results into container
2024-09-12 09:52:28,403:INFO:Uploading model into container now
2024-09-12 09:52:28,404:INFO:_master_model_container: 1
2024-09-12 09:52:28,404:INFO:_display_container: 2
2024-09-12 09:52:28,404:INFO:LinearRegression(n_jobs=-1)
2024-09-12 09:52:28,404:INFO:create_model() successfully completed......................................
2024-09-12 09:52:28,505:INFO:SubProcess create_model() end ==================================
2024-09-12 09:52:28,505:INFO:Creating metrics dataframe
2024-09-12 09:52:28,513:INFO:Initializing Lasso Regression
2024-09-12 09:52:28,513:INFO:Total runtime is 0.04749639431635539 minutes
2024-09-12 09:52:28,517:INFO:SubProcess create_model() called ==================================
2024-09-12 09:52:28,517:INFO:Initializing create_model()
2024-09-12 09:52:28,518:INFO:create_model(self=<pycaret.regression.oop.RegressionExperiment object at 0x783bac3c86a0>, estimator=lasso, fold=TimeSeriesSplit(gap=0, max_train_size=None, n_splits=2, test_size=None), round=4, cross_validation=True, predict=True, fit_kwargs={}, groups=None, refit=False, probability_threshold=None, experiment_custom_tags=None, verbose=False, system=False, add_to_model_list=True, metrics=None, display=<pycaret.internal.display.display.CommonDisplay object at 0x783ba776a590>, model_only=True, return_train_score=False, error_score=0.0, kwargs={})
2024-09-12 09:52:28,518:INFO:Checking exceptions
2024-09-12 09:52:28,518:INFO:Importing libraries
2024-09-12 09:52:28,518:INFO:Copying training dataset
2024-09-12 09:52:28,522:INFO:Defining folds
2024-09-12 09:52:28,522:INFO:Declaring metric variables
2024-09-12 09:52:28,526:INFO:Importing untrained model
2024-09-12 09:52:28,530:INFO:Lasso Regression Imported successfully
2024-09-12 09:52:28,537:INFO:Starting cross validation
2024-09-12 09:52:28,538:INFO:Cross validating with TimeSeriesSplit(gap=0, max_train_size=None, n_splits=2, test_size=None), n_jobs=-1
2024-09-12 09:52:28,592:INFO:Calculating mean and std
2024-09-12 09:52:28,593:INFO:Creating metrics dataframe
2024-09-12 09:52:28,594:INFO:Uploading results into container
2024-09-12 09:52:28,595:INFO:Uploading model into container now
2024-09-12 09:52:28,595:INFO:_master_model_container: 2
2024-09-12 09:52:28,595:INFO:_display_container: 2
2024-09-12 09:52:28,596:INFO:Lasso(random_state=123)
2024-09-12 09:52:28,596:INFO:create_model() successfully completed......................................
2024-09-12 09:52:28,672:INFO:SubProcess create_model() end ==================================
2024-09-12 09:52:28,672:INFO:Creating metrics dataframe
2024-09-12 09:52:28,679:INFO:Initializing Ridge Regression
2024-09-12 09:52:28,679:INFO:Total runtime is 0.05026309887568156 minutes
2024-09-12 09:52:28,684:INFO:SubProcess create_model() called ==================================
2024-09-12 09:52:28,685:INFO:Initializing create_model()
2024-09-12 09:52:28,685:INFO:create_model(self=<pycaret.regression.oop.RegressionExperiment object at 0x783bac3c86a0>, estimator=ridge, fold=TimeSeriesSplit(gap=0, max_train_size=None, n_splits=2, test_size=None), round=4, cross_validation=True, predict=True, fit_kwargs={}, groups=None, refit=False, probability_threshold=None, experiment_custom_tags=None, verbose=False, system=False, add_to_model_list=True, metrics=None, display=<pycaret.internal.display.display.CommonDisplay object at 0x783ba776a590>, model_only=True, return_train_score=False, error_score=0.0, kwargs={})
2024-09-12 09:52:28,685:INFO:Checking exceptions
2024-09-12 09:52:28,685:INFO:Importing libraries
2024-09-12 09:52:28,685:INFO:Copying training dataset
2024-09-12 09:52:28,689:INFO:Defining folds
2024-09-12 09:52:28,689:INFO:Declaring metric variables
2024-09-12 09:52:28,693:INFO:Importing untrained model
2024-09-12 09:52:28,697:INFO:Ridge Regression Imported successfully
2024-09-12 09:52:28,704:INFO:Starting cross validation
2024-09-12 09:52:28,705:INFO:Cross validating with TimeSeriesSplit(gap=0, max_train_size=None, n_splits=2, test_size=None), n_jobs=-1
2024-09-12 09:52:28,760:INFO:Calculating mean and std
2024-09-12 09:52:28,761:INFO:Creating metrics dataframe
2024-09-12 09:52:28,763:INFO:Uploading results into container
2024-09-12 09:52:28,763:INFO:Uploading model into container now
2024-09-12 09:52:28,764:INFO:_master_model_container: 3
2024-09-12 09:52:28,764:INFO:_display_container: 2
2024-09-12 09:52:28,764:INFO:Ridge(random_state=123)
2024-09-12 09:52:28,764:INFO:create_model() successfully completed......................................
2024-09-12 09:52:28,844:INFO:SubProcess create_model() end ==================================
2024-09-12 09:52:28,844:INFO:Creating metrics dataframe
2024-09-12 09:52:28,851:INFO:Initializing Elastic Net
2024-09-12 09:52:28,851:INFO:Total runtime is 0.053128397464752196 minutes
2024-09-12 09:52:28,855:INFO:SubProcess create_model() called ==================================
2024-09-12 09:52:28,855:INFO:Initializing create_model()
2024-09-12 09:52:28,856:INFO:create_model(self=<pycaret.regression.oop.RegressionExperiment object at 0x783bac3c86a0>, estimator=en, fold=TimeSeriesSplit(gap=0, max_train_size=None, n_splits=2, test_size=None), round=4, cross_validation=True, predict=True, fit_kwargs={}, groups=None, refit=False, probability_threshold=None, experiment_custom_tags=None, verbose=False, system=False, add_to_model_list=True, metrics=None, display=<pycaret.internal.display.display.CommonDisplay object at 0x783ba776a590>, model_only=True, return_train_score=False, error_score=0.0, kwargs={})
2024-09-12 09:52:28,856:INFO:Checking exceptions
2024-09-12 09:52:28,856:INFO:Importing libraries
2024-09-12 09:52:28,856:INFO:Copying training dataset
2024-09-12 09:52:28,860:INFO:Defining folds
2024-09-12 09:52:28,860:INFO:Declaring metric variables
2024-09-12 09:52:28,865:INFO:Importing untrained model
2024-09-12 09:52:28,870:INFO:Elastic Net Imported successfully
2024-09-12 09:52:28,877:INFO:Starting cross validation
2024-09-12 09:52:28,878:INFO:Cross validating with TimeSeriesSplit(gap=0, max_train_size=None, n_splits=2, test_size=None), n_jobs=-1
2024-09-12 09:52:28,918:INFO:Calculating mean and std
2024-09-12 09:52:28,918:INFO:Creating metrics dataframe
2024-09-12 09:52:28,920:INFO:Uploading results into container
2024-09-12 09:52:28,921:INFO:Uploading model into container now
2024-09-12 09:52:28,921:INFO:_master_model_container: 4
2024-09-12 09:52:28,921:INFO:_display_container: 2
2024-09-12 09:52:28,921:INFO:ElasticNet(random_state=123)
2024-09-12 09:52:28,921:INFO:create_model() successfully completed......................................
2024-09-12 09:52:29,000:INFO:SubProcess create_model() end ==================================
2024-09-12 09:52:29,000:INFO:Creating metrics dataframe
2024-09-12 09:52:29,007:INFO:Initializing Least Angle Regression
2024-09-12 09:52:29,007:INFO:Total runtime is 0.05573446750640869 minutes
2024-09-12 09:52:29,011:INFO:SubProcess create_model() called ==================================
2024-09-12 09:52:29,012:INFO:Initializing create_model()
2024-09-12 09:52:29,012:INFO:create_model(self=<pycaret.regression.oop.RegressionExperiment object at 0x783bac3c86a0>, estimator=lar, fold=TimeSeriesSplit(gap=0, max_train_size=None, n_splits=2, test_size=None), round=4, cross_validation=True, predict=True, fit_kwargs={}, groups=None, refit=False, probability_threshold=None, experiment_custom_tags=None, verbose=False, system=False, add_to_model_list=True, metrics=None, display=<pycaret.internal.display.display.CommonDisplay object at 0x783ba776a590>, model_only=True, return_train_score=False, error_score=0.0, kwargs={})
2024-09-12 09:52:29,012:INFO:Checking exceptions
2024-09-12 09:52:29,012:INFO:Importing libraries
2024-09-12 09:52:29,012:INFO:Copying training dataset
2024-09-12 09:52:29,017:INFO:Defining folds
2024-09-12 09:52:29,017:INFO:Declaring metric variables
2024-09-12 09:52:29,021:INFO:Importing untrained model
2024-09-12 09:52:29,026:INFO:Least Angle Regression Imported successfully
2024-09-12 09:52:29,033:INFO:Starting cross validation
2024-09-12 09:52:29,034:INFO:Cross validating with TimeSeriesSplit(gap=0, max_train_size=None, n_splits=2, test_size=None), n_jobs=-1
2024-09-12 09:52:29,070:INFO:Calculating mean and std
2024-09-12 09:52:29,071:INFO:Creating metrics dataframe
2024-09-12 09:52:29,072:INFO:Uploading results into container
2024-09-12 09:52:29,073:INFO:Uploading model into container now
2024-09-12 09:52:29,073:INFO:_master_model_container: 5
2024-09-12 09:52:29,073:INFO:_display_container: 2
2024-09-12 09:52:29,074:INFO:Lars(random_state=123)
2024-09-12 09:52:29,074:INFO:create_model() successfully completed......................................
2024-09-12 09:52:29,153:INFO:SubProcess create_model() end ==================================
2024-09-12 09:52:29,153:INFO:Creating metrics dataframe
2024-09-12 09:52:29,161:INFO:Initializing Lasso Least Angle Regression
2024-09-12 09:52:29,161:INFO:Total runtime is 0.05829739570617676 minutes
2024-09-12 09:52:29,166:INFO:SubProcess create_model() called ==================================
2024-09-12 09:52:29,166:INFO:Initializing create_model()
2024-09-12 09:52:29,166:INFO:create_model(self=<pycaret.regression.oop.RegressionExperiment object at 0x783bac3c86a0>, estimator=llar, fold=TimeSeriesSplit(gap=0, max_train_size=None, n_splits=2, test_size=None), round=4, cross_validation=True, predict=True, fit_kwargs={}, groups=None, refit=False, probability_threshold=None, experiment_custom_tags=None, verbose=False, system=False, add_to_model_list=True, metrics=None, display=<pycaret.internal.display.display.CommonDisplay object at 0x783ba776a590>, model_only=True, return_train_score=False, error_score=0.0, kwargs={})
2024-09-12 09:52:29,166:INFO:Checking exceptions
2024-09-12 09:52:29,166:INFO:Importing libraries
2024-09-12 09:52:29,167:INFO:Copying training dataset
2024-09-12 09:52:29,171:INFO:Defining folds
2024-09-12 09:52:29,171:INFO:Declaring metric variables
2024-09-12 09:52:29,176:INFO:Importing untrained model
2024-09-12 09:52:29,180:INFO:Lasso Least Angle Regression Imported successfully
2024-09-12 09:52:29,187:INFO:Starting cross validation
2024-09-12 09:52:29,189:INFO:Cross validating with TimeSeriesSplit(gap=0, max_train_size=None, n_splits=2, test_size=None), n_jobs=-1
2024-09-12 09:52:29,230:INFO:Calculating mean and std
2024-09-12 09:52:29,231:INFO:Creating metrics dataframe
2024-09-12 09:52:29,234:INFO:Uploading results into container
2024-09-12 09:52:29,234:INFO:Uploading model into container now
2024-09-12 09:52:29,234:INFO:_master_model_container: 6
2024-09-12 09:52:29,235:INFO:_display_container: 2
2024-09-12 09:52:29,235:INFO:LassoLars(random_state=123)
2024-09-12 09:52:29,235:INFO:create_model() successfully completed......................................
2024-09-12 09:52:29,314:INFO:SubProcess create_model() end ==================================
2024-09-12 09:52:29,314:INFO:Creating metrics dataframe
2024-09-12 09:52:29,322:INFO:Initializing Orthogonal Matching Pursuit
2024-09-12 09:52:29,322:INFO:Total runtime is 0.06098309357961019 minutes
2024-09-12 09:52:29,326:INFO:SubProcess create_model() called ==================================
2024-09-12 09:52:29,327:INFO:Initializing create_model()
2024-09-12 09:52:29,327:INFO:create_model(self=<pycaret.regression.oop.RegressionExperiment object at 0x783bac3c86a0>, estimator=omp, fold=TimeSeriesSplit(gap=0, max_train_size=None, n_splits=2, test_size=None), round=4, cross_validation=True, predict=True, fit_kwargs={}, groups=None, refit=False, probability_threshold=None, experiment_custom_tags=None, verbose=False, system=False, add_to_model_list=True, metrics=None, display=<pycaret.internal.display.display.CommonDisplay object at 0x783ba776a590>, model_only=True, return_train_score=False, error_score=0.0, kwargs={})
2024-09-12 09:52:29,327:INFO:Checking exceptions
2024-09-12 09:52:29,327:INFO:Importing libraries
2024-09-12 09:52:29,327:INFO:Copying training dataset
2024-09-12 09:52:29,331:INFO:Defining folds
2024-09-12 09:52:29,331:INFO:Declaring metric variables
2024-09-12 09:52:29,336:INFO:Importing untrained model
2024-09-12 09:52:29,339:INFO:Orthogonal Matching Pursuit Imported successfully
2024-09-12 09:52:29,346:INFO:Starting cross validation
2024-09-12 09:52:29,347:INFO:Cross validating with TimeSeriesSplit(gap=0, max_train_size=None, n_splits=2, test_size=None), n_jobs=-1
2024-09-12 09:52:29,386:INFO:Calculating mean and std
2024-09-12 09:52:29,387:INFO:Creating metrics dataframe
2024-09-12 09:52:29,388:INFO:Uploading results into container
2024-09-12 09:52:29,389:INFO:Uploading model into container now
2024-09-12 09:52:29,389:INFO:_master_model_container: 7
2024-09-12 09:52:29,389:INFO:_display_container: 2
2024-09-12 09:52:29,390:INFO:OrthogonalMatchingPursuit()
2024-09-12 09:52:29,390:INFO:create_model() successfully completed......................................
2024-09-12 09:52:29,469:INFO:SubProcess create_model() end ==================================
2024-09-12 09:52:29,470:INFO:Creating metrics dataframe
2024-09-12 09:52:29,483:INFO:Initializing Bayesian Ridge
2024-09-12 09:52:29,483:INFO:Total runtime is 0.06366920471191406 minutes
2024-09-12 09:52:29,489:INFO:SubProcess create_model() called ==================================
2024-09-12 09:52:29,489:INFO:Initializing create_model()
2024-09-12 09:52:29,489:INFO:create_model(self=<pycaret.regression.oop.RegressionExperiment object at 0x783bac3c86a0>, estimator=br, fold=TimeSeriesSplit(gap=0, max_train_size=None, n_splits=2, test_size=None), round=4, cross_validation=True, predict=True, fit_kwargs={}, groups=None, refit=False, probability_threshold=None, experiment_custom_tags=None, verbose=False, system=False, add_to_model_list=True, metrics=None, display=<pycaret.internal.display.display.CommonDisplay object at 0x783ba776a590>, model_only=True, return_train_score=False, error_score=0.0, kwargs={})
2024-09-12 09:52:29,489:INFO:Checking exceptions
2024-09-12 09:52:29,489:INFO:Importing libraries
2024-09-12 09:52:29,489:INFO:Copying training dataset
2024-09-12 09:52:29,496:INFO:Defining folds
2024-09-12 09:52:29,496:INFO:Declaring metric variables
2024-09-12 09:52:29,502:INFO:Importing untrained model
2024-09-12 09:52:29,508:INFO:Bayesian Ridge Imported successfully
2024-09-12 09:52:29,521:INFO:Starting cross validation
2024-09-12 09:52:29,522:INFO:Cross validating with TimeSeriesSplit(gap=0, max_train_size=None, n_splits=2, test_size=None), n_jobs=-1
2024-09-12 09:52:29,578:INFO:Calculating mean and std
2024-09-12 09:52:29,579:INFO:Creating metrics dataframe
2024-09-12 09:52:29,581:INFO:Uploading results into container
2024-09-12 09:52:29,581:INFO:Uploading model into container now
2024-09-12 09:52:29,582:INFO:_master_model_container: 8
2024-09-12 09:52:29,582:INFO:_display_container: 2
2024-09-12 09:52:29,582:INFO:BayesianRidge()
2024-09-12 09:52:29,582:INFO:create_model() successfully completed......................................
2024-09-12 09:52:29,667:INFO:SubProcess create_model() end ==================================
2024-09-12 09:52:29,668:INFO:Creating metrics dataframe
2024-09-12 09:52:29,679:INFO:Initializing Passive Aggressive Regressor
2024-09-12 09:52:29,679:INFO:Total runtime is 0.06693341732025146 minutes
2024-09-12 09:52:29,683:INFO:SubProcess create_model() called ==================================
2024-09-12 09:52:29,684:INFO:Initializing create_model()
2024-09-12 09:52:29,684:INFO:create_model(self=<pycaret.regression.oop.RegressionExperiment object at 0x783bac3c86a0>, estimator=par, fold=TimeSeriesSplit(gap=0, max_train_size=None, n_splits=2, test_size=None), round=4, cross_validation=True, predict=True, fit_kwargs={}, groups=None, refit=False, probability_threshold=None, experiment_custom_tags=None, verbose=False, system=False, add_to_model_list=True, metrics=None, display=<pycaret.internal.display.display.CommonDisplay object at 0x783ba776a590>, model_only=True, return_train_score=False, error_score=0.0, kwargs={})
2024-09-12 09:52:29,684:INFO:Checking exceptions
2024-09-12 09:52:29,684:INFO:Importing libraries
2024-09-12 09:52:29,685:INFO:Copying training dataset
2024-09-12 09:52:29,690:INFO:Defining folds
2024-09-12 09:52:29,690:INFO:Declaring metric variables
2024-09-12 09:52:29,694:INFO:Importing untrained model
2024-09-12 09:52:29,698:INFO:Passive Aggressive Regressor Imported successfully
2024-09-12 09:52:29,705:INFO:Starting cross validation
2024-09-12 09:52:29,706:INFO:Cross validating with TimeSeriesSplit(gap=0, max_train_size=None, n_splits=2, test_size=None), n_jobs=-1
2024-09-12 09:52:29,742:INFO:Calculating mean and std
2024-09-12 09:52:29,742:INFO:Creating metrics dataframe
2024-09-12 09:52:29,744:INFO:Uploading results into container
2024-09-12 09:52:29,744:INFO:Uploading model into container now
2024-09-12 09:52:29,745:INFO:_master_model_container: 9
2024-09-12 09:52:29,745:INFO:_display_container: 2
2024-09-12 09:52:29,745:INFO:PassiveAggressiveRegressor(random_state=123)
2024-09-12 09:52:29,745:INFO:create_model() successfully completed......................................
2024-09-12 09:52:29,834:INFO:SubProcess create_model() end ==================================
2024-09-12 09:52:29,834:INFO:Creating metrics dataframe
2024-09-12 09:52:29,844:INFO:Initializing Huber Regressor
2024-09-12 09:52:29,844:INFO:Total runtime is 0.0696863571802775 minutes
2024-09-12 09:52:29,848:INFO:SubProcess create_model() called ==================================
2024-09-12 09:52:29,849:INFO:Initializing create_model()
2024-09-12 09:52:29,849:INFO:create_model(self=<pycaret.regression.oop.RegressionExperiment object at 0x783bac3c86a0>, estimator=huber, fold=TimeSeriesSplit(gap=0, max_train_size=None, n_splits=2, test_size=None), round=4, cross_validation=True, predict=True, fit_kwargs={}, groups=None, refit=False, probability_threshold=None, experiment_custom_tags=None, verbose=False, system=False, add_to_model_list=True, metrics=None, display=<pycaret.internal.display.display.CommonDisplay object at 0x783ba776a590>, model_only=True, return_train_score=False, error_score=0.0, kwargs={})
2024-09-12 09:52:29,849:INFO:Checking exceptions
2024-09-12 09:52:29,849:INFO:Importing libraries
2024-09-12 09:52:29,849:INFO:Copying training dataset
2024-09-12 09:52:29,853:INFO:Defining folds
2024-09-12 09:52:29,853:INFO:Declaring metric variables
2024-09-12 09:52:29,858:INFO:Importing untrained model
2024-09-12 09:52:29,862:INFO:Huber Regressor Imported successfully
2024-09-12 09:52:29,869:INFO:Starting cross validation
2024-09-12 09:52:29,870:INFO:Cross validating with TimeSeriesSplit(gap=0, max_train_size=None, n_splits=2, test_size=None), n_jobs=-1
2024-09-12 09:52:29,927:WARNING:/usr/local/python/3.10.13/lib/python3.10/site-packages/sklearn/model_selection/_validation.py:547: FitFailedWarning: 
1 fits failed out of a total of 2.
The score on these train-test partitions for these parameters will be set to 0.0.
If these failures are not expected, you can try to debug them by setting error_score='raise'.

Below are more details about the failures:
--------------------------------------------------------------------------------
1 fits failed with the following error:
Traceback (most recent call last):
  File "/usr/local/python/3.10.13/lib/python3.10/site-packages/sklearn/model_selection/_validation.py", line 895, in _fit_and_score
    estimator.fit(X_train, y_train, **fit_params)
  File "/usr/local/python/3.10.13/lib/python3.10/site-packages/pycaret/internal/pipeline.py", line 278, in fit
    fitted_estimator = self._memory_fit(
  File "/home/codespace/.local/lib/python3.10/site-packages/joblib/memory.py", line 353, in __call__
    return self.func(*args, **kwargs)
  File "/usr/local/python/3.10.13/lib/python3.10/site-packages/pycaret/internal/pipeline.py", line 69, in _fit_one
    transformer.fit(*args)
  File "/usr/local/python/3.10.13/lib/python3.10/site-packages/sklearn/base.py", line 1474, in wrapper
    return fit_method(estimator, *args, **kwargs)
  File "/usr/local/python/3.10.13/lib/python3.10/site-packages/sklearn/linear_model/_huber.py", line 338, in fit
    raise ValueError(
ValueError: HuberRegressor convergence failed: l-BFGS-b solver terminated with ABNORMAL_TERMINATION_IN_LNSRCH

  warnings.warn(some_fits_failed_message, FitFailedWarning)

2024-09-12 09:52:29,928:INFO:Calculating mean and std
2024-09-12 09:52:29,928:INFO:Creating metrics dataframe
2024-09-12 09:52:29,930:INFO:Uploading results into container
2024-09-12 09:52:29,931:INFO:Uploading model into container now
2024-09-12 09:52:29,931:INFO:_master_model_container: 10
2024-09-12 09:52:29,931:INFO:_display_container: 2
2024-09-12 09:52:29,931:INFO:HuberRegressor()
2024-09-12 09:52:29,932:INFO:create_model() successfully completed......................................
2024-09-12 09:52:30,060:WARNING:create_model() for HuberRegressor() raised an exception or returned all 0.0, trying without fit_kwargs:
2024-09-12 09:52:30,065:WARNING:Traceback (most recent call last):
  File "/usr/local/python/3.10.13/lib/python3.10/site-packages/pycaret/internal/pycaret_experiment/supervised_experiment.py", line 797, in compare_models
    np.sum(
AssertionError

2024-09-12 09:52:30,065:INFO:Initializing create_model()
2024-09-12 09:52:30,065:INFO:create_model(self=<pycaret.regression.oop.RegressionExperiment object at 0x783bac3c86a0>, estimator=huber, fold=TimeSeriesSplit(gap=0, max_train_size=None, n_splits=2, test_size=None), round=4, cross_validation=True, predict=True, fit_kwargs={}, groups=None, refit=False, probability_threshold=None, experiment_custom_tags=None, verbose=False, system=False, add_to_model_list=True, metrics=None, display=<pycaret.internal.display.display.CommonDisplay object at 0x783ba776a590>, model_only=True, return_train_score=False, error_score=0.0, kwargs={})
2024-09-12 09:52:30,065:INFO:Checking exceptions
2024-09-12 09:52:30,065:INFO:Importing libraries
2024-09-12 09:52:30,065:INFO:Copying training dataset
2024-09-12 09:52:30,070:INFO:Defining folds
2024-09-12 09:52:30,071:INFO:Declaring metric variables
2024-09-12 09:52:30,076:INFO:Importing untrained model
2024-09-12 09:52:30,082:INFO:Huber Regressor Imported successfully
2024-09-12 09:52:30,091:INFO:Starting cross validation
2024-09-12 09:52:30,092:INFO:Cross validating with TimeSeriesSplit(gap=0, max_train_size=None, n_splits=2, test_size=None), n_jobs=-1
2024-09-12 09:52:30,153:WARNING:/usr/local/python/3.10.13/lib/python3.10/site-packages/sklearn/model_selection/_validation.py:547: FitFailedWarning: 
1 fits failed out of a total of 2.
The score on these train-test partitions for these parameters will be set to 0.0.
If these failures are not expected, you can try to debug them by setting error_score='raise'.

Below are more details about the failures:
--------------------------------------------------------------------------------
1 fits failed with the following error:
Traceback (most recent call last):
  File "/usr/local/python/3.10.13/lib/python3.10/site-packages/sklearn/model_selection/_validation.py", line 895, in _fit_and_score
    estimator.fit(X_train, y_train, **fit_params)
  File "/usr/local/python/3.10.13/lib/python3.10/site-packages/pycaret/internal/pipeline.py", line 278, in fit
    fitted_estimator = self._memory_fit(
  File "/home/codespace/.local/lib/python3.10/site-packages/joblib/memory.py", line 353, in __call__
    return self.func(*args, **kwargs)
  File "/usr/local/python/3.10.13/lib/python3.10/site-packages/pycaret/internal/pipeline.py", line 69, in _fit_one
    transformer.fit(*args)
  File "/usr/local/python/3.10.13/lib/python3.10/site-packages/sklearn/base.py", line 1474, in wrapper
    return fit_method(estimator, *args, **kwargs)
  File "/usr/local/python/3.10.13/lib/python3.10/site-packages/sklearn/linear_model/_huber.py", line 338, in fit
    raise ValueError(
ValueError: HuberRegressor convergence failed: l-BFGS-b solver terminated with ABNORMAL_TERMINATION_IN_LNSRCH

  warnings.warn(some_fits_failed_message, FitFailedWarning)

2024-09-12 09:52:30,154:INFO:Calculating mean and std
2024-09-12 09:52:30,154:INFO:Creating metrics dataframe
2024-09-12 09:52:30,156:INFO:Uploading results into container
2024-09-12 09:52:30,156:INFO:Uploading model into container now
2024-09-12 09:52:30,157:INFO:_master_model_container: 11
2024-09-12 09:52:30,157:INFO:_display_container: 2
2024-09-12 09:52:30,157:INFO:HuberRegressor()
2024-09-12 09:52:30,157:INFO:create_model() successfully completed......................................
2024-09-12 09:52:30,235:ERROR:create_model() for HuberRegressor() raised an exception or returned all 0.0:
2024-09-12 09:52:30,235:ERROR:Traceback (most recent call last):
  File "/usr/local/python/3.10.13/lib/python3.10/site-packages/pycaret/internal/pycaret_experiment/supervised_experiment.py", line 797, in compare_models
    np.sum(
AssertionError

During handling of the above exception, another exception occurred:

Traceback (most recent call last):
  File "/usr/local/python/3.10.13/lib/python3.10/site-packages/pycaret/internal/pycaret_experiment/supervised_experiment.py", line 818, in compare_models
    np.sum(
AssertionError

2024-09-12 09:52:30,235:INFO:Initializing K Neighbors Regressor
2024-09-12 09:52:30,236:INFO:Total runtime is 0.07620534896850586 minutes
2024-09-12 09:52:30,239:INFO:SubProcess create_model() called ==================================
2024-09-12 09:52:30,239:INFO:Initializing create_model()
2024-09-12 09:52:30,239:INFO:create_model(self=<pycaret.regression.oop.RegressionExperiment object at 0x783bac3c86a0>, estimator=knn, fold=TimeSeriesSplit(gap=0, max_train_size=None, n_splits=2, test_size=None), round=4, cross_validation=True, predict=True, fit_kwargs={}, groups=None, refit=False, probability_threshold=None, experiment_custom_tags=None, verbose=False, system=False, add_to_model_list=True, metrics=None, display=<pycaret.internal.display.display.CommonDisplay object at 0x783ba776a590>, model_only=True, return_train_score=False, error_score=0.0, kwargs={})
2024-09-12 09:52:30,240:INFO:Checking exceptions
2024-09-12 09:52:30,240:INFO:Importing libraries
2024-09-12 09:52:30,240:INFO:Copying training dataset
2024-09-12 09:52:30,244:INFO:Defining folds
2024-09-12 09:52:30,244:INFO:Declaring metric variables
2024-09-12 09:52:30,249:INFO:Importing untrained model
2024-09-12 09:52:30,254:INFO:K Neighbors Regressor Imported successfully
2024-09-12 09:52:30,260:INFO:Starting cross validation
2024-09-12 09:52:30,261:INFO:Cross validating with TimeSeriesSplit(gap=0, max_train_size=None, n_splits=2, test_size=None), n_jobs=-1
2024-09-12 09:52:30,322:INFO:Calculating mean and std
2024-09-12 09:52:30,323:INFO:Creating metrics dataframe
2024-09-12 09:52:30,325:INFO:Uploading results into container
2024-09-12 09:52:30,325:INFO:Uploading model into container now
2024-09-12 09:52:30,326:INFO:_master_model_container: 12
2024-09-12 09:52:30,326:INFO:_display_container: 2
2024-09-12 09:52:30,326:INFO:KNeighborsRegressor(n_jobs=-1)
2024-09-12 09:52:30,326:INFO:create_model() successfully completed......................................
2024-09-12 09:52:30,405:INFO:SubProcess create_model() end ==================================
2024-09-12 09:52:30,405:INFO:Creating metrics dataframe
2024-09-12 09:52:30,415:INFO:Initializing Decision Tree Regressor
2024-09-12 09:52:30,416:INFO:Total runtime is 0.07920772234598795 minutes
2024-09-12 09:52:30,423:INFO:SubProcess create_model() called ==================================
2024-09-12 09:52:30,423:INFO:Initializing create_model()
2024-09-12 09:52:30,423:INFO:create_model(self=<pycaret.regression.oop.RegressionExperiment object at 0x783bac3c86a0>, estimator=dt, fold=TimeSeriesSplit(gap=0, max_train_size=None, n_splits=2, test_size=None), round=4, cross_validation=True, predict=True, fit_kwargs={}, groups=None, refit=False, probability_threshold=None, experiment_custom_tags=None, verbose=False, system=False, add_to_model_list=True, metrics=None, display=<pycaret.internal.display.display.CommonDisplay object at 0x783ba776a590>, model_only=True, return_train_score=False, error_score=0.0, kwargs={})
2024-09-12 09:52:30,423:INFO:Checking exceptions
2024-09-12 09:52:30,424:INFO:Importing libraries
2024-09-12 09:52:30,424:INFO:Copying training dataset
2024-09-12 09:52:30,427:INFO:Defining folds
2024-09-12 09:52:30,427:INFO:Declaring metric variables
2024-09-12 09:52:30,432:INFO:Importing untrained model
2024-09-12 09:52:30,436:INFO:Decision Tree Regressor Imported successfully
2024-09-12 09:52:30,443:INFO:Starting cross validation
2024-09-12 09:52:30,444:INFO:Cross validating with TimeSeriesSplit(gap=0, max_train_size=None, n_splits=2, test_size=None), n_jobs=-1
2024-09-12 09:52:30,484:INFO:Calculating mean and std
2024-09-12 09:52:30,484:INFO:Creating metrics dataframe
2024-09-12 09:52:30,486:INFO:Uploading results into container
2024-09-12 09:52:30,486:INFO:Uploading model into container now
2024-09-12 09:52:30,487:INFO:_master_model_container: 13
2024-09-12 09:52:30,487:INFO:_display_container: 2
2024-09-12 09:52:30,487:INFO:DecisionTreeRegressor(random_state=123)
2024-09-12 09:52:30,487:INFO:create_model() successfully completed......................................
2024-09-12 09:52:30,565:INFO:SubProcess create_model() end ==================================
2024-09-12 09:52:30,565:INFO:Creating metrics dataframe
2024-09-12 09:52:30,576:INFO:Initializing Random Forest Regressor
2024-09-12 09:52:30,576:INFO:Total runtime is 0.08187634150187174 minutes
2024-09-12 09:52:30,579:INFO:SubProcess create_model() called ==================================
2024-09-12 09:52:30,580:INFO:Initializing create_model()
2024-09-12 09:52:30,580:INFO:create_model(self=<pycaret.regression.oop.RegressionExperiment object at 0x783bac3c86a0>, estimator=rf, fold=TimeSeriesSplit(gap=0, max_train_size=None, n_splits=2, test_size=None), round=4, cross_validation=True, predict=True, fit_kwargs={}, groups=None, refit=False, probability_threshold=None, experiment_custom_tags=None, verbose=False, system=False, add_to_model_list=True, metrics=None, display=<pycaret.internal.display.display.CommonDisplay object at 0x783ba776a590>, model_only=True, return_train_score=False, error_score=0.0, kwargs={})
2024-09-12 09:52:30,580:INFO:Checking exceptions
2024-09-12 09:52:30,580:INFO:Importing libraries
2024-09-12 09:52:30,580:INFO:Copying training dataset
2024-09-12 09:52:30,585:INFO:Defining folds
2024-09-12 09:52:30,585:INFO:Declaring metric variables
2024-09-12 09:52:30,589:INFO:Importing untrained model
2024-09-12 09:52:30,593:INFO:Random Forest Regressor Imported successfully
2024-09-12 09:52:30,601:INFO:Starting cross validation
2024-09-12 09:52:30,602:INFO:Cross validating with TimeSeriesSplit(gap=0, max_train_size=None, n_splits=2, test_size=None), n_jobs=-1
2024-09-12 09:52:30,885:INFO:Calculating mean and std
2024-09-12 09:52:30,885:INFO:Creating metrics dataframe
2024-09-12 09:52:30,888:INFO:Uploading results into container
2024-09-12 09:52:30,888:INFO:Uploading model into container now
2024-09-12 09:52:30,889:INFO:_master_model_container: 14
2024-09-12 09:52:30,889:INFO:_display_container: 2
2024-09-12 09:52:30,890:INFO:RandomForestRegressor(n_jobs=-1, random_state=123)
2024-09-12 09:52:30,890:INFO:create_model() successfully completed......................................
2024-09-12 09:52:30,971:INFO:SubProcess create_model() end ==================================
2024-09-12 09:52:30,972:INFO:Creating metrics dataframe
2024-09-12 09:52:30,981:INFO:Initializing Extra Trees Regressor
2024-09-12 09:52:30,981:INFO:Total runtime is 0.08862715562184652 minutes
2024-09-12 09:52:30,985:INFO:SubProcess create_model() called ==================================
2024-09-12 09:52:30,986:INFO:Initializing create_model()
2024-09-12 09:52:30,986:INFO:create_model(self=<pycaret.regression.oop.RegressionExperiment object at 0x783bac3c86a0>, estimator=et, fold=TimeSeriesSplit(gap=0, max_train_size=None, n_splits=2, test_size=None), round=4, cross_validation=True, predict=True, fit_kwargs={}, groups=None, refit=False, probability_threshold=None, experiment_custom_tags=None, verbose=False, system=False, add_to_model_list=True, metrics=None, display=<pycaret.internal.display.display.CommonDisplay object at 0x783ba776a590>, model_only=True, return_train_score=False, error_score=0.0, kwargs={})
2024-09-12 09:52:30,986:INFO:Checking exceptions
2024-09-12 09:52:30,986:INFO:Importing libraries
2024-09-12 09:52:30,986:INFO:Copying training dataset
2024-09-12 09:52:30,989:INFO:Defining folds
2024-09-12 09:52:30,989:INFO:Declaring metric variables
2024-09-12 09:52:30,993:INFO:Importing untrained model
2024-09-12 09:52:30,997:INFO:Extra Trees Regressor Imported successfully
2024-09-12 09:52:31,006:INFO:Starting cross validation
2024-09-12 09:52:31,007:INFO:Cross validating with TimeSeriesSplit(gap=0, max_train_size=None, n_splits=2, test_size=None), n_jobs=-1
2024-09-12 09:52:31,200:INFO:Calculating mean and std
2024-09-12 09:52:31,201:INFO:Creating metrics dataframe
2024-09-12 09:52:31,203:INFO:Uploading results into container
2024-09-12 09:52:31,204:INFO:Uploading model into container now
2024-09-12 09:52:31,205:INFO:_master_model_container: 15
2024-09-12 09:52:31,205:INFO:_display_container: 2
2024-09-12 09:52:31,206:INFO:ExtraTreesRegressor(n_jobs=-1, random_state=123)
2024-09-12 09:52:31,206:INFO:create_model() successfully completed......................................
2024-09-12 09:52:31,284:INFO:SubProcess create_model() end ==================================
2024-09-12 09:52:31,284:INFO:Creating metrics dataframe
2024-09-12 09:52:31,294:INFO:Initializing AdaBoost Regressor
2024-09-12 09:52:31,294:INFO:Total runtime is 0.09385097821553548 minutes
2024-09-12 09:52:31,299:INFO:SubProcess create_model() called ==================================
2024-09-12 09:52:31,299:INFO:Initializing create_model()
2024-09-12 09:52:31,299:INFO:create_model(self=<pycaret.regression.oop.RegressionExperiment object at 0x783bac3c86a0>, estimator=ada, fold=TimeSeriesSplit(gap=0, max_train_size=None, n_splits=2, test_size=None), round=4, cross_validation=True, predict=True, fit_kwargs={}, groups=None, refit=False, probability_threshold=None, experiment_custom_tags=None, verbose=False, system=False, add_to_model_list=True, metrics=None, display=<pycaret.internal.display.display.CommonDisplay object at 0x783ba776a590>, model_only=True, return_train_score=False, error_score=0.0, kwargs={})
2024-09-12 09:52:31,299:INFO:Checking exceptions
2024-09-12 09:52:31,299:INFO:Importing libraries
2024-09-12 09:52:31,300:INFO:Copying training dataset
2024-09-12 09:52:31,303:INFO:Defining folds
2024-09-12 09:52:31,303:INFO:Declaring metric variables
2024-09-12 09:52:31,306:INFO:Importing untrained model
2024-09-12 09:52:31,310:INFO:AdaBoost Regressor Imported successfully
2024-09-12 09:52:31,319:INFO:Starting cross validation
2024-09-12 09:52:31,320:INFO:Cross validating with TimeSeriesSplit(gap=0, max_train_size=None, n_splits=2, test_size=None), n_jobs=-1
2024-09-12 09:52:31,469:INFO:Calculating mean and std
2024-09-12 09:52:31,469:INFO:Creating metrics dataframe
2024-09-12 09:52:31,473:INFO:Uploading results into container
2024-09-12 09:52:31,474:INFO:Uploading model into container now
2024-09-12 09:52:31,474:INFO:_master_model_container: 16
2024-09-12 09:52:31,474:INFO:_display_container: 2
2024-09-12 09:52:31,475:INFO:AdaBoostRegressor(random_state=123)
2024-09-12 09:52:31,475:INFO:create_model() successfully completed......................................
2024-09-12 09:52:31,568:INFO:SubProcess create_model() end ==================================
2024-09-12 09:52:31,569:INFO:Creating metrics dataframe
2024-09-12 09:52:31,579:INFO:Initializing Gradient Boosting Regressor
2024-09-12 09:52:31,579:INFO:Total runtime is 0.0986013412475586 minutes
2024-09-12 09:52:31,585:INFO:SubProcess create_model() called ==================================
2024-09-12 09:52:31,586:INFO:Initializing create_model()
2024-09-12 09:52:31,586:INFO:create_model(self=<pycaret.regression.oop.RegressionExperiment object at 0x783bac3c86a0>, estimator=gbr, fold=TimeSeriesSplit(gap=0, max_train_size=None, n_splits=2, test_size=None), round=4, cross_validation=True, predict=True, fit_kwargs={}, groups=None, refit=False, probability_threshold=None, experiment_custom_tags=None, verbose=False, system=False, add_to_model_list=True, metrics=None, display=<pycaret.internal.display.display.CommonDisplay object at 0x783ba776a590>, model_only=True, return_train_score=False, error_score=0.0, kwargs={})
2024-09-12 09:52:31,586:INFO:Checking exceptions
2024-09-12 09:52:31,586:INFO:Importing libraries
2024-09-12 09:52:31,586:INFO:Copying training dataset
2024-09-12 09:52:31,591:INFO:Defining folds
2024-09-12 09:52:31,591:INFO:Declaring metric variables
2024-09-12 09:52:31,596:INFO:Importing untrained model
2024-09-12 09:52:31,601:INFO:Gradient Boosting Regressor Imported successfully
2024-09-12 09:52:31,612:INFO:Starting cross validation
2024-09-12 09:52:31,613:INFO:Cross validating with TimeSeriesSplit(gap=0, max_train_size=None, n_splits=2, test_size=None), n_jobs=-1
2024-09-12 09:52:31,734:INFO:Calculating mean and std
2024-09-12 09:52:31,735:INFO:Creating metrics dataframe
2024-09-12 09:52:31,738:INFO:Uploading results into container
2024-09-12 09:52:31,738:INFO:Uploading model into container now
2024-09-12 09:52:31,739:INFO:_master_model_container: 17
2024-09-12 09:52:31,740:INFO:_display_container: 2
2024-09-12 09:52:31,741:INFO:GradientBoostingRegressor(random_state=123)
2024-09-12 09:52:31,741:INFO:create_model() successfully completed......................................
2024-09-12 09:52:31,838:INFO:SubProcess create_model() end ==================================
2024-09-12 09:52:31,838:INFO:Creating metrics dataframe
2024-09-12 09:52:31,855:INFO:Initializing Light Gradient Boosting Machine
2024-09-12 09:52:31,855:INFO:Total runtime is 0.10319840510686239 minutes
2024-09-12 09:52:31,860:INFO:SubProcess create_model() called ==================================
2024-09-12 09:52:31,860:INFO:Initializing create_model()
2024-09-12 09:52:31,860:INFO:create_model(self=<pycaret.regression.oop.RegressionExperiment object at 0x783bac3c86a0>, estimator=lightgbm, fold=TimeSeriesSplit(gap=0, max_train_size=None, n_splits=2, test_size=None), round=4, cross_validation=True, predict=True, fit_kwargs={}, groups=None, refit=False, probability_threshold=None, experiment_custom_tags=None, verbose=False, system=False, add_to_model_list=True, metrics=None, display=<pycaret.internal.display.display.CommonDisplay object at 0x783ba776a590>, model_only=True, return_train_score=False, error_score=0.0, kwargs={})
2024-09-12 09:52:31,860:INFO:Checking exceptions
2024-09-12 09:52:31,860:INFO:Importing libraries
2024-09-12 09:52:31,860:INFO:Copying training dataset
2024-09-12 09:52:31,863:INFO:Defining folds
2024-09-12 09:52:31,864:INFO:Declaring metric variables
2024-09-12 09:52:31,869:INFO:Importing untrained model
2024-09-12 09:52:31,873:INFO:Light Gradient Boosting Machine Imported successfully
2024-09-12 09:52:31,893:INFO:Starting cross validation
2024-09-12 09:52:31,895:INFO:Cross validating with TimeSeriesSplit(gap=0, max_train_size=None, n_splits=2, test_size=None), n_jobs=-1
2024-09-12 09:52:32,189:INFO:Calculating mean and std
2024-09-12 09:52:32,189:INFO:Creating metrics dataframe
2024-09-12 09:52:32,193:INFO:Uploading results into container
2024-09-12 09:52:32,196:INFO:Uploading model into container now
2024-09-12 09:52:32,196:INFO:_master_model_container: 18
2024-09-12 09:52:32,196:INFO:_display_container: 2
2024-09-12 09:52:32,197:INFO:LGBMRegressor(n_jobs=-1, random_state=123)
2024-09-12 09:52:32,197:INFO:create_model() successfully completed......................................
2024-09-12 09:52:32,336:INFO:SubProcess create_model() end ==================================
2024-09-12 09:52:32,336:INFO:Creating metrics dataframe
2024-09-12 09:52:32,347:INFO:Initializing Dummy Regressor
2024-09-12 09:52:32,347:INFO:Total runtime is 0.1113931139310201 minutes
2024-09-12 09:52:32,351:INFO:SubProcess create_model() called ==================================
2024-09-12 09:52:32,352:INFO:Initializing create_model()
2024-09-12 09:52:32,352:INFO:create_model(self=<pycaret.regression.oop.RegressionExperiment object at 0x783bac3c86a0>, estimator=dummy, fold=TimeSeriesSplit(gap=0, max_train_size=None, n_splits=2, test_size=None), round=4, cross_validation=True, predict=True, fit_kwargs={}, groups=None, refit=False, probability_threshold=None, experiment_custom_tags=None, verbose=False, system=False, add_to_model_list=True, metrics=None, display=<pycaret.internal.display.display.CommonDisplay object at 0x783ba776a590>, model_only=True, return_train_score=False, error_score=0.0, kwargs={})
2024-09-12 09:52:32,352:INFO:Checking exceptions
2024-09-12 09:52:32,352:INFO:Importing libraries
2024-09-12 09:52:32,352:INFO:Copying training dataset
2024-09-12 09:52:32,356:INFO:Defining folds
2024-09-12 09:52:32,356:INFO:Declaring metric variables
2024-09-12 09:52:32,359:INFO:Importing untrained model
2024-09-12 09:52:32,363:INFO:Dummy Regressor Imported successfully
2024-09-12 09:52:32,373:INFO:Starting cross validation
2024-09-12 09:52:32,374:INFO:Cross validating with TimeSeriesSplit(gap=0, max_train_size=None, n_splits=2, test_size=None), n_jobs=-1
2024-09-12 09:52:32,408:INFO:Calculating mean and std
2024-09-12 09:52:32,413:INFO:Creating metrics dataframe
2024-09-12 09:52:32,417:INFO:Uploading results into container
2024-09-12 09:52:32,417:INFO:Uploading model into container now
2024-09-12 09:52:32,418:INFO:_master_model_container: 19
2024-09-12 09:52:32,418:INFO:_display_container: 2
2024-09-12 09:52:32,418:INFO:DummyRegressor()
2024-09-12 09:52:32,419:INFO:create_model() successfully completed......................................
2024-09-12 09:52:32,502:INFO:SubProcess create_model() end ==================================
2024-09-12 09:52:32,502:INFO:Creating metrics dataframe
2024-09-12 09:52:32,514:WARNING:/usr/local/python/3.10.13/lib/python3.10/site-packages/pycaret/internal/pycaret_experiment/supervised_experiment.py:323: FutureWarning: Styler.applymap has been deprecated. Use Styler.map instead.
  master_display_.apply(

2024-09-12 09:52:32,524:INFO:Initializing create_model()
2024-09-12 09:52:32,525:INFO:create_model(self=<pycaret.regression.oop.RegressionExperiment object at 0x783bac3c86a0>, estimator=Ridge(random_state=123), fold=TimeSeriesSplit(gap=0, max_train_size=None, n_splits=2, test_size=None), round=4, cross_validation=False, predict=False, fit_kwargs={}, groups=None, refit=True, probability_threshold=None, experiment_custom_tags=None, verbose=False, system=False, add_to_model_list=True, metrics=None, display=None, model_only=True, return_train_score=False, error_score=0.0, kwargs={})
2024-09-12 09:52:32,525:INFO:Checking exceptions
2024-09-12 09:52:32,527:INFO:Importing libraries
2024-09-12 09:52:32,527:INFO:Copying training dataset
2024-09-12 09:52:32,530:INFO:Defining folds
2024-09-12 09:52:32,530:INFO:Declaring metric variables
2024-09-12 09:52:32,530:INFO:Importing untrained model
2024-09-12 09:52:32,530:INFO:Declaring custom model
2024-09-12 09:52:32,531:INFO:Ridge Regression Imported successfully
2024-09-12 09:52:32,532:INFO:Cross validation set to False
2024-09-12 09:52:32,532:INFO:Fitting Model
2024-09-12 09:52:32,545:INFO:Ridge(random_state=123)
2024-09-12 09:52:32,545:INFO:create_model() successfully completed......................................
2024-09-12 09:52:32,664:INFO:_master_model_container: 19
2024-09-12 09:52:32,665:INFO:_display_container: 2
2024-09-12 09:52:32,665:INFO:Ridge(random_state=123)
2024-09-12 09:52:32,665:INFO:compare_models() successfully completed......................................
2024-09-12 09:52:32,666:INFO:Initializing plot_model()
2024-09-12 09:52:32,666:INFO:plot_model(plot=error, fold=None, verbose=True, display=None, display_format=None, estimator=Ridge(random_state=123), feature_name=None, fit_kwargs=None, groups=None, label=False, plot_kwargs=None, save=False, scale=1, self=<pycaret.regression.oop.RegressionExperiment object at 0x783bac3c86a0>, system=True)
2024-09-12 09:52:32,666:INFO:Checking exceptions
2024-09-12 09:52:32,670:INFO:Preloading libraries
2024-09-12 09:52:32,671:INFO:Copying training dataset
2024-09-12 09:52:32,671:INFO:Plot type: error
2024-09-12 09:52:32,778:INFO:Fitting Model
2024-09-12 09:52:32,778:WARNING:/usr/local/python/3.10.13/lib/python3.10/site-packages/sklearn/base.py:493: UserWarning: X does not have valid feature names, but Ridge was fitted with feature names
  warnings.warn(

2024-09-12 09:52:32,779:INFO:Scoring test/hold-out set
2024-09-12 09:52:32,825:WARNING:findfont: Generic family 'sans-serif' not found because none of the following families were found: Arial, Liberation Sans, Bitstream Vera Sans, sans-serif
2024-09-12 09:52:32,865:WARNING:findfont: Generic family 'sans-serif' not found because none of the following families were found: Arial, Liberation Sans, Bitstream Vera Sans, sans-serif
2024-09-12 09:52:32,866:WARNING:findfont: Generic family 'sans-serif' not found because none of the following families were found: Arial, Liberation Sans, Bitstream Vera Sans, sans-serif
2024-09-12 09:52:32,866:WARNING:findfont: Generic family 'sans-serif' not found because none of the following families were found: Arial, Liberation Sans, Bitstream Vera Sans, sans-serif
2024-09-12 09:52:32,867:WARNING:findfont: Generic family 'sans-serif' not found because none of the following families were found: Arial, Liberation Sans, Bitstream Vera Sans, sans-serif
2024-09-12 09:52:32,867:WARNING:findfont: Generic family 'sans-serif' not found because none of the following families were found: Arial, Liberation Sans, Bitstream Vera Sans, sans-serif
2024-09-12 09:52:32,871:WARNING:findfont: Generic family 'sans-serif' not found because none of the following families were found: Arial, Liberation Sans, Bitstream Vera Sans, sans-serif
2024-09-12 09:52:32,873:WARNING:findfont: Font family ['sans-serif'] not found. Falling back to DejaVu Sans.
2024-09-12 09:52:32,873:WARNING:findfont: Generic family 'sans-serif' not found because none of the following families were found: Arial, Liberation Sans, Bitstream Vera Sans, sans-serif
2024-09-12 09:52:33,002:WARNING:findfont: Generic family 'sans-serif' not found because none of the following families were found: Arial, Liberation Sans, Bitstream Vera Sans, sans-serif
2024-09-12 09:52:33,003:WARNING:findfont: Generic family 'sans-serif' not found because none of the following families were found: Arial, Liberation Sans, Bitstream Vera Sans, sans-serif
2024-09-12 09:52:33,089:WARNING:findfont: Generic family 'sans-serif' not found because none of the following families were found: Arial, Liberation Sans, Bitstream Vera Sans, sans-serif
2024-09-12 09:52:33,090:WARNING:findfont: Font family ['sans-serif'] not found. Falling back to DejaVu Sans.
2024-09-12 09:52:33,090:WARNING:findfont: Generic family 'sans-serif' not found because none of the following families were found: Arial, Liberation Sans, Bitstream Vera Sans, sans-serif
2024-09-12 09:52:33,094:WARNING:findfont: Generic family 'sans-serif' not found because none of the following families were found: Arial, Liberation Sans, Bitstream Vera Sans, sans-serif
2024-09-12 09:52:33,094:WARNING:findfont: Generic family 'sans-serif' not found because none of the following families were found: Arial, Liberation Sans, Bitstream Vera Sans, sans-serif
2024-09-12 09:52:33,095:WARNING:findfont: Generic family 'sans-serif' not found because none of the following families were found: Arial, Liberation Sans, Bitstream Vera Sans, sans-serif
2024-09-12 09:52:33,095:WARNING:findfont: Generic family 'sans-serif' not found because none of the following families were found: Arial, Liberation Sans, Bitstream Vera Sans, sans-serif
2024-09-12 09:52:33,097:WARNING:findfont: Generic family 'sans-serif' not found because none of the following families were found: Arial, Liberation Sans, Bitstream Vera Sans, sans-serif
2024-09-12 09:52:33,097:WARNING:findfont: Generic family 'sans-serif' not found because none of the following families were found: Arial, Liberation Sans, Bitstream Vera Sans, sans-serif
2024-09-12 09:52:33,098:WARNING:findfont: Generic family 'sans-serif' not found because none of the following families were found: Arial, Liberation Sans, Bitstream Vera Sans, sans-serif
2024-09-12 09:52:33,099:WARNING:findfont: Generic family 'sans-serif' not found because none of the following families were found: Arial, Liberation Sans, Bitstream Vera Sans, sans-serif
2024-09-12 09:52:33,099:WARNING:findfont: Generic family 'sans-serif' not found because none of the following families were found: Arial, Liberation Sans, Bitstream Vera Sans, sans-serif
2024-09-12 09:52:33,100:WARNING:findfont: Generic family 'sans-serif' not found because none of the following families were found: Arial, Liberation Sans, Bitstream Vera Sans, sans-serif
2024-09-12 09:52:33,100:WARNING:findfont: Generic family 'sans-serif' not found because none of the following families were found: Arial, Liberation Sans, Bitstream Vera Sans, sans-serif
2024-09-12 09:52:33,101:WARNING:findfont: Generic family 'sans-serif' not found because none of the following families were found: Arial, Liberation Sans, Bitstream Vera Sans, sans-serif
2024-09-12 09:52:33,101:WARNING:findfont: Generic family 'sans-serif' not found because none of the following families were found: Arial, Liberation Sans, Bitstream Vera Sans, sans-serif
2024-09-12 09:52:33,102:WARNING:findfont: Generic family 'sans-serif' not found because none of the following families were found: Arial, Liberation Sans, Bitstream Vera Sans, sans-serif
2024-09-12 09:52:33,105:WARNING:findfont: Generic family 'sans-serif' not found because none of the following families were found: Arial, Liberation Sans, Bitstream Vera Sans, sans-serif
2024-09-12 09:52:33,106:WARNING:findfont: Generic family 'sans-serif' not found because none of the following families were found: Arial, Liberation Sans, Bitstream Vera Sans, sans-serif
2024-09-12 09:52:33,123:WARNING:findfont: Generic family 'sans-serif' not found because none of the following families were found: Arial, Liberation Sans, Bitstream Vera Sans, sans-serif
2024-09-12 09:52:33,124:WARNING:findfont: Generic family 'sans-serif' not found because none of the following families were found: Arial, Liberation Sans, Bitstream Vera Sans, sans-serif
2024-09-12 09:52:33,124:WARNING:findfont: Generic family 'sans-serif' not found because none of the following families were found: Arial, Liberation Sans, Bitstream Vera Sans, sans-serif
2024-09-12 09:52:33,130:WARNING:findfont: Generic family 'sans-serif' not found because none of the following families were found: Arial, Liberation Sans, Bitstream Vera Sans, sans-serif
2024-09-12 09:52:33,130:WARNING:findfont: Generic family 'sans-serif' not found because none of the following families were found: Arial, Liberation Sans, Bitstream Vera Sans, sans-serif
2024-09-12 09:52:33,131:WARNING:findfont: Generic family 'sans-serif' not found because none of the following families were found: Arial, Liberation Sans, Bitstream Vera Sans, sans-serif
2024-09-12 09:52:33,149:WARNING:findfont: Generic family 'sans-serif' not found because none of the following families were found: Arial, Liberation Sans, Bitstream Vera Sans, sans-serif
2024-09-12 09:52:33,149:WARNING:findfont: Generic family 'sans-serif' not found because none of the following families were found: Arial, Liberation Sans, Bitstream Vera Sans, sans-serif
2024-09-12 09:52:33,150:WARNING:findfont: Generic family 'sans-serif' not found because none of the following families were found: Arial, Liberation Sans, Bitstream Vera Sans, sans-serif
2024-09-12 09:52:33,155:WARNING:findfont: Generic family 'sans-serif' not found because none of the following families were found: Arial, Liberation Sans, Bitstream Vera Sans, sans-serif
2024-09-12 09:52:33,155:WARNING:findfont: Generic family 'sans-serif' not found because none of the following families were found: Arial, Liberation Sans, Bitstream Vera Sans, sans-serif
2024-09-12 09:52:33,155:WARNING:findfont: Generic family 'sans-serif' not found because none of the following families were found: Arial, Liberation Sans, Bitstream Vera Sans, sans-serif
2024-09-12 09:52:33,156:WARNING:findfont: Generic family 'sans-serif' not found because none of the following families were found: Arial, Liberation Sans, Bitstream Vera Sans, sans-serif
2024-09-12 09:52:33,156:WARNING:findfont: Generic family 'sans-serif' not found because none of the following families were found: Arial, Liberation Sans, Bitstream Vera Sans, sans-serif
2024-09-12 09:52:33,157:WARNING:findfont: Generic family 'sans-serif' not found because none of the following families were found: Arial, Liberation Sans, Bitstream Vera Sans, sans-serif
2024-09-12 09:52:33,159:WARNING:findfont: Generic family 'sans-serif' not found because none of the following families were found: Arial, Liberation Sans, Bitstream Vera Sans, sans-serif
2024-09-12 09:52:33,162:WARNING:findfont: Generic family 'sans-serif' not found because none of the following families were found: Arial, Liberation Sans, Bitstream Vera Sans, sans-serif
2024-09-12 09:52:33,162:WARNING:findfont: Generic family 'sans-serif' not found because none of the following families were found: Arial, Liberation Sans, Bitstream Vera Sans, sans-serif
2024-09-12 09:52:33,165:WARNING:findfont: Generic family 'sans-serif' not found because none of the following families were found: Arial, Liberation Sans, Bitstream Vera Sans, sans-serif
2024-09-12 09:52:33,166:WARNING:findfont: Generic family 'sans-serif' not found because none of the following families were found: Arial, Liberation Sans, Bitstream Vera Sans, sans-serif
2024-09-12 09:52:33,167:WARNING:findfont: Generic family 'sans-serif' not found because none of the following families were found: Arial, Liberation Sans, Bitstream Vera Sans, sans-serif
2024-09-12 09:52:33,168:WARNING:findfont: Generic family 'sans-serif' not found because none of the following families were found: Arial, Liberation Sans, Bitstream Vera Sans, sans-serif
2024-09-12 09:52:33,169:WARNING:findfont: Generic family 'sans-serif' not found because none of the following families were found: Arial, Liberation Sans, Bitstream Vera Sans, sans-serif
2024-09-12 09:52:33,176:WARNING:findfont: Generic family 'sans-serif' not found because none of the following families were found: Arial, Liberation Sans, Bitstream Vera Sans, sans-serif
2024-09-12 09:52:33,177:WARNING:findfont: Generic family 'sans-serif' not found because none of the following families were found: Arial, Liberation Sans, Bitstream Vera Sans, sans-serif
2024-09-12 09:52:33,177:WARNING:findfont: Generic family 'sans-serif' not found because none of the following families were found: Arial, Liberation Sans, Bitstream Vera Sans, sans-serif
2024-09-12 09:52:33,178:WARNING:findfont: Generic family 'sans-serif' not found because none of the following families were found: Arial, Liberation Sans, Bitstream Vera Sans, sans-serif
2024-09-12 09:52:33,179:WARNING:findfont: Generic family 'sans-serif' not found because none of the following families were found: Arial, Liberation Sans, Bitstream Vera Sans, sans-serif
2024-09-12 09:52:33,186:WARNING:findfont: Generic family 'sans-serif' not found because none of the following families were found: Arial, Liberation Sans, Bitstream Vera Sans, sans-serif
2024-09-12 09:52:33,187:WARNING:findfont: Generic family 'sans-serif' not found because none of the following families were found: Arial, Liberation Sans, Bitstream Vera Sans, sans-serif
2024-09-12 09:52:33,190:WARNING:findfont: Generic family 'sans-serif' not found because none of the following families were found: Arial, Liberation Sans, Bitstream Vera Sans, sans-serif
2024-09-12 09:52:33,191:WARNING:findfont: Generic family 'sans-serif' not found because none of the following families were found: Arial, Liberation Sans, Bitstream Vera Sans, sans-serif
2024-09-12 09:52:33,191:WARNING:findfont: Generic family 'sans-serif' not found because none of the following families were found: Arial, Liberation Sans, Bitstream Vera Sans, sans-serif
2024-09-12 09:52:33,192:WARNING:findfont: Generic family 'sans-serif' not found because none of the following families were found: Arial, Liberation Sans, Bitstream Vera Sans, sans-serif
2024-09-12 09:52:33,193:WARNING:findfont: Generic family 'sans-serif' not found because none of the following families were found: Arial, Liberation Sans, Bitstream Vera Sans, sans-serif
2024-09-12 09:52:33,194:WARNING:findfont: Generic family 'sans-serif' not found because none of the following families were found: Arial, Liberation Sans, Bitstream Vera Sans, sans-serif
2024-09-12 09:52:33,194:WARNING:findfont: Generic family 'sans-serif' not found because none of the following families were found: Arial, Liberation Sans, Bitstream Vera Sans, sans-serif
2024-09-12 09:52:33,196:WARNING:findfont: Generic family 'sans-serif' not found because none of the following families were found: Arial, Liberation Sans, Bitstream Vera Sans, sans-serif
2024-09-12 09:52:33,196:WARNING:findfont: Generic family 'sans-serif' not found because none of the following families were found: Arial, Liberation Sans, Bitstream Vera Sans, sans-serif
2024-09-12 09:52:33,196:WARNING:findfont: Generic family 'sans-serif' not found because none of the following families were found: Arial, Liberation Sans, Bitstream Vera Sans, sans-serif
2024-09-12 09:52:33,197:WARNING:findfont: Generic family 'sans-serif' not found because none of the following families were found: Arial, Liberation Sans, Bitstream Vera Sans, sans-serif
2024-09-12 09:52:33,197:WARNING:findfont: Generic family 'sans-serif' not found because none of the following families were found: Arial, Liberation Sans, Bitstream Vera Sans, sans-serif
2024-09-12 09:52:33,198:WARNING:findfont: Generic family 'sans-serif' not found because none of the following families were found: Arial, Liberation Sans, Bitstream Vera Sans, sans-serif
2024-09-12 09:52:33,198:WARNING:findfont: Generic family 'sans-serif' not found because none of the following families were found: Arial, Liberation Sans, Bitstream Vera Sans, sans-serif
2024-09-12 09:52:33,202:WARNING:findfont: Generic family 'sans-serif' not found because none of the following families were found: Arial, Liberation Sans, Bitstream Vera Sans, sans-serif
2024-09-12 09:52:33,203:WARNING:findfont: Generic family 'sans-serif' not found because none of the following families were found: Arial, Liberation Sans, Bitstream Vera Sans, sans-serif
2024-09-12 09:52:33,203:WARNING:findfont: Generic family 'sans-serif' not found because none of the following families were found: Arial, Liberation Sans, Bitstream Vera Sans, sans-serif
2024-09-12 09:52:33,204:WARNING:findfont: Generic family 'sans-serif' not found because none of the following families were found: Arial, Liberation Sans, Bitstream Vera Sans, sans-serif
2024-09-12 09:52:33,285:INFO:Visual Rendered Successfully
2024-09-12 09:52:33,369:INFO:plot_model() successfully completed......................................
2024-09-12 09:52:33,374:INFO:Initializing predict_model()
2024-09-12 09:52:33,375:INFO:predict_model(self=<pycaret.regression.oop.RegressionExperiment object at 0x783bac3c86a0>, estimator=Ridge(random_state=123), probability_threshold=None, encoded_labels=False, raw_score=False, round=4, verbose=True, ml_usecase=None, preprocess=True, encode_labels=<function _SupervisedExperiment.predict_model.<locals>.encode_labels at 0x783bef4c6c20>)
2024-09-12 09:52:33,375:INFO:Checking exceptions
2024-09-12 09:52:33,375:INFO:Preloading libraries
2024-09-12 09:52:33,376:INFO:Set up data.
2024-09-12 09:52:33,378:INFO:Set up index.
2024-10-04 12:29:25,287:WARNING:
'cuml' is a soft dependency and not included in the pycaret installation. Please run: `pip install cuml` to install.
2024-10-04 12:29:25,287:WARNING:
'cuml' is a soft dependency and not included in the pycaret installation. Please run: `pip install cuml` to install.
2024-10-04 12:29:25,287:WARNING:
'cuml' is a soft dependency and not included in the pycaret installation. Please run: `pip install cuml` to install.
2024-10-04 12:29:25,288:WARNING:
'cuml' is a soft dependency and not included in the pycaret installation. Please run: `pip install cuml` to install.
2024-10-04 12:29:25,617:INFO:PyCaret RegressionExperiment
2024-10-04 12:29:25,617:INFO:Logging name: reg-default-name
2024-10-04 12:29:25,617:INFO:ML Usecase: MLUsecase.REGRESSION
2024-10-04 12:29:25,617:INFO:version 3.3.2
2024-10-04 12:29:25,617:INFO:Initializing setup()
2024-10-04 12:29:25,617:INFO:self.USI: ccb1
2024-10-04 12:29:25,617:INFO:self._variable_keys: {'html_param', 'logging_param', 'X_test', '_ml_usecase', 'seed', 'gpu_n_jobs_param', 'exp_name_log', 'y', '_available_plots', 'idx', 'y_train', 'exp_id', 'X_train', 'target_param', 'memory', 'USI', 'fold_shuffle_param', 'fold_generator', 'pipeline', 'y_test', 'X', 'gpu_param', 'transform_target_param', 'data', 'n_jobs_param', 'log_plots_param', 'fold_groups_param'}
2024-10-04 12:29:25,618:INFO:Checking environment
2024-10-04 12:29:25,618:INFO:python_version: 3.10.15
2024-10-04 12:29:25,618:INFO:python_build: ('main', 'Sep 27 2024 06:06:16')
2024-10-04 12:29:25,618:INFO:machine: x86_64
2024-10-04 12:29:25,618:INFO:platform: Linux-6.5.0-1025-azure-x86_64-with-glibc2.31
2024-10-04 12:29:25,618:INFO:Memory: svmem(total=16757338112, available=11511140352, percent=31.3, used=4819574784, free=379371520, active=5453393920, inactive=9956356096, buffers=235704320, cached=11322687488, shared=63148032, slab=747347968)
2024-10-04 12:29:25,619:INFO:Physical Core: 2
2024-10-04 12:29:25,619:INFO:Logical Core: 4
2024-10-04 12:29:25,619:INFO:Checking libraries
2024-10-04 12:29:25,619:INFO:System:
2024-10-04 12:29:25,619:INFO:    python: 3.10.15 (main, Sep 27 2024, 06:06:16) [GCC 10.2.1 20210110]
2024-10-04 12:29:25,619:INFO:executable: /usr/local/bin/python
2024-10-04 12:29:25,619:INFO:   machine: Linux-6.5.0-1025-azure-x86_64-with-glibc2.31
2024-10-04 12:29:25,619:INFO:PyCaret required dependencies:
2024-10-04 12:29:25,692:INFO:                 pip: 23.0.1
2024-10-04 12:29:25,693:INFO:          setuptools: 69.0.3
2024-10-04 12:29:25,693:INFO:             pycaret: 3.3.2
2024-10-04 12:29:25,693:INFO:             IPython: 8.28.0
2024-10-04 12:29:25,693:INFO:          ipywidgets: 8.1.5
2024-10-04 12:29:25,693:INFO:                tqdm: 4.66.5
2024-10-04 12:29:25,693:INFO:               numpy: 1.26.4
2024-10-04 12:29:25,693:INFO:              pandas: 2.1.4
2024-10-04 12:29:25,693:INFO:              jinja2: 3.1.4
2024-10-04 12:29:25,693:INFO:               scipy: 1.11.4
2024-10-04 12:29:25,693:INFO:              joblib: 1.3.2
2024-10-04 12:29:25,693:INFO:             sklearn: 1.4.2
2024-10-04 12:29:25,693:INFO:                pyod: 2.0.2
2024-10-04 12:29:25,693:INFO:            imblearn: 0.12.3
2024-10-04 12:29:25,693:INFO:   category_encoders: 2.6.4
2024-10-04 12:29:25,693:INFO:            lightgbm: 4.5.0
2024-10-04 12:29:25,693:INFO:               numba: 0.60.0
2024-10-04 12:29:25,694:INFO:            requests: 2.32.3
2024-10-04 12:29:25,694:INFO:          matplotlib: 3.7.5
2024-10-04 12:29:25,694:INFO:          scikitplot: 0.3.7
2024-10-04 12:29:25,694:INFO:         yellowbrick: 1.5
2024-10-04 12:29:25,694:INFO:              plotly: 5.24.1
2024-10-04 12:29:25,694:INFO:    plotly-resampler: Not installed
2024-10-04 12:29:25,694:INFO:             kaleido: 0.2.1
2024-10-04 12:29:25,694:INFO:           schemdraw: 0.15
2024-10-04 12:29:25,694:INFO:         statsmodels: 0.14.4
2024-10-04 12:29:25,694:INFO:              sktime: 0.26.0
2024-10-04 12:29:25,694:INFO:               tbats: 1.1.3
2024-10-04 12:29:25,694:INFO:            pmdarima: 2.0.4
2024-10-04 12:29:25,694:INFO:              psutil: 6.0.0
2024-10-04 12:29:25,694:INFO:          markupsafe: 2.1.5
2024-10-04 12:29:25,694:INFO:             pickle5: Not installed
2024-10-04 12:29:25,694:INFO:         cloudpickle: 3.0.0
2024-10-04 12:29:25,694:INFO:         deprecation: 2.1.0
2024-10-04 12:29:25,694:INFO:              xxhash: 3.5.0
2024-10-04 12:29:25,694:INFO:           wurlitzer: 3.1.1
2024-10-04 12:29:25,695:INFO:PyCaret optional dependencies:
2024-10-04 12:29:25,710:INFO:                shap: Not installed
2024-10-04 12:29:25,711:INFO:           interpret: Not installed
2024-10-04 12:29:25,711:INFO:                umap: Not installed
2024-10-04 12:29:25,711:INFO:     ydata_profiling: Not installed
2024-10-04 12:29:25,711:INFO:  explainerdashboard: Not installed
2024-10-04 12:29:25,711:INFO:             autoviz: Not installed
2024-10-04 12:29:25,711:INFO:           fairlearn: Not installed
2024-10-04 12:29:25,711:INFO:          deepchecks: Not installed
2024-10-04 12:29:25,711:INFO:             xgboost: Not installed
2024-10-04 12:29:25,711:INFO:            catboost: Not installed
2024-10-04 12:29:25,711:INFO:              kmodes: Not installed
2024-10-04 12:29:25,711:INFO:             mlxtend: Not installed
2024-10-04 12:29:25,711:INFO:       statsforecast: Not installed
2024-10-04 12:29:25,711:INFO:        tune_sklearn: Not installed
2024-10-04 12:29:25,711:INFO:                 ray: Not installed
2024-10-04 12:29:25,711:INFO:            hyperopt: Not installed
2024-10-04 12:29:25,711:INFO:              optuna: Not installed
2024-10-04 12:29:25,711:INFO:               skopt: Not installed
2024-10-04 12:29:25,712:INFO:              mlflow: Not installed
2024-10-04 12:29:25,712:INFO:              gradio: Not installed
2024-10-04 12:29:25,712:INFO:             fastapi: Not installed
2024-10-04 12:29:25,712:INFO:             uvicorn: Not installed
2024-10-04 12:29:25,712:INFO:              m2cgen: Not installed
2024-10-04 12:29:25,712:INFO:           evidently: Not installed
2024-10-04 12:29:25,712:INFO:               fugue: Not installed
2024-10-04 12:29:25,712:INFO:           streamlit: Not installed
2024-10-04 12:29:25,712:INFO:             prophet: Not installed
2024-10-04 12:29:25,712:INFO:None
2024-10-04 12:29:25,712:INFO:Set up data.
2024-10-04 12:29:25,715:INFO:Set up folding strategy.
2024-10-04 12:29:25,715:INFO:Set up train/test split.
2024-10-04 12:29:25,717:INFO:Set up index.
2024-10-04 12:29:25,718:INFO:Assigning column types.
2024-10-04 12:29:25,720:INFO:Engine successfully changes for model 'lr' to 'sklearn'.
2024-10-04 12:29:25,720:INFO:Engine for model 'lasso' has not been set explicitly, hence returning None.
2024-10-04 12:29:25,724:INFO:Engine for model 'ridge' has not been set explicitly, hence returning None.
2024-10-04 12:29:25,727:INFO:Engine for model 'en' has not been set explicitly, hence returning None.
2024-10-04 12:29:25,774:INFO:Engine for model 'svm' has not been set explicitly, hence returning None.
2024-10-04 12:29:25,813:INFO:Engine for model 'knn' has not been set explicitly, hence returning None.
2024-10-04 12:29:25,814:WARNING:
'xgboost' is a soft dependency and not included in the pycaret installation. Please run: `pip install xgboost` to install.
Alternately, you can install this by running `pip install pycaret[models]`
2024-10-04 12:29:25,814:WARNING:
'catboost' is a soft dependency and not included in the pycaret installation. Please run: `pip install catboost` to install.
Alternately, you can install this by running `pip install pycaret[models]`
2024-10-04 12:29:25,814:INFO:Engine for model 'lasso' has not been set explicitly, hence returning None.
2024-10-04 12:29:25,819:INFO:Engine for model 'ridge' has not been set explicitly, hence returning None.
2024-10-04 12:29:25,826:INFO:Engine for model 'en' has not been set explicitly, hence returning None.
2024-10-04 12:29:25,888:INFO:Engine for model 'svm' has not been set explicitly, hence returning None.
2024-10-04 12:29:25,930:INFO:Engine for model 'knn' has not been set explicitly, hence returning None.
2024-10-04 12:29:25,933:WARNING:
'xgboost' is a soft dependency and not included in the pycaret installation. Please run: `pip install xgboost` to install.
Alternately, you can install this by running `pip install pycaret[models]`
2024-10-04 12:29:25,933:WARNING:
'catboost' is a soft dependency and not included in the pycaret installation. Please run: `pip install catboost` to install.
Alternately, you can install this by running `pip install pycaret[models]`
2024-10-04 12:29:25,934:INFO:Engine successfully changes for model 'lasso' to 'sklearn'.
2024-10-04 12:29:25,941:INFO:Engine for model 'ridge' has not been set explicitly, hence returning None.
2024-10-04 12:29:25,948:INFO:Engine for model 'en' has not been set explicitly, hence returning None.
2024-10-04 12:29:26,021:INFO:Engine for model 'svm' has not been set explicitly, hence returning None.
2024-10-04 12:29:26,068:INFO:Engine for model 'knn' has not been set explicitly, hence returning None.
2024-10-04 12:29:26,068:WARNING:
'xgboost' is a soft dependency and not included in the pycaret installation. Please run: `pip install xgboost` to install.
Alternately, you can install this by running `pip install pycaret[models]`
2024-10-04 12:29:26,069:WARNING:
'catboost' is a soft dependency and not included in the pycaret installation. Please run: `pip install catboost` to install.
Alternately, you can install this by running `pip install pycaret[models]`
2024-10-04 12:29:26,081:INFO:Engine for model 'ridge' has not been set explicitly, hence returning None.
2024-10-04 12:29:26,088:INFO:Engine for model 'en' has not been set explicitly, hence returning None.
2024-10-04 12:29:26,166:INFO:Engine for model 'svm' has not been set explicitly, hence returning None.
2024-10-04 12:29:26,215:INFO:Engine for model 'knn' has not been set explicitly, hence returning None.
2024-10-04 12:29:26,216:WARNING:
'xgboost' is a soft dependency and not included in the pycaret installation. Please run: `pip install xgboost` to install.
Alternately, you can install this by running `pip install pycaret[models]`
2024-10-04 12:29:26,216:WARNING:
'catboost' is a soft dependency and not included in the pycaret installation. Please run: `pip install catboost` to install.
Alternately, you can install this by running `pip install pycaret[models]`
2024-10-04 12:29:26,217:INFO:Engine successfully changes for model 'ridge' to 'sklearn'.
2024-10-04 12:29:26,230:INFO:Engine for model 'en' has not been set explicitly, hence returning None.
2024-10-04 12:29:26,295:INFO:Engine for model 'svm' has not been set explicitly, hence returning None.
2024-10-04 12:29:26,341:INFO:Engine for model 'knn' has not been set explicitly, hence returning None.
2024-10-04 12:29:26,341:WARNING:
'xgboost' is a soft dependency and not included in the pycaret installation. Please run: `pip install xgboost` to install.
Alternately, you can install this by running `pip install pycaret[models]`
2024-10-04 12:29:26,341:WARNING:
'catboost' is a soft dependency and not included in the pycaret installation. Please run: `pip install catboost` to install.
Alternately, you can install this by running `pip install pycaret[models]`
2024-10-04 12:29:26,349:INFO:Engine for model 'en' has not been set explicitly, hence returning None.
2024-10-04 12:29:26,395:INFO:Engine for model 'svm' has not been set explicitly, hence returning None.
2024-10-04 12:29:26,431:INFO:Engine for model 'knn' has not been set explicitly, hence returning None.
2024-10-04 12:29:26,431:WARNING:
'xgboost' is a soft dependency and not included in the pycaret installation. Please run: `pip install xgboost` to install.
Alternately, you can install this by running `pip install pycaret[models]`
2024-10-04 12:29:26,431:WARNING:
'catboost' is a soft dependency and not included in the pycaret installation. Please run: `pip install catboost` to install.
Alternately, you can install this by running `pip install pycaret[models]`
2024-10-04 12:29:26,432:INFO:Engine successfully changes for model 'en' to 'sklearn'.
2024-10-04 12:29:26,484:INFO:Engine for model 'svm' has not been set explicitly, hence returning None.
2024-10-04 12:29:26,520:INFO:Engine for model 'knn' has not been set explicitly, hence returning None.
2024-10-04 12:29:26,520:WARNING:
'xgboost' is a soft dependency and not included in the pycaret installation. Please run: `pip install xgboost` to install.
Alternately, you can install this by running `pip install pycaret[models]`
2024-10-04 12:29:26,521:WARNING:
'catboost' is a soft dependency and not included in the pycaret installation. Please run: `pip install catboost` to install.
Alternately, you can install this by running `pip install pycaret[models]`
2024-10-04 12:29:26,574:INFO:Engine for model 'svm' has not been set explicitly, hence returning None.
2024-10-04 12:29:26,610:INFO:Engine for model 'knn' has not been set explicitly, hence returning None.
2024-10-04 12:29:26,611:WARNING:
'xgboost' is a soft dependency and not included in the pycaret installation. Please run: `pip install xgboost` to install.
Alternately, you can install this by running `pip install pycaret[models]`
2024-10-04 12:29:26,611:WARNING:
'catboost' is a soft dependency and not included in the pycaret installation. Please run: `pip install catboost` to install.
Alternately, you can install this by running `pip install pycaret[models]`
2024-10-04 12:29:26,611:INFO:Engine successfully changes for model 'knn' to 'sklearn'.
2024-10-04 12:29:26,664:INFO:Engine for model 'svm' has not been set explicitly, hence returning None.
2024-10-04 12:29:26,701:WARNING:
'xgboost' is a soft dependency and not included in the pycaret installation. Please run: `pip install xgboost` to install.
Alternately, you can install this by running `pip install pycaret[models]`
2024-10-04 12:29:26,701:WARNING:
'catboost' is a soft dependency and not included in the pycaret installation. Please run: `pip install catboost` to install.
Alternately, you can install this by running `pip install pycaret[models]`
2024-10-04 12:29:26,754:INFO:Engine for model 'svm' has not been set explicitly, hence returning None.
2024-10-04 12:29:26,791:WARNING:
'xgboost' is a soft dependency and not included in the pycaret installation. Please run: `pip install xgboost` to install.
Alternately, you can install this by running `pip install pycaret[models]`
2024-10-04 12:29:26,791:WARNING:
'catboost' is a soft dependency and not included in the pycaret installation. Please run: `pip install catboost` to install.
Alternately, you can install this by running `pip install pycaret[models]`
2024-10-04 12:29:26,791:INFO:Engine successfully changes for model 'svm' to 'sklearn'.
2024-10-04 12:29:26,887:WARNING:
'xgboost' is a soft dependency and not included in the pycaret installation. Please run: `pip install xgboost` to install.
Alternately, you can install this by running `pip install pycaret[models]`
2024-10-04 12:29:26,887:WARNING:
'catboost' is a soft dependency and not included in the pycaret installation. Please run: `pip install catboost` to install.
Alternately, you can install this by running `pip install pycaret[models]`
2024-10-04 12:29:26,980:WARNING:
'xgboost' is a soft dependency and not included in the pycaret installation. Please run: `pip install xgboost` to install.
Alternately, you can install this by running `pip install pycaret[models]`
2024-10-04 12:29:26,980:WARNING:
'catboost' is a soft dependency and not included in the pycaret installation. Please run: `pip install catboost` to install.
Alternately, you can install this by running `pip install pycaret[models]`
2024-10-04 12:29:26,982:INFO:Preparing preprocessing pipeline...
2024-10-04 12:29:26,982:INFO:Set up date feature engineering.
2024-10-04 12:29:26,982:INFO:Set up simple imputation.
2024-10-04 12:29:26,983:INFO:Set up column name cleaning.
2024-10-04 12:29:27,001:INFO:Finished creating preprocessing pipeline.
2024-10-04 12:29:27,005:INFO:Pipeline: Pipeline(memory=FastMemory(location=/tmp/joblib),
         steps=[('date_feature_extractor',
                 TransformerWrapper(include=['Period'],
                                    transformer=ExtractDateTimeFeatures())),
                ('numerical_imputer',
                 TransformerWrapper(include=[], transformer=SimpleImputer())),
                ('categorical_imputer',
                 TransformerWrapper(include=[],
                                    transformer=SimpleImputer(strategy='most_frequent'))),
                ('clean_column_names',
                 TransformerWrapper(transformer=CleanColumnNames()))])
2024-10-04 12:29:27,005:INFO:Creating final display dataframe.
2024-10-04 12:29:27,060:INFO:Setup _display_container:                     Description                             Value
0                    Session id                               123
1                        Target  Average price All property types
2                   Target type                        Regression
3           Original data shape                           (72, 2)
4        Transformed data shape                           (72, 4)
5   Transformed train set shape                           (50, 4)
6    Transformed test set shape                           (22, 4)
7                 Date features                                 1
8                    Preprocess                              True
9               Imputation type                            simple
10           Numeric imputation                              mean
11       Categorical imputation                              mode
12               Fold Generator                   TimeSeriesSplit
13                  Fold Number                                 2
14                     CPU Jobs                                -1
15                      Use GPU                             False
16               Log Experiment                             False
17              Experiment Name                  reg-default-name
18                          USI                              ccb1
2024-10-04 12:29:27,158:WARNING:
'xgboost' is a soft dependency and not included in the pycaret installation. Please run: `pip install xgboost` to install.
Alternately, you can install this by running `pip install pycaret[models]`
2024-10-04 12:29:27,158:WARNING:
'catboost' is a soft dependency and not included in the pycaret installation. Please run: `pip install catboost` to install.
Alternately, you can install this by running `pip install pycaret[models]`
2024-10-04 12:29:27,250:WARNING:
'xgboost' is a soft dependency and not included in the pycaret installation. Please run: `pip install xgboost` to install.
Alternately, you can install this by running `pip install pycaret[models]`
2024-10-04 12:29:27,250:WARNING:
'catboost' is a soft dependency and not included in the pycaret installation. Please run: `pip install catboost` to install.
Alternately, you can install this by running `pip install pycaret[models]`
2024-10-04 12:29:27,251:INFO:setup() successfully completed in 1.63s...............
2024-10-04 12:29:27,256:INFO:Initializing compare_models()
2024-10-04 12:29:27,256:INFO:compare_models(self=<pycaret.regression.oop.RegressionExperiment object at 0x71d41af07bb0>, include=None, fold=None, round=4, cross_validation=True, sort=MAE, n_select=1, budget_time=None, turbo=True, errors=ignore, fit_kwargs=None, groups=None, experiment_custom_tags=None, probability_threshold=None, verbose=True, parallel=None, caller_params={'self': <pycaret.regression.oop.RegressionExperiment object at 0x71d41af07bb0>, 'include': None, 'exclude': None, 'fold': None, 'round': 4, 'cross_validation': True, 'sort': 'MAE', 'n_select': 1, 'budget_time': None, 'turbo': True, 'errors': 'ignore', 'fit_kwargs': None, 'groups': None, 'experiment_custom_tags': None, 'engine': None, 'verbose': True, 'parallel': None, '__class__': <class 'pycaret.regression.oop.RegressionExperiment'>}, exclude=None)
2024-10-04 12:29:27,256:INFO:Checking exceptions
2024-10-04 12:29:27,262:INFO:Preparing display monitor
2024-10-04 12:29:27,283:INFO:Initializing Linear Regression
2024-10-04 12:29:27,283:INFO:Total runtime is 4.239877065022787e-06 minutes
2024-10-04 12:29:27,286:INFO:SubProcess create_model() called ==================================
2024-10-04 12:29:27,286:INFO:Initializing create_model()
2024-10-04 12:29:27,287:INFO:create_model(self=<pycaret.regression.oop.RegressionExperiment object at 0x71d41af07bb0>, estimator=lr, fold=TimeSeriesSplit(gap=0, max_train_size=None, n_splits=2, test_size=None), round=4, cross_validation=True, predict=True, fit_kwargs={}, groups=None, refit=False, probability_threshold=None, experiment_custom_tags=None, verbose=False, system=False, add_to_model_list=True, metrics=None, display=<pycaret.internal.display.display.CommonDisplay object at 0x71d43477a470>, model_only=True, return_train_score=False, error_score=0.0, kwargs={})
2024-10-04 12:29:27,287:INFO:Checking exceptions
2024-10-04 12:29:27,287:INFO:Importing libraries
2024-10-04 12:29:27,287:INFO:Copying training dataset
2024-10-04 12:29:27,290:INFO:Defining folds
2024-10-04 12:29:27,290:INFO:Declaring metric variables
2024-10-04 12:29:27,292:INFO:Importing untrained model
2024-10-04 12:29:27,369:INFO:Linear Regression Imported successfully
2024-10-04 12:29:27,375:INFO:Starting cross validation
2024-10-04 12:29:27,378:INFO:Cross validating with TimeSeriesSplit(gap=0, max_train_size=None, n_splits=2, test_size=None), n_jobs=-1
2024-10-04 12:29:29,005:INFO:Calculating mean and std
2024-10-04 12:29:29,007:INFO:Creating metrics dataframe
2024-10-04 12:29:29,010:INFO:Uploading results into container
2024-10-04 12:29:29,012:INFO:Uploading model into container now
2024-10-04 12:29:29,012:INFO:_master_model_container: 1
2024-10-04 12:29:29,012:INFO:_display_container: 2
2024-10-04 12:29:29,013:INFO:LinearRegression(n_jobs=-1)
2024-10-04 12:29:29,013:INFO:create_model() successfully completed......................................
2024-10-04 12:29:29,107:INFO:SubProcess create_model() end ==================================
2024-10-04 12:29:29,107:INFO:Creating metrics dataframe
2024-10-04 12:29:29,116:INFO:Initializing Lasso Regression
2024-10-04 12:29:29,116:INFO:Total runtime is 0.03054624398549398 minutes
2024-10-04 12:29:29,119:INFO:SubProcess create_model() called ==================================
2024-10-04 12:29:29,120:INFO:Initializing create_model()
2024-10-04 12:29:29,120:INFO:create_model(self=<pycaret.regression.oop.RegressionExperiment object at 0x71d41af07bb0>, estimator=lasso, fold=TimeSeriesSplit(gap=0, max_train_size=None, n_splits=2, test_size=None), round=4, cross_validation=True, predict=True, fit_kwargs={}, groups=None, refit=False, probability_threshold=None, experiment_custom_tags=None, verbose=False, system=False, add_to_model_list=True, metrics=None, display=<pycaret.internal.display.display.CommonDisplay object at 0x71d43477a470>, model_only=True, return_train_score=False, error_score=0.0, kwargs={})
2024-10-04 12:29:29,120:INFO:Checking exceptions
2024-10-04 12:29:29,120:INFO:Importing libraries
2024-10-04 12:29:29,120:INFO:Copying training dataset
2024-10-04 12:29:29,123:INFO:Defining folds
2024-10-04 12:29:29,124:INFO:Declaring metric variables
2024-10-04 12:29:29,127:INFO:Importing untrained model
2024-10-04 12:29:29,130:INFO:Lasso Regression Imported successfully
2024-10-04 12:29:29,135:INFO:Starting cross validation
2024-10-04 12:29:29,136:INFO:Cross validating with TimeSeriesSplit(gap=0, max_train_size=None, n_splits=2, test_size=None), n_jobs=-1
2024-10-04 12:29:30,264:INFO:Calculating mean and std
2024-10-04 12:29:30,265:INFO:Creating metrics dataframe
2024-10-04 12:29:30,268:INFO:Uploading results into container
2024-10-04 12:29:30,269:INFO:Uploading model into container now
2024-10-04 12:29:30,270:INFO:_master_model_container: 2
2024-10-04 12:29:30,270:INFO:_display_container: 2
2024-10-04 12:29:30,270:INFO:Lasso(random_state=123)
2024-10-04 12:29:30,270:INFO:create_model() successfully completed......................................
2024-10-04 12:29:30,356:INFO:SubProcess create_model() end ==================================
2024-10-04 12:29:30,356:INFO:Creating metrics dataframe
2024-10-04 12:29:30,362:INFO:Initializing Ridge Regression
2024-10-04 12:29:30,362:INFO:Total runtime is 0.05131525993347168 minutes
2024-10-04 12:29:30,366:INFO:SubProcess create_model() called ==================================
2024-10-04 12:29:30,366:INFO:Initializing create_model()
2024-10-04 12:29:30,366:INFO:create_model(self=<pycaret.regression.oop.RegressionExperiment object at 0x71d41af07bb0>, estimator=ridge, fold=TimeSeriesSplit(gap=0, max_train_size=None, n_splits=2, test_size=None), round=4, cross_validation=True, predict=True, fit_kwargs={}, groups=None, refit=False, probability_threshold=None, experiment_custom_tags=None, verbose=False, system=False, add_to_model_list=True, metrics=None, display=<pycaret.internal.display.display.CommonDisplay object at 0x71d43477a470>, model_only=True, return_train_score=False, error_score=0.0, kwargs={})
2024-10-04 12:29:30,366:INFO:Checking exceptions
2024-10-04 12:29:30,366:INFO:Importing libraries
2024-10-04 12:29:30,366:INFO:Copying training dataset
2024-10-04 12:29:30,370:INFO:Defining folds
2024-10-04 12:29:30,370:INFO:Declaring metric variables
2024-10-04 12:29:30,373:INFO:Importing untrained model
2024-10-04 12:29:30,376:INFO:Ridge Regression Imported successfully
2024-10-04 12:29:30,382:INFO:Starting cross validation
2024-10-04 12:29:30,383:INFO:Cross validating with TimeSeriesSplit(gap=0, max_train_size=None, n_splits=2, test_size=None), n_jobs=-1
2024-10-04 12:29:30,417:INFO:Calculating mean and std
2024-10-04 12:29:30,417:INFO:Creating metrics dataframe
2024-10-04 12:29:30,419:INFO:Uploading results into container
2024-10-04 12:29:30,420:INFO:Uploading model into container now
2024-10-04 12:29:30,420:INFO:_master_model_container: 3
2024-10-04 12:29:30,420:INFO:_display_container: 2
2024-10-04 12:29:30,420:INFO:Ridge(random_state=123)
2024-10-04 12:29:30,420:INFO:create_model() successfully completed......................................
2024-10-04 12:29:30,490:INFO:SubProcess create_model() end ==================================
2024-10-04 12:29:30,490:INFO:Creating metrics dataframe
2024-10-04 12:29:30,496:INFO:Initializing Elastic Net
2024-10-04 12:29:30,496:INFO:Total runtime is 0.053547020753224685 minutes
2024-10-04 12:29:30,499:INFO:SubProcess create_model() called ==================================
2024-10-04 12:29:30,499:INFO:Initializing create_model()
2024-10-04 12:29:30,500:INFO:create_model(self=<pycaret.regression.oop.RegressionExperiment object at 0x71d41af07bb0>, estimator=en, fold=TimeSeriesSplit(gap=0, max_train_size=None, n_splits=2, test_size=None), round=4, cross_validation=True, predict=True, fit_kwargs={}, groups=None, refit=False, probability_threshold=None, experiment_custom_tags=None, verbose=False, system=False, add_to_model_list=True, metrics=None, display=<pycaret.internal.display.display.CommonDisplay object at 0x71d43477a470>, model_only=True, return_train_score=False, error_score=0.0, kwargs={})
2024-10-04 12:29:30,500:INFO:Checking exceptions
2024-10-04 12:29:30,500:INFO:Importing libraries
2024-10-04 12:29:30,500:INFO:Copying training dataset
2024-10-04 12:29:30,503:INFO:Defining folds
2024-10-04 12:29:30,503:INFO:Declaring metric variables
2024-10-04 12:29:30,506:INFO:Importing untrained model
2024-10-04 12:29:30,509:INFO:Elastic Net Imported successfully
2024-10-04 12:29:30,514:INFO:Starting cross validation
2024-10-04 12:29:30,515:INFO:Cross validating with TimeSeriesSplit(gap=0, max_train_size=None, n_splits=2, test_size=None), n_jobs=-1
2024-10-04 12:29:30,539:INFO:Calculating mean and std
2024-10-04 12:29:30,539:INFO:Creating metrics dataframe
2024-10-04 12:29:30,541:INFO:Uploading results into container
2024-10-04 12:29:30,541:INFO:Uploading model into container now
2024-10-04 12:29:30,542:INFO:_master_model_container: 4
2024-10-04 12:29:30,542:INFO:_display_container: 2
2024-10-04 12:29:30,542:INFO:ElasticNet(random_state=123)
2024-10-04 12:29:30,542:INFO:create_model() successfully completed......................................
2024-10-04 12:29:30,616:INFO:SubProcess create_model() end ==================================
2024-10-04 12:29:30,616:INFO:Creating metrics dataframe
2024-10-04 12:29:30,622:INFO:Initializing Least Angle Regression
2024-10-04 12:29:30,622:INFO:Total runtime is 0.05565547943115234 minutes
2024-10-04 12:29:30,625:INFO:SubProcess create_model() called ==================================
2024-10-04 12:29:30,626:INFO:Initializing create_model()
2024-10-04 12:29:30,626:INFO:create_model(self=<pycaret.regression.oop.RegressionExperiment object at 0x71d41af07bb0>, estimator=lar, fold=TimeSeriesSplit(gap=0, max_train_size=None, n_splits=2, test_size=None), round=4, cross_validation=True, predict=True, fit_kwargs={}, groups=None, refit=False, probability_threshold=None, experiment_custom_tags=None, verbose=False, system=False, add_to_model_list=True, metrics=None, display=<pycaret.internal.display.display.CommonDisplay object at 0x71d43477a470>, model_only=True, return_train_score=False, error_score=0.0, kwargs={})
2024-10-04 12:29:30,626:INFO:Checking exceptions
2024-10-04 12:29:30,626:INFO:Importing libraries
2024-10-04 12:29:30,626:INFO:Copying training dataset
2024-10-04 12:29:30,629:INFO:Defining folds
2024-10-04 12:29:30,629:INFO:Declaring metric variables
2024-10-04 12:29:30,633:INFO:Importing untrained model
2024-10-04 12:29:30,636:INFO:Least Angle Regression Imported successfully
2024-10-04 12:29:30,641:INFO:Starting cross validation
2024-10-04 12:29:30,642:INFO:Cross validating with TimeSeriesSplit(gap=0, max_train_size=None, n_splits=2, test_size=None), n_jobs=-1
2024-10-04 12:29:30,676:INFO:Calculating mean and std
2024-10-04 12:29:30,676:INFO:Creating metrics dataframe
2024-10-04 12:29:30,678:INFO:Uploading results into container
2024-10-04 12:29:30,678:INFO:Uploading model into container now
2024-10-04 12:29:30,679:INFO:_master_model_container: 5
2024-10-04 12:29:30,679:INFO:_display_container: 2
2024-10-04 12:29:30,679:INFO:Lars(random_state=123)
2024-10-04 12:29:30,679:INFO:create_model() successfully completed......................................
2024-10-04 12:29:30,749:INFO:SubProcess create_model() end ==================================
2024-10-04 12:29:30,749:INFO:Creating metrics dataframe
2024-10-04 12:29:30,756:INFO:Initializing Lasso Least Angle Regression
2024-10-04 12:29:30,756:INFO:Total runtime is 0.05788065989812215 minutes
2024-10-04 12:29:30,759:INFO:SubProcess create_model() called ==================================
2024-10-04 12:29:30,760:INFO:Initializing create_model()
2024-10-04 12:29:30,760:INFO:create_model(self=<pycaret.regression.oop.RegressionExperiment object at 0x71d41af07bb0>, estimator=llar, fold=TimeSeriesSplit(gap=0, max_train_size=None, n_splits=2, test_size=None), round=4, cross_validation=True, predict=True, fit_kwargs={}, groups=None, refit=False, probability_threshold=None, experiment_custom_tags=None, verbose=False, system=False, add_to_model_list=True, metrics=None, display=<pycaret.internal.display.display.CommonDisplay object at 0x71d43477a470>, model_only=True, return_train_score=False, error_score=0.0, kwargs={})
2024-10-04 12:29:30,760:INFO:Checking exceptions
2024-10-04 12:29:30,760:INFO:Importing libraries
2024-10-04 12:29:30,760:INFO:Copying training dataset
2024-10-04 12:29:30,763:INFO:Defining folds
2024-10-04 12:29:30,763:INFO:Declaring metric variables
2024-10-04 12:29:30,766:INFO:Importing untrained model
2024-10-04 12:29:30,769:INFO:Lasso Least Angle Regression Imported successfully
2024-10-04 12:29:30,774:INFO:Starting cross validation
2024-10-04 12:29:30,775:INFO:Cross validating with TimeSeriesSplit(gap=0, max_train_size=None, n_splits=2, test_size=None), n_jobs=-1
2024-10-04 12:29:30,810:INFO:Calculating mean and std
2024-10-04 12:29:30,810:INFO:Creating metrics dataframe
2024-10-04 12:29:30,812:INFO:Uploading results into container
2024-10-04 12:29:30,812:INFO:Uploading model into container now
2024-10-04 12:29:30,812:INFO:_master_model_container: 6
2024-10-04 12:29:30,813:INFO:_display_container: 2
2024-10-04 12:29:30,813:INFO:LassoLars(random_state=123)
2024-10-04 12:29:30,813:INFO:create_model() successfully completed......................................
2024-10-04 12:29:30,883:INFO:SubProcess create_model() end ==================================
2024-10-04 12:29:30,883:INFO:Creating metrics dataframe
2024-10-04 12:29:30,890:INFO:Initializing Orthogonal Matching Pursuit
2024-10-04 12:29:30,890:INFO:Total runtime is 0.06011710166931152 minutes
2024-10-04 12:29:30,893:INFO:SubProcess create_model() called ==================================
2024-10-04 12:29:30,893:INFO:Initializing create_model()
2024-10-04 12:29:30,893:INFO:create_model(self=<pycaret.regression.oop.RegressionExperiment object at 0x71d41af07bb0>, estimator=omp, fold=TimeSeriesSplit(gap=0, max_train_size=None, n_splits=2, test_size=None), round=4, cross_validation=True, predict=True, fit_kwargs={}, groups=None, refit=False, probability_threshold=None, experiment_custom_tags=None, verbose=False, system=False, add_to_model_list=True, metrics=None, display=<pycaret.internal.display.display.CommonDisplay object at 0x71d43477a470>, model_only=True, return_train_score=False, error_score=0.0, kwargs={})
2024-10-04 12:29:30,894:INFO:Checking exceptions
2024-10-04 12:29:30,894:INFO:Importing libraries
2024-10-04 12:29:30,894:INFO:Copying training dataset
2024-10-04 12:29:30,897:INFO:Defining folds
2024-10-04 12:29:30,897:INFO:Declaring metric variables
2024-10-04 12:29:30,900:INFO:Importing untrained model
2024-10-04 12:29:30,903:INFO:Orthogonal Matching Pursuit Imported successfully
2024-10-04 12:29:30,909:INFO:Starting cross validation
2024-10-04 12:29:30,909:INFO:Cross validating with TimeSeriesSplit(gap=0, max_train_size=None, n_splits=2, test_size=None), n_jobs=-1
2024-10-04 12:29:30,943:INFO:Calculating mean and std
2024-10-04 12:29:30,944:INFO:Creating metrics dataframe
2024-10-04 12:29:30,945:INFO:Uploading results into container
2024-10-04 12:29:30,946:INFO:Uploading model into container now
2024-10-04 12:29:30,946:INFO:_master_model_container: 7
2024-10-04 12:29:30,946:INFO:_display_container: 2
2024-10-04 12:29:30,946:INFO:OrthogonalMatchingPursuit()
2024-10-04 12:29:30,946:INFO:create_model() successfully completed......................................
2024-10-04 12:29:31,015:INFO:SubProcess create_model() end ==================================
2024-10-04 12:29:31,016:INFO:Creating metrics dataframe
2024-10-04 12:29:31,023:INFO:Initializing Bayesian Ridge
2024-10-04 12:29:31,023:INFO:Total runtime is 0.0623264193534851 minutes
2024-10-04 12:29:31,026:INFO:SubProcess create_model() called ==================================
2024-10-04 12:29:31,026:INFO:Initializing create_model()
2024-10-04 12:29:31,026:INFO:create_model(self=<pycaret.regression.oop.RegressionExperiment object at 0x71d41af07bb0>, estimator=br, fold=TimeSeriesSplit(gap=0, max_train_size=None, n_splits=2, test_size=None), round=4, cross_validation=True, predict=True, fit_kwargs={}, groups=None, refit=False, probability_threshold=None, experiment_custom_tags=None, verbose=False, system=False, add_to_model_list=True, metrics=None, display=<pycaret.internal.display.display.CommonDisplay object at 0x71d43477a470>, model_only=True, return_train_score=False, error_score=0.0, kwargs={})
2024-10-04 12:29:31,026:INFO:Checking exceptions
2024-10-04 12:29:31,026:INFO:Importing libraries
2024-10-04 12:29:31,026:INFO:Copying training dataset
2024-10-04 12:29:31,029:INFO:Defining folds
2024-10-04 12:29:31,030:INFO:Declaring metric variables
2024-10-04 12:29:31,033:INFO:Importing untrained model
2024-10-04 12:29:31,036:INFO:Bayesian Ridge Imported successfully
2024-10-04 12:29:31,041:INFO:Starting cross validation
2024-10-04 12:29:31,042:INFO:Cross validating with TimeSeriesSplit(gap=0, max_train_size=None, n_splits=2, test_size=None), n_jobs=-1
2024-10-04 12:29:31,066:INFO:Calculating mean and std
2024-10-04 12:29:31,066:INFO:Creating metrics dataframe
2024-10-04 12:29:31,068:INFO:Uploading results into container
2024-10-04 12:29:31,068:INFO:Uploading model into container now
2024-10-04 12:29:31,068:INFO:_master_model_container: 8
2024-10-04 12:29:31,068:INFO:_display_container: 2
2024-10-04 12:29:31,069:INFO:BayesianRidge()
2024-10-04 12:29:31,069:INFO:create_model() successfully completed......................................
2024-10-04 12:29:31,140:INFO:SubProcess create_model() end ==================================
2024-10-04 12:29:31,140:INFO:Creating metrics dataframe
2024-10-04 12:29:31,147:INFO:Initializing Passive Aggressive Regressor
2024-10-04 12:29:31,147:INFO:Total runtime is 0.06440575917561848 minutes
2024-10-04 12:29:31,150:INFO:SubProcess create_model() called ==================================
2024-10-04 12:29:31,151:INFO:Initializing create_model()
2024-10-04 12:29:31,151:INFO:create_model(self=<pycaret.regression.oop.RegressionExperiment object at 0x71d41af07bb0>, estimator=par, fold=TimeSeriesSplit(gap=0, max_train_size=None, n_splits=2, test_size=None), round=4, cross_validation=True, predict=True, fit_kwargs={}, groups=None, refit=False, probability_threshold=None, experiment_custom_tags=None, verbose=False, system=False, add_to_model_list=True, metrics=None, display=<pycaret.internal.display.display.CommonDisplay object at 0x71d43477a470>, model_only=True, return_train_score=False, error_score=0.0, kwargs={})
2024-10-04 12:29:31,151:INFO:Checking exceptions
2024-10-04 12:29:31,151:INFO:Importing libraries
2024-10-04 12:29:31,151:INFO:Copying training dataset
2024-10-04 12:29:31,154:INFO:Defining folds
2024-10-04 12:29:31,154:INFO:Declaring metric variables
2024-10-04 12:29:31,157:INFO:Importing untrained model
2024-10-04 12:29:31,160:INFO:Passive Aggressive Regressor Imported successfully
2024-10-04 12:29:31,165:INFO:Starting cross validation
2024-10-04 12:29:31,166:INFO:Cross validating with TimeSeriesSplit(gap=0, max_train_size=None, n_splits=2, test_size=None), n_jobs=-1
2024-10-04 12:29:31,200:INFO:Calculating mean and std
2024-10-04 12:29:31,201:INFO:Creating metrics dataframe
2024-10-04 12:29:31,202:INFO:Uploading results into container
2024-10-04 12:29:31,203:INFO:Uploading model into container now
2024-10-04 12:29:31,203:INFO:_master_model_container: 9
2024-10-04 12:29:31,203:INFO:_display_container: 2
2024-10-04 12:29:31,204:INFO:PassiveAggressiveRegressor(random_state=123)
2024-10-04 12:29:31,204:INFO:create_model() successfully completed......................................
2024-10-04 12:29:31,273:INFO:SubProcess create_model() end ==================================
2024-10-04 12:29:31,273:INFO:Creating metrics dataframe
2024-10-04 12:29:31,280:INFO:Initializing Huber Regressor
2024-10-04 12:29:31,280:INFO:Total runtime is 0.0666159152984619 minutes
2024-10-04 12:29:31,283:INFO:SubProcess create_model() called ==================================
2024-10-04 12:29:31,284:INFO:Initializing create_model()
2024-10-04 12:29:31,284:INFO:create_model(self=<pycaret.regression.oop.RegressionExperiment object at 0x71d41af07bb0>, estimator=huber, fold=TimeSeriesSplit(gap=0, max_train_size=None, n_splits=2, test_size=None), round=4, cross_validation=True, predict=True, fit_kwargs={}, groups=None, refit=False, probability_threshold=None, experiment_custom_tags=None, verbose=False, system=False, add_to_model_list=True, metrics=None, display=<pycaret.internal.display.display.CommonDisplay object at 0x71d43477a470>, model_only=True, return_train_score=False, error_score=0.0, kwargs={})
2024-10-04 12:29:31,284:INFO:Checking exceptions
2024-10-04 12:29:31,284:INFO:Importing libraries
2024-10-04 12:29:31,284:INFO:Copying training dataset
2024-10-04 12:29:31,287:INFO:Defining folds
2024-10-04 12:29:31,287:INFO:Declaring metric variables
2024-10-04 12:29:31,290:INFO:Importing untrained model
2024-10-04 12:29:31,293:INFO:Huber Regressor Imported successfully
2024-10-04 12:29:31,299:INFO:Starting cross validation
2024-10-04 12:29:31,300:INFO:Cross validating with TimeSeriesSplit(gap=0, max_train_size=None, n_splits=2, test_size=None), n_jobs=-1
2024-10-04 12:29:31,344:WARNING:/home/vscode/.local/lib/python3.10/site-packages/sklearn/model_selection/_validation.py:547: FitFailedWarning: 
1 fits failed out of a total of 2.
The score on these train-test partitions for these parameters will be set to 0.0.
If these failures are not expected, you can try to debug them by setting error_score='raise'.

Below are more details about the failures:
--------------------------------------------------------------------------------
1 fits failed with the following error:
Traceback (most recent call last):
  File "/home/vscode/.local/lib/python3.10/site-packages/sklearn/model_selection/_validation.py", line 895, in _fit_and_score
    estimator.fit(X_train, y_train, **fit_params)
  File "/home/vscode/.local/lib/python3.10/site-packages/pycaret/internal/pipeline.py", line 278, in fit
    fitted_estimator = self._memory_fit(
  File "/home/vscode/.local/lib/python3.10/site-packages/joblib/memory.py", line 353, in __call__
    return self.func(*args, **kwargs)
  File "/home/vscode/.local/lib/python3.10/site-packages/pycaret/internal/pipeline.py", line 69, in _fit_one
    transformer.fit(*args)
  File "/home/vscode/.local/lib/python3.10/site-packages/sklearn/base.py", line 1474, in wrapper
    return fit_method(estimator, *args, **kwargs)
  File "/home/vscode/.local/lib/python3.10/site-packages/sklearn/linear_model/_huber.py", line 338, in fit
    raise ValueError(
ValueError: HuberRegressor convergence failed: l-BFGS-b solver terminated with ABNORMAL_TERMINATION_IN_LNSRCH

  warnings.warn(some_fits_failed_message, FitFailedWarning)

2024-10-04 12:29:31,344:INFO:Calculating mean and std
2024-10-04 12:29:31,345:INFO:Creating metrics dataframe
2024-10-04 12:29:31,346:INFO:Uploading results into container
2024-10-04 12:29:31,347:INFO:Uploading model into container now
2024-10-04 12:29:31,347:INFO:_master_model_container: 10
2024-10-04 12:29:31,347:INFO:_display_container: 2
2024-10-04 12:29:31,348:INFO:HuberRegressor()
2024-10-04 12:29:31,348:INFO:create_model() successfully completed......................................
2024-10-04 12:29:31,416:WARNING:create_model() for HuberRegressor() raised an exception or returned all 0.0, trying without fit_kwargs:
2024-10-04 12:29:31,417:WARNING:Traceback (most recent call last):
  File "/home/vscode/.local/lib/python3.10/site-packages/pycaret/internal/pycaret_experiment/supervised_experiment.py", line 797, in compare_models
    np.sum(
AssertionError

2024-10-04 12:29:31,417:INFO:Initializing create_model()
2024-10-04 12:29:31,417:INFO:create_model(self=<pycaret.regression.oop.RegressionExperiment object at 0x71d41af07bb0>, estimator=huber, fold=TimeSeriesSplit(gap=0, max_train_size=None, n_splits=2, test_size=None), round=4, cross_validation=True, predict=True, fit_kwargs={}, groups=None, refit=False, probability_threshold=None, experiment_custom_tags=None, verbose=False, system=False, add_to_model_list=True, metrics=None, display=<pycaret.internal.display.display.CommonDisplay object at 0x71d43477a470>, model_only=True, return_train_score=False, error_score=0.0, kwargs={})
2024-10-04 12:29:31,418:INFO:Checking exceptions
2024-10-04 12:29:31,418:INFO:Importing libraries
2024-10-04 12:29:31,418:INFO:Copying training dataset
2024-10-04 12:29:31,421:INFO:Defining folds
2024-10-04 12:29:31,421:INFO:Declaring metric variables
2024-10-04 12:29:31,424:INFO:Importing untrained model
2024-10-04 12:29:31,427:INFO:Huber Regressor Imported successfully
2024-10-04 12:29:31,432:INFO:Starting cross validation
2024-10-04 12:29:31,433:INFO:Cross validating with TimeSeriesSplit(gap=0, max_train_size=None, n_splits=2, test_size=None), n_jobs=-1
2024-10-04 12:29:31,467:WARNING:/home/vscode/.local/lib/python3.10/site-packages/sklearn/model_selection/_validation.py:547: FitFailedWarning: 
1 fits failed out of a total of 2.
The score on these train-test partitions for these parameters will be set to 0.0.
If these failures are not expected, you can try to debug them by setting error_score='raise'.

Below are more details about the failures:
--------------------------------------------------------------------------------
1 fits failed with the following error:
Traceback (most recent call last):
  File "/home/vscode/.local/lib/python3.10/site-packages/sklearn/model_selection/_validation.py", line 895, in _fit_and_score
    estimator.fit(X_train, y_train, **fit_params)
  File "/home/vscode/.local/lib/python3.10/site-packages/pycaret/internal/pipeline.py", line 278, in fit
    fitted_estimator = self._memory_fit(
  File "/home/vscode/.local/lib/python3.10/site-packages/joblib/memory.py", line 353, in __call__
    return self.func(*args, **kwargs)
  File "/home/vscode/.local/lib/python3.10/site-packages/pycaret/internal/pipeline.py", line 69, in _fit_one
    transformer.fit(*args)
  File "/home/vscode/.local/lib/python3.10/site-packages/sklearn/base.py", line 1474, in wrapper
    return fit_method(estimator, *args, **kwargs)
  File "/home/vscode/.local/lib/python3.10/site-packages/sklearn/linear_model/_huber.py", line 338, in fit
    raise ValueError(
ValueError: HuberRegressor convergence failed: l-BFGS-b solver terminated with ABNORMAL_TERMINATION_IN_LNSRCH

  warnings.warn(some_fits_failed_message, FitFailedWarning)

2024-10-04 12:29:31,467:INFO:Calculating mean and std
2024-10-04 12:29:31,468:INFO:Creating metrics dataframe
2024-10-04 12:29:31,469:INFO:Uploading results into container
2024-10-04 12:29:31,470:INFO:Uploading model into container now
2024-10-04 12:29:31,470:INFO:_master_model_container: 11
2024-10-04 12:29:31,470:INFO:_display_container: 2
2024-10-04 12:29:31,471:INFO:HuberRegressor()
2024-10-04 12:29:31,471:INFO:create_model() successfully completed......................................
2024-10-04 12:29:31,538:ERROR:create_model() for HuberRegressor() raised an exception or returned all 0.0:
2024-10-04 12:29:31,538:ERROR:Traceback (most recent call last):
  File "/home/vscode/.local/lib/python3.10/site-packages/pycaret/internal/pycaret_experiment/supervised_experiment.py", line 797, in compare_models
    np.sum(
AssertionError

During handling of the above exception, another exception occurred:

Traceback (most recent call last):
  File "/home/vscode/.local/lib/python3.10/site-packages/pycaret/internal/pycaret_experiment/supervised_experiment.py", line 818, in compare_models
    np.sum(
AssertionError

2024-10-04 12:29:31,538:INFO:Initializing K Neighbors Regressor
2024-10-04 12:29:31,538:INFO:Total runtime is 0.070920725663503 minutes
2024-10-04 12:29:31,541:INFO:SubProcess create_model() called ==================================
2024-10-04 12:29:31,542:INFO:Initializing create_model()
2024-10-04 12:29:31,542:INFO:create_model(self=<pycaret.regression.oop.RegressionExperiment object at 0x71d41af07bb0>, estimator=knn, fold=TimeSeriesSplit(gap=0, max_train_size=None, n_splits=2, test_size=None), round=4, cross_validation=True, predict=True, fit_kwargs={}, groups=None, refit=False, probability_threshold=None, experiment_custom_tags=None, verbose=False, system=False, add_to_model_list=True, metrics=None, display=<pycaret.internal.display.display.CommonDisplay object at 0x71d43477a470>, model_only=True, return_train_score=False, error_score=0.0, kwargs={})
2024-10-04 12:29:31,542:INFO:Checking exceptions
2024-10-04 12:29:31,542:INFO:Importing libraries
2024-10-04 12:29:31,542:INFO:Copying training dataset
2024-10-04 12:29:31,545:INFO:Defining folds
2024-10-04 12:29:31,545:INFO:Declaring metric variables
2024-10-04 12:29:31,548:INFO:Importing untrained model
2024-10-04 12:29:31,551:INFO:K Neighbors Regressor Imported successfully
2024-10-04 12:29:31,557:INFO:Starting cross validation
2024-10-04 12:29:31,557:INFO:Cross validating with TimeSeriesSplit(gap=0, max_train_size=None, n_splits=2, test_size=None), n_jobs=-1
2024-10-04 12:29:31,602:INFO:Calculating mean and std
2024-10-04 12:29:31,602:INFO:Creating metrics dataframe
2024-10-04 12:29:31,604:INFO:Uploading results into container
2024-10-04 12:29:31,605:INFO:Uploading model into container now
2024-10-04 12:29:31,605:INFO:_master_model_container: 12
2024-10-04 12:29:31,605:INFO:_display_container: 2
2024-10-04 12:29:31,605:INFO:KNeighborsRegressor(n_jobs=-1)
2024-10-04 12:29:31,605:INFO:create_model() successfully completed......................................
2024-10-04 12:29:31,688:INFO:SubProcess create_model() end ==================================
2024-10-04 12:29:31,688:INFO:Creating metrics dataframe
2024-10-04 12:29:31,695:INFO:Initializing Decision Tree Regressor
2024-10-04 12:29:31,696:INFO:Total runtime is 0.07354230880737304 minutes
2024-10-04 12:29:31,699:INFO:SubProcess create_model() called ==================================
2024-10-04 12:29:31,699:INFO:Initializing create_model()
2024-10-04 12:29:31,699:INFO:create_model(self=<pycaret.regression.oop.RegressionExperiment object at 0x71d41af07bb0>, estimator=dt, fold=TimeSeriesSplit(gap=0, max_train_size=None, n_splits=2, test_size=None), round=4, cross_validation=True, predict=True, fit_kwargs={}, groups=None, refit=False, probability_threshold=None, experiment_custom_tags=None, verbose=False, system=False, add_to_model_list=True, metrics=None, display=<pycaret.internal.display.display.CommonDisplay object at 0x71d43477a470>, model_only=True, return_train_score=False, error_score=0.0, kwargs={})
2024-10-04 12:29:31,699:INFO:Checking exceptions
2024-10-04 12:29:31,699:INFO:Importing libraries
2024-10-04 12:29:31,699:INFO:Copying training dataset
2024-10-04 12:29:31,702:INFO:Defining folds
2024-10-04 12:29:31,703:INFO:Declaring metric variables
2024-10-04 12:29:31,706:INFO:Importing untrained model
2024-10-04 12:29:31,709:INFO:Decision Tree Regressor Imported successfully
2024-10-04 12:29:31,714:INFO:Starting cross validation
2024-10-04 12:29:31,715:INFO:Cross validating with TimeSeriesSplit(gap=0, max_train_size=None, n_splits=2, test_size=None), n_jobs=-1
2024-10-04 12:29:31,750:INFO:Calculating mean and std
2024-10-04 12:29:31,750:INFO:Creating metrics dataframe
2024-10-04 12:29:31,752:INFO:Uploading results into container
2024-10-04 12:29:31,753:INFO:Uploading model into container now
2024-10-04 12:29:31,753:INFO:_master_model_container: 13
2024-10-04 12:29:31,753:INFO:_display_container: 2
2024-10-04 12:29:31,753:INFO:DecisionTreeRegressor(random_state=123)
2024-10-04 12:29:31,753:INFO:create_model() successfully completed......................................
2024-10-04 12:29:31,824:INFO:SubProcess create_model() end ==================================
2024-10-04 12:29:31,824:INFO:Creating metrics dataframe
2024-10-04 12:29:31,832:INFO:Initializing Random Forest Regressor
2024-10-04 12:29:31,832:INFO:Total runtime is 0.07581740220387777 minutes
2024-10-04 12:29:31,835:INFO:SubProcess create_model() called ==================================
2024-10-04 12:29:31,836:INFO:Initializing create_model()
2024-10-04 12:29:31,836:INFO:create_model(self=<pycaret.regression.oop.RegressionExperiment object at 0x71d41af07bb0>, estimator=rf, fold=TimeSeriesSplit(gap=0, max_train_size=None, n_splits=2, test_size=None), round=4, cross_validation=True, predict=True, fit_kwargs={}, groups=None, refit=False, probability_threshold=None, experiment_custom_tags=None, verbose=False, system=False, add_to_model_list=True, metrics=None, display=<pycaret.internal.display.display.CommonDisplay object at 0x71d43477a470>, model_only=True, return_train_score=False, error_score=0.0, kwargs={})
2024-10-04 12:29:31,836:INFO:Checking exceptions
2024-10-04 12:29:31,836:INFO:Importing libraries
2024-10-04 12:29:31,836:INFO:Copying training dataset
2024-10-04 12:29:31,839:INFO:Defining folds
2024-10-04 12:29:31,839:INFO:Declaring metric variables
2024-10-04 12:29:31,842:INFO:Importing untrained model
2024-10-04 12:29:31,845:INFO:Random Forest Regressor Imported successfully
2024-10-04 12:29:31,850:INFO:Starting cross validation
2024-10-04 12:29:31,851:INFO:Cross validating with TimeSeriesSplit(gap=0, max_train_size=None, n_splits=2, test_size=None), n_jobs=-1
2024-10-04 12:29:32,027:INFO:Calculating mean and std
2024-10-04 12:29:32,027:INFO:Creating metrics dataframe
2024-10-04 12:29:32,029:INFO:Uploading results into container
2024-10-04 12:29:32,030:INFO:Uploading model into container now
2024-10-04 12:29:32,030:INFO:_master_model_container: 14
2024-10-04 12:29:32,030:INFO:_display_container: 2
2024-10-04 12:29:32,031:INFO:RandomForestRegressor(n_jobs=-1, random_state=123)
2024-10-04 12:29:32,031:INFO:create_model() successfully completed......................................
2024-10-04 12:29:32,103:INFO:SubProcess create_model() end ==================================
2024-10-04 12:29:32,103:INFO:Creating metrics dataframe
2024-10-04 12:29:32,111:INFO:Initializing Extra Trees Regressor
2024-10-04 12:29:32,111:INFO:Total runtime is 0.08047178188959758 minutes
2024-10-04 12:29:32,114:INFO:SubProcess create_model() called ==================================
2024-10-04 12:29:32,115:INFO:Initializing create_model()
2024-10-04 12:29:32,115:INFO:create_model(self=<pycaret.regression.oop.RegressionExperiment object at 0x71d41af07bb0>, estimator=et, fold=TimeSeriesSplit(gap=0, max_train_size=None, n_splits=2, test_size=None), round=4, cross_validation=True, predict=True, fit_kwargs={}, groups=None, refit=False, probability_threshold=None, experiment_custom_tags=None, verbose=False, system=False, add_to_model_list=True, metrics=None, display=<pycaret.internal.display.display.CommonDisplay object at 0x71d43477a470>, model_only=True, return_train_score=False, error_score=0.0, kwargs={})
2024-10-04 12:29:32,115:INFO:Checking exceptions
2024-10-04 12:29:32,115:INFO:Importing libraries
2024-10-04 12:29:32,115:INFO:Copying training dataset
2024-10-04 12:29:32,118:INFO:Defining folds
2024-10-04 12:29:32,118:INFO:Declaring metric variables
2024-10-04 12:29:32,120:INFO:Importing untrained model
2024-10-04 12:29:32,123:INFO:Extra Trees Regressor Imported successfully
2024-10-04 12:29:32,128:INFO:Starting cross validation
2024-10-04 12:29:32,129:INFO:Cross validating with TimeSeriesSplit(gap=0, max_train_size=None, n_splits=2, test_size=None), n_jobs=-1
2024-10-04 12:29:32,284:INFO:Calculating mean and std
2024-10-04 12:29:32,286:INFO:Creating metrics dataframe
2024-10-04 12:29:32,287:INFO:Uploading results into container
2024-10-04 12:29:32,288:INFO:Uploading model into container now
2024-10-04 12:29:32,288:INFO:_master_model_container: 15
2024-10-04 12:29:32,289:INFO:_display_container: 2
2024-10-04 12:29:32,289:INFO:ExtraTreesRegressor(n_jobs=-1, random_state=123)
2024-10-04 12:29:32,289:INFO:create_model() successfully completed......................................
2024-10-04 12:29:32,361:INFO:SubProcess create_model() end ==================================
2024-10-04 12:29:32,361:INFO:Creating metrics dataframe
2024-10-04 12:29:32,369:INFO:Initializing AdaBoost Regressor
2024-10-04 12:29:32,370:INFO:Total runtime is 0.08477274974187216 minutes
2024-10-04 12:29:32,372:INFO:SubProcess create_model() called ==================================
2024-10-04 12:29:32,373:INFO:Initializing create_model()
2024-10-04 12:29:32,373:INFO:create_model(self=<pycaret.regression.oop.RegressionExperiment object at 0x71d41af07bb0>, estimator=ada, fold=TimeSeriesSplit(gap=0, max_train_size=None, n_splits=2, test_size=None), round=4, cross_validation=True, predict=True, fit_kwargs={}, groups=None, refit=False, probability_threshold=None, experiment_custom_tags=None, verbose=False, system=False, add_to_model_list=True, metrics=None, display=<pycaret.internal.display.display.CommonDisplay object at 0x71d43477a470>, model_only=True, return_train_score=False, error_score=0.0, kwargs={})
2024-10-04 12:29:32,373:INFO:Checking exceptions
2024-10-04 12:29:32,373:INFO:Importing libraries
2024-10-04 12:29:32,373:INFO:Copying training dataset
2024-10-04 12:29:32,376:INFO:Defining folds
2024-10-04 12:29:32,376:INFO:Declaring metric variables
2024-10-04 12:29:32,379:INFO:Importing untrained model
2024-10-04 12:29:32,381:INFO:AdaBoost Regressor Imported successfully
2024-10-04 12:29:32,388:INFO:Starting cross validation
2024-10-04 12:29:32,389:INFO:Cross validating with TimeSeriesSplit(gap=0, max_train_size=None, n_splits=2, test_size=None), n_jobs=-1
2024-10-04 12:29:32,495:INFO:Calculating mean and std
2024-10-04 12:29:32,496:INFO:Creating metrics dataframe
2024-10-04 12:29:32,497:INFO:Uploading results into container
2024-10-04 12:29:32,498:INFO:Uploading model into container now
2024-10-04 12:29:32,499:INFO:_master_model_container: 16
2024-10-04 12:29:32,499:INFO:_display_container: 2
2024-10-04 12:29:32,499:INFO:AdaBoostRegressor(random_state=123)
2024-10-04 12:29:32,499:INFO:create_model() successfully completed......................................
2024-10-04 12:29:32,575:INFO:SubProcess create_model() end ==================================
2024-10-04 12:29:32,576:INFO:Creating metrics dataframe
2024-10-04 12:29:32,584:INFO:Initializing Gradient Boosting Regressor
2024-10-04 12:29:32,584:INFO:Total runtime is 0.08835066954294842 minutes
2024-10-04 12:29:32,587:INFO:SubProcess create_model() called ==================================
2024-10-04 12:29:32,587:INFO:Initializing create_model()
2024-10-04 12:29:32,587:INFO:create_model(self=<pycaret.regression.oop.RegressionExperiment object at 0x71d41af07bb0>, estimator=gbr, fold=TimeSeriesSplit(gap=0, max_train_size=None, n_splits=2, test_size=None), round=4, cross_validation=True, predict=True, fit_kwargs={}, groups=None, refit=False, probability_threshold=None, experiment_custom_tags=None, verbose=False, system=False, add_to_model_list=True, metrics=None, display=<pycaret.internal.display.display.CommonDisplay object at 0x71d43477a470>, model_only=True, return_train_score=False, error_score=0.0, kwargs={})
2024-10-04 12:29:32,588:INFO:Checking exceptions
2024-10-04 12:29:32,588:INFO:Importing libraries
2024-10-04 12:29:32,588:INFO:Copying training dataset
2024-10-04 12:29:32,590:INFO:Defining folds
2024-10-04 12:29:32,590:INFO:Declaring metric variables
2024-10-04 12:29:32,593:INFO:Importing untrained model
2024-10-04 12:29:32,596:INFO:Gradient Boosting Regressor Imported successfully
2024-10-04 12:29:32,603:INFO:Starting cross validation
2024-10-04 12:29:32,604:INFO:Cross validating with TimeSeriesSplit(gap=0, max_train_size=None, n_splits=2, test_size=None), n_jobs=-1
2024-10-04 12:29:32,679:INFO:Calculating mean and std
2024-10-04 12:29:32,680:INFO:Creating metrics dataframe
2024-10-04 12:29:32,681:INFO:Uploading results into container
2024-10-04 12:29:32,682:INFO:Uploading model into container now
2024-10-04 12:29:32,682:INFO:_master_model_container: 17
2024-10-04 12:29:32,682:INFO:_display_container: 2
2024-10-04 12:29:32,682:INFO:GradientBoostingRegressor(random_state=123)
2024-10-04 12:29:32,682:INFO:create_model() successfully completed......................................
2024-10-04 12:29:32,753:INFO:SubProcess create_model() end ==================================
2024-10-04 12:29:32,753:INFO:Creating metrics dataframe
2024-10-04 12:29:32,761:INFO:Initializing Light Gradient Boosting Machine
2024-10-04 12:29:32,761:INFO:Total runtime is 0.09130228360493979 minutes
2024-10-04 12:29:32,764:INFO:SubProcess create_model() called ==================================
2024-10-04 12:29:32,764:INFO:Initializing create_model()
2024-10-04 12:29:32,765:INFO:create_model(self=<pycaret.regression.oop.RegressionExperiment object at 0x71d41af07bb0>, estimator=lightgbm, fold=TimeSeriesSplit(gap=0, max_train_size=None, n_splits=2, test_size=None), round=4, cross_validation=True, predict=True, fit_kwargs={}, groups=None, refit=False, probability_threshold=None, experiment_custom_tags=None, verbose=False, system=False, add_to_model_list=True, metrics=None, display=<pycaret.internal.display.display.CommonDisplay object at 0x71d43477a470>, model_only=True, return_train_score=False, error_score=0.0, kwargs={})
2024-10-04 12:29:32,765:INFO:Checking exceptions
2024-10-04 12:29:32,765:INFO:Importing libraries
2024-10-04 12:29:32,765:INFO:Copying training dataset
2024-10-04 12:29:32,768:INFO:Defining folds
2024-10-04 12:29:32,768:INFO:Declaring metric variables
2024-10-04 12:29:32,771:INFO:Importing untrained model
2024-10-04 12:29:32,774:INFO:Light Gradient Boosting Machine Imported successfully
2024-10-04 12:29:32,780:INFO:Starting cross validation
2024-10-04 12:29:32,780:INFO:Cross validating with TimeSeriesSplit(gap=0, max_train_size=None, n_splits=2, test_size=None), n_jobs=-1
2024-10-04 12:29:34,710:INFO:Calculating mean and std
2024-10-04 12:29:34,711:INFO:Creating metrics dataframe
2024-10-04 12:29:34,713:INFO:Uploading results into container
2024-10-04 12:29:34,714:INFO:Uploading model into container now
2024-10-04 12:29:34,714:INFO:_master_model_container: 18
2024-10-04 12:29:34,714:INFO:_display_container: 2
2024-10-04 12:29:34,715:INFO:LGBMRegressor(n_jobs=-1, random_state=123)
2024-10-04 12:29:34,715:INFO:create_model() successfully completed......................................
2024-10-04 12:29:34,786:INFO:SubProcess create_model() end ==================================
2024-10-04 12:29:34,786:INFO:Creating metrics dataframe
2024-10-04 12:29:34,796:INFO:Initializing Dummy Regressor
2024-10-04 12:29:34,796:INFO:Total runtime is 0.12521146138509115 minutes
2024-10-04 12:29:34,800:INFO:SubProcess create_model() called ==================================
2024-10-04 12:29:34,800:INFO:Initializing create_model()
2024-10-04 12:29:34,800:INFO:create_model(self=<pycaret.regression.oop.RegressionExperiment object at 0x71d41af07bb0>, estimator=dummy, fold=TimeSeriesSplit(gap=0, max_train_size=None, n_splits=2, test_size=None), round=4, cross_validation=True, predict=True, fit_kwargs={}, groups=None, refit=False, probability_threshold=None, experiment_custom_tags=None, verbose=False, system=False, add_to_model_list=True, metrics=None, display=<pycaret.internal.display.display.CommonDisplay object at 0x71d43477a470>, model_only=True, return_train_score=False, error_score=0.0, kwargs={})
2024-10-04 12:29:34,800:INFO:Checking exceptions
2024-10-04 12:29:34,800:INFO:Importing libraries
2024-10-04 12:29:34,800:INFO:Copying training dataset
2024-10-04 12:29:34,803:INFO:Defining folds
2024-10-04 12:29:34,803:INFO:Declaring metric variables
2024-10-04 12:29:34,805:INFO:Importing untrained model
2024-10-04 12:29:34,808:INFO:Dummy Regressor Imported successfully
2024-10-04 12:29:34,813:INFO:Starting cross validation
2024-10-04 12:29:34,814:INFO:Cross validating with TimeSeriesSplit(gap=0, max_train_size=None, n_splits=2, test_size=None), n_jobs=-1
2024-10-04 12:29:34,849:INFO:Calculating mean and std
2024-10-04 12:29:34,853:INFO:Creating metrics dataframe
2024-10-04 12:29:34,855:INFO:Uploading results into container
2024-10-04 12:29:34,856:INFO:Uploading model into container now
2024-10-04 12:29:34,856:INFO:_master_model_container: 19
2024-10-04 12:29:34,856:INFO:_display_container: 2
2024-10-04 12:29:34,856:INFO:DummyRegressor()
2024-10-04 12:29:34,856:INFO:create_model() successfully completed......................................
2024-10-04 12:29:34,932:INFO:SubProcess create_model() end ==================================
2024-10-04 12:29:34,933:INFO:Creating metrics dataframe
2024-10-04 12:29:34,944:WARNING:/home/vscode/.local/lib/python3.10/site-packages/pycaret/internal/pycaret_experiment/supervised_experiment.py:323: FutureWarning: Styler.applymap has been deprecated. Use Styler.map instead.
  master_display_.apply(

2024-10-04 12:29:34,955:INFO:Initializing create_model()
2024-10-04 12:29:34,956:INFO:create_model(self=<pycaret.regression.oop.RegressionExperiment object at 0x71d41af07bb0>, estimator=Ridge(random_state=123), fold=TimeSeriesSplit(gap=0, max_train_size=None, n_splits=2, test_size=None), round=4, cross_validation=False, predict=False, fit_kwargs={}, groups=None, refit=True, probability_threshold=None, experiment_custom_tags=None, verbose=False, system=False, add_to_model_list=True, metrics=None, display=None, model_only=True, return_train_score=False, error_score=0.0, kwargs={})
2024-10-04 12:29:34,956:INFO:Checking exceptions
2024-10-04 12:29:34,958:INFO:Importing libraries
2024-10-04 12:29:34,958:INFO:Copying training dataset
2024-10-04 12:29:34,960:INFO:Defining folds
2024-10-04 12:29:34,960:INFO:Declaring metric variables
2024-10-04 12:29:34,961:INFO:Importing untrained model
2024-10-04 12:29:34,961:INFO:Declaring custom model
2024-10-04 12:29:34,961:INFO:Ridge Regression Imported successfully
2024-10-04 12:29:34,962:INFO:Cross validation set to False
2024-10-04 12:29:34,962:INFO:Fitting Model
2024-10-04 12:29:34,973:INFO:Ridge(random_state=123)
2024-10-04 12:29:34,974:INFO:create_model() successfully completed......................................
2024-10-04 12:29:35,069:INFO:_master_model_container: 19
2024-10-04 12:29:35,069:INFO:_display_container: 2
2024-10-04 12:29:35,070:INFO:Ridge(random_state=123)
2024-10-04 12:29:35,070:INFO:compare_models() successfully completed......................................
2024-10-04 12:29:35,152:INFO:Initializing plot_model()
2024-10-04 12:29:35,152:INFO:plot_model(plot=error, fold=None, verbose=True, display=None, display_format=None, estimator=Ridge(random_state=123), feature_name=None, fit_kwargs=None, groups=None, label=False, plot_kwargs=None, save=False, scale=1, self=<pycaret.regression.oop.RegressionExperiment object at 0x71d41af07bb0>, system=True)
2024-10-04 12:29:35,152:INFO:Checking exceptions
2024-10-04 12:29:35,156:INFO:Preloading libraries
2024-10-04 12:29:35,156:INFO:Copying training dataset
2024-10-04 12:29:35,156:INFO:Plot type: error
2024-10-04 12:29:35,228:INFO:Fitting Model
2024-10-04 12:29:35,228:WARNING:/home/vscode/.local/lib/python3.10/site-packages/sklearn/base.py:493: UserWarning: X does not have valid feature names, but Ridge was fitted with feature names
  warnings.warn(

2024-10-04 12:29:35,229:INFO:Scoring test/hold-out set
2024-10-04 12:29:35,260:WARNING:findfont: Generic family 'sans-serif' not found because none of the following families were found: Arial, Liberation Sans, Bitstream Vera Sans, sans-serif
2024-10-04 12:29:35,262:WARNING:findfont: Generic family 'sans-serif' not found because none of the following families were found: Arial, Liberation Sans, Bitstream Vera Sans, sans-serif
2024-10-04 12:29:35,263:WARNING:findfont: Generic family 'sans-serif' not found because none of the following families were found: Arial, Liberation Sans, Bitstream Vera Sans, sans-serif
2024-10-04 12:29:35,263:WARNING:findfont: Generic family 'sans-serif' not found because none of the following families were found: Arial, Liberation Sans, Bitstream Vera Sans, sans-serif
2024-10-04 12:29:35,264:WARNING:findfont: Generic family 'sans-serif' not found because none of the following families were found: Arial, Liberation Sans, Bitstream Vera Sans, sans-serif
2024-10-04 12:29:35,264:WARNING:findfont: Generic family 'sans-serif' not found because none of the following families were found: Arial, Liberation Sans, Bitstream Vera Sans, sans-serif
2024-10-04 12:29:35,268:WARNING:findfont: Generic family 'sans-serif' not found because none of the following families were found: Arial, Liberation Sans, Bitstream Vera Sans, sans-serif
2024-10-04 12:29:35,269:WARNING:findfont: Font family ['sans-serif'] not found. Falling back to DejaVu Sans.
2024-10-04 12:29:35,269:WARNING:findfont: Generic family 'sans-serif' not found because none of the following families were found: Arial, Liberation Sans, Bitstream Vera Sans, sans-serif
2024-10-04 12:29:35,319:WARNING:findfont: Generic family 'sans-serif' not found because none of the following families were found: Arial, Liberation Sans, Bitstream Vera Sans, sans-serif
2024-10-04 12:29:35,320:WARNING:findfont: Generic family 'sans-serif' not found because none of the following families were found: Arial, Liberation Sans, Bitstream Vera Sans, sans-serif
2024-10-04 12:29:35,347:WARNING:findfont: Generic family 'sans-serif' not found because none of the following families were found: Arial, Liberation Sans, Bitstream Vera Sans, sans-serif
2024-10-04 12:29:35,347:WARNING:findfont: Font family ['sans-serif'] not found. Falling back to DejaVu Sans.
2024-10-04 12:29:35,348:WARNING:findfont: Generic family 'sans-serif' not found because none of the following families were found: Arial, Liberation Sans, Bitstream Vera Sans, sans-serif
2024-10-04 12:29:35,352:WARNING:findfont: Generic family 'sans-serif' not found because none of the following families were found: Arial, Liberation Sans, Bitstream Vera Sans, sans-serif
2024-10-04 12:29:35,353:WARNING:findfont: Generic family 'sans-serif' not found because none of the following families were found: Arial, Liberation Sans, Bitstream Vera Sans, sans-serif
2024-10-04 12:29:35,353:WARNING:findfont: Generic family 'sans-serif' not found because none of the following families were found: Arial, Liberation Sans, Bitstream Vera Sans, sans-serif
2024-10-04 12:29:35,354:WARNING:findfont: Generic family 'sans-serif' not found because none of the following families were found: Arial, Liberation Sans, Bitstream Vera Sans, sans-serif
2024-10-04 12:29:35,355:WARNING:findfont: Generic family 'sans-serif' not found because none of the following families were found: Arial, Liberation Sans, Bitstream Vera Sans, sans-serif
2024-10-04 12:29:35,356:WARNING:findfont: Generic family 'sans-serif' not found because none of the following families were found: Arial, Liberation Sans, Bitstream Vera Sans, sans-serif
2024-10-04 12:29:35,356:WARNING:findfont: Generic family 'sans-serif' not found because none of the following families were found: Arial, Liberation Sans, Bitstream Vera Sans, sans-serif
2024-10-04 12:29:35,358:WARNING:findfont: Generic family 'sans-serif' not found because none of the following families were found: Arial, Liberation Sans, Bitstream Vera Sans, sans-serif
2024-10-04 12:29:35,359:WARNING:findfont: Generic family 'sans-serif' not found because none of the following families were found: Arial, Liberation Sans, Bitstream Vera Sans, sans-serif
2024-10-04 12:29:35,359:WARNING:findfont: Generic family 'sans-serif' not found because none of the following families were found: Arial, Liberation Sans, Bitstream Vera Sans, sans-serif
2024-10-04 12:29:35,360:WARNING:findfont: Generic family 'sans-serif' not found because none of the following families were found: Arial, Liberation Sans, Bitstream Vera Sans, sans-serif
2024-10-04 12:29:35,360:WARNING:findfont: Generic family 'sans-serif' not found because none of the following families were found: Arial, Liberation Sans, Bitstream Vera Sans, sans-serif
2024-10-04 12:29:35,361:WARNING:findfont: Generic family 'sans-serif' not found because none of the following families were found: Arial, Liberation Sans, Bitstream Vera Sans, sans-serif
2024-10-04 12:29:35,361:WARNING:findfont: Generic family 'sans-serif' not found because none of the following families were found: Arial, Liberation Sans, Bitstream Vera Sans, sans-serif
2024-10-04 12:29:35,364:WARNING:findfont: Generic family 'sans-serif' not found because none of the following families were found: Arial, Liberation Sans, Bitstream Vera Sans, sans-serif
2024-10-04 12:29:35,365:WARNING:findfont: Generic family 'sans-serif' not found because none of the following families were found: Arial, Liberation Sans, Bitstream Vera Sans, sans-serif
2024-10-04 12:29:35,381:WARNING:findfont: Generic family 'sans-serif' not found because none of the following families were found: Arial, Liberation Sans, Bitstream Vera Sans, sans-serif
2024-10-04 12:29:35,381:WARNING:findfont: Generic family 'sans-serif' not found because none of the following families were found: Arial, Liberation Sans, Bitstream Vera Sans, sans-serif
2024-10-04 12:29:35,381:WARNING:findfont: Generic family 'sans-serif' not found because none of the following families were found: Arial, Liberation Sans, Bitstream Vera Sans, sans-serif
2024-10-04 12:29:35,386:WARNING:findfont: Generic family 'sans-serif' not found because none of the following families were found: Arial, Liberation Sans, Bitstream Vera Sans, sans-serif
2024-10-04 12:29:35,386:WARNING:findfont: Generic family 'sans-serif' not found because none of the following families were found: Arial, Liberation Sans, Bitstream Vera Sans, sans-serif
2024-10-04 12:29:35,387:WARNING:findfont: Generic family 'sans-serif' not found because none of the following families were found: Arial, Liberation Sans, Bitstream Vera Sans, sans-serif
2024-10-04 12:29:35,403:WARNING:findfont: Generic family 'sans-serif' not found because none of the following families were found: Arial, Liberation Sans, Bitstream Vera Sans, sans-serif
2024-10-04 12:29:35,403:WARNING:findfont: Generic family 'sans-serif' not found because none of the following families were found: Arial, Liberation Sans, Bitstream Vera Sans, sans-serif
2024-10-04 12:29:35,404:WARNING:findfont: Generic family 'sans-serif' not found because none of the following families were found: Arial, Liberation Sans, Bitstream Vera Sans, sans-serif
2024-10-04 12:29:35,408:WARNING:findfont: Generic family 'sans-serif' not found because none of the following families were found: Arial, Liberation Sans, Bitstream Vera Sans, sans-serif
2024-10-04 12:29:35,408:WARNING:findfont: Generic family 'sans-serif' not found because none of the following families were found: Arial, Liberation Sans, Bitstream Vera Sans, sans-serif
2024-10-04 12:29:35,409:WARNING:findfont: Generic family 'sans-serif' not found because none of the following families were found: Arial, Liberation Sans, Bitstream Vera Sans, sans-serif
2024-10-04 12:29:35,409:WARNING:findfont: Generic family 'sans-serif' not found because none of the following families were found: Arial, Liberation Sans, Bitstream Vera Sans, sans-serif
2024-10-04 12:29:35,410:WARNING:findfont: Generic family 'sans-serif' not found because none of the following families were found: Arial, Liberation Sans, Bitstream Vera Sans, sans-serif
2024-10-04 12:29:35,410:WARNING:findfont: Generic family 'sans-serif' not found because none of the following families were found: Arial, Liberation Sans, Bitstream Vera Sans, sans-serif
2024-10-04 12:29:35,412:WARNING:findfont: Generic family 'sans-serif' not found because none of the following families were found: Arial, Liberation Sans, Bitstream Vera Sans, sans-serif
2024-10-04 12:29:35,414:WARNING:findfont: Generic family 'sans-serif' not found because none of the following families were found: Arial, Liberation Sans, Bitstream Vera Sans, sans-serif
2024-10-04 12:29:35,415:WARNING:findfont: Generic family 'sans-serif' not found because none of the following families were found: Arial, Liberation Sans, Bitstream Vera Sans, sans-serif
2024-10-04 12:29:35,418:WARNING:findfont: Generic family 'sans-serif' not found because none of the following families were found: Arial, Liberation Sans, Bitstream Vera Sans, sans-serif
2024-10-04 12:29:35,418:WARNING:findfont: Generic family 'sans-serif' not found because none of the following families were found: Arial, Liberation Sans, Bitstream Vera Sans, sans-serif
2024-10-04 12:29:35,419:WARNING:findfont: Generic family 'sans-serif' not found because none of the following families were found: Arial, Liberation Sans, Bitstream Vera Sans, sans-serif
2024-10-04 12:29:35,420:WARNING:findfont: Generic family 'sans-serif' not found because none of the following families were found: Arial, Liberation Sans, Bitstream Vera Sans, sans-serif
2024-10-04 12:29:35,421:WARNING:findfont: Generic family 'sans-serif' not found because none of the following families were found: Arial, Liberation Sans, Bitstream Vera Sans, sans-serif
2024-10-04 12:29:35,426:WARNING:findfont: Generic family 'sans-serif' not found because none of the following families were found: Arial, Liberation Sans, Bitstream Vera Sans, sans-serif
2024-10-04 12:29:35,427:WARNING:findfont: Generic family 'sans-serif' not found because none of the following families were found: Arial, Liberation Sans, Bitstream Vera Sans, sans-serif
2024-10-04 12:29:35,428:WARNING:findfont: Generic family 'sans-serif' not found because none of the following families were found: Arial, Liberation Sans, Bitstream Vera Sans, sans-serif
2024-10-04 12:29:35,429:WARNING:findfont: Generic family 'sans-serif' not found because none of the following families were found: Arial, Liberation Sans, Bitstream Vera Sans, sans-serif
2024-10-04 12:29:35,429:WARNING:findfont: Generic family 'sans-serif' not found because none of the following families were found: Arial, Liberation Sans, Bitstream Vera Sans, sans-serif
2024-10-04 12:29:35,436:WARNING:findfont: Generic family 'sans-serif' not found because none of the following families were found: Arial, Liberation Sans, Bitstream Vera Sans, sans-serif
2024-10-04 12:29:35,436:WARNING:findfont: Generic family 'sans-serif' not found because none of the following families were found: Arial, Liberation Sans, Bitstream Vera Sans, sans-serif
2024-10-04 12:29:35,440:WARNING:findfont: Generic family 'sans-serif' not found because none of the following families were found: Arial, Liberation Sans, Bitstream Vera Sans, sans-serif
2024-10-04 12:29:35,440:WARNING:findfont: Generic family 'sans-serif' not found because none of the following families were found: Arial, Liberation Sans, Bitstream Vera Sans, sans-serif
2024-10-04 12:29:35,441:WARNING:findfont: Generic family 'sans-serif' not found because none of the following families were found: Arial, Liberation Sans, Bitstream Vera Sans, sans-serif
2024-10-04 12:29:35,441:WARNING:findfont: Generic family 'sans-serif' not found because none of the following families were found: Arial, Liberation Sans, Bitstream Vera Sans, sans-serif
2024-10-04 12:29:35,442:WARNING:findfont: Generic family 'sans-serif' not found because none of the following families were found: Arial, Liberation Sans, Bitstream Vera Sans, sans-serif
2024-10-04 12:29:35,443:WARNING:findfont: Generic family 'sans-serif' not found because none of the following families were found: Arial, Liberation Sans, Bitstream Vera Sans, sans-serif
2024-10-04 12:29:35,443:WARNING:findfont: Generic family 'sans-serif' not found because none of the following families were found: Arial, Liberation Sans, Bitstream Vera Sans, sans-serif
2024-10-04 12:29:35,444:WARNING:findfont: Generic family 'sans-serif' not found because none of the following families were found: Arial, Liberation Sans, Bitstream Vera Sans, sans-serif
2024-10-04 12:29:35,445:WARNING:findfont: Generic family 'sans-serif' not found because none of the following families were found: Arial, Liberation Sans, Bitstream Vera Sans, sans-serif
2024-10-04 12:29:35,445:WARNING:findfont: Generic family 'sans-serif' not found because none of the following families were found: Arial, Liberation Sans, Bitstream Vera Sans, sans-serif
2024-10-04 12:29:35,446:WARNING:findfont: Generic family 'sans-serif' not found because none of the following families were found: Arial, Liberation Sans, Bitstream Vera Sans, sans-serif
2024-10-04 12:29:35,446:WARNING:findfont: Generic family 'sans-serif' not found because none of the following families were found: Arial, Liberation Sans, Bitstream Vera Sans, sans-serif
2024-10-04 12:29:35,446:WARNING:findfont: Generic family 'sans-serif' not found because none of the following families were found: Arial, Liberation Sans, Bitstream Vera Sans, sans-serif
2024-10-04 12:29:35,447:WARNING:findfont: Generic family 'sans-serif' not found because none of the following families were found: Arial, Liberation Sans, Bitstream Vera Sans, sans-serif
2024-10-04 12:29:35,450:WARNING:findfont: Generic family 'sans-serif' not found because none of the following families were found: Arial, Liberation Sans, Bitstream Vera Sans, sans-serif
2024-10-04 12:29:35,451:WARNING:findfont: Generic family 'sans-serif' not found because none of the following families were found: Arial, Liberation Sans, Bitstream Vera Sans, sans-serif
2024-10-04 12:29:35,451:WARNING:findfont: Generic family 'sans-serif' not found because none of the following families were found: Arial, Liberation Sans, Bitstream Vera Sans, sans-serif
2024-10-04 12:29:35,452:WARNING:findfont: Generic family 'sans-serif' not found because none of the following families were found: Arial, Liberation Sans, Bitstream Vera Sans, sans-serif
2024-10-04 12:29:35,490:INFO:Visual Rendered Successfully
2024-10-04 12:29:35,575:INFO:plot_model() successfully completed......................................
2024-10-04 12:29:35,662:INFO:Initializing predict_model()
2024-10-04 12:29:35,662:INFO:predict_model(self=<pycaret.regression.oop.RegressionExperiment object at 0x71d41af07bb0>, estimator=Ridge(random_state=123), probability_threshold=None, encoded_labels=False, raw_score=False, round=4, verbose=True, ml_usecase=None, preprocess=True, encode_labels=<function _SupervisedExperiment.predict_model.<locals>.encode_labels at 0x71d3f0733c70>)
2024-10-04 12:29:35,662:INFO:Checking exceptions
2024-10-04 12:29:35,662:INFO:Preloading libraries
2024-10-04 12:29:35,664:INFO:Set up data.
2024-10-04 12:29:35,665:INFO:Set up index.
